Starting bulk upload at Tue Dec  2 20:35:14 GMT 2025
[AE.csv] Status: 000
[AE.csv] Response: 

[AF.csv] Status: 000
[AF.csv] Response: 

[AL.csv] Status: 000
[AL.csv] Response: 

[AO.csv] Status: 000
[AO.csv] Response: 

[AR.csv] Status: 000
[AR.csv] Response: 

[AT.csv] Status: 000
[AT.csv] Response: 

[AZ.csv] Status: 000
[AZ.csv] Response: 

[BD.csv] Status: 000
[BD.csv] Response: 

[BE.csv] Status: 000
[BE.csv] Response: 

[BF.csv] Status: 000
[BF.csv] Response: 

[BG.csv] Status: 000
[BG.csv] Response: 

[BH.csv] Status: 000
[BH.csv] Response: 

[BI.csv] Status: 000
[BI.csv] Response: 

[BN.csv] Status: 000
[BN.csv] Response: 

[BO.csv] Status: 000
[BO.csv] Response: 

[BR.csv] Status: 000
[BR.csv] Response: 

[BW.csv] Status: 000
[BW.csv] Response: 

[CA.csv] Status: 000
[CA.csv] Response: 

[CH.csv] Status: 000
[CH.csv] Response: 

[CL.csv] Status: 000
[CL.csv] Response: 

[CM.csv] Status: 000
[CM.csv] Response: 

[CN.csv] Status: 000
[CN.csv] Response: 

[CO.csv] Status: 000
[CO.csv] Response: 

[CR.csv] Status: 000
[CR.csv] Response: 

[CY.csv] Status: 000
[CY.csv] Response: 

[CZ.csv] Status: 000
[CZ.csv] Response: 

[DE.csv] Status: 000
[DE.csv] Response: 

[DJ.csv] Status: 000
[DJ.csv] Response: 

[DK.csv] Status: 000
[DK.csv] Response: 

[DZ.csv] Status: 000
[DZ.csv] Response: 

[EC.csv] Status: 000
[EC.csv] Response: 

[EE.csv] Status: 000
[EE.csv] Response: 

[EG.csv] Status: 000
[EG.csv] Response: 

[ES.csv] Status: 000
[ES.csv] Response: 

[ET.csv] Status: 000
[ET.csv] Response: 

[FI.csv] Status: 000
[FI.csv] Response: 

[FJ.csv] Status: 000
[FJ.csv] Response: 

[FR.csv] Status: 000
[FR.csv] Response: 

[GB.csv] Status: 000
[GB.csv] Response: 

[GE.csv] Status: 000
[GE.csv] Response: 

[GH.csv] Status: 000
[GH.csv] Response: 

[GR.csv] Status: 000
[GR.csv] Response: 

[GT.csv] Status: 000
[GT.csv] Response: 

[HK.csv] Status: 000
[HK.csv] Response: 

[HN.csv] Status: 000
[HN.csv] Response: 

[HR.csv] Status: 000
[HR.csv] Response: 

[HT.csv] Status: 000
[HT.csv] Response: 

[HU.csv] Status: 000
[HU.csv] Response: 

[ID.csv] Status: 000
[ID.csv] Response: 

[IE.csv] Status: 000
[IE.csv] Response: 

[IL.csv] Status: 000
[IL.csv] Response: 

[IN.csv] Status: 000
[IN.csv] Response: 

[IQ.csv] Status: 000
[IQ.csv] Response: 

[IR.csv] Status: 000
[IR.csv] Response: 

[IS.csv] Status: 000
[IS.csv] Response: 

[IT.csv] Status: 000
[IT.csv] Response: 

[JM.csv] Status: 000
[JM.csv] Response: 

[JO.csv] Status: 000
[JO.csv] Response: 

[JO_with_header.csv] Status: 000
[JO_with_header.csv] Response: 

[JP.csv] Status: 000
[JP.csv] Response: 

[KH.csv] Status: 000
[KH.csv] Response: 

[KR.csv] Status: 000
[KR.csv] Response: 

[KW.csv] Status: 000
[KW.csv] Response: 

[KZ.csv] Status: 000
[KZ.csv] Response: 

[LB.csv] Status: 000
[LB.csv] Response: 

[LT.csv] Status: 000
[LT.csv] Response: 

[LU.csv] Status: 000
[LU.csv] Response: 

[LY.csv] Status: 000
[LY.csv] Response: 

[MA.csv] Status: 000
[MA.csv] Response: 

[MD.csv] Status: 000
[MD.csv] Response: 

[MO.csv] Status: 000
[MO.csv] Response: 

[MT.csv] Status: 000
[MT.csv] Response: 

[MU.csv] Status: 000
[MU.csv] Response: 

[MV.csv] Status: 000
[MV.csv] Response: 

[MX.csv] Status: 000
[MX.csv] Response: 

[MY.csv] Status: 000
[MY.csv] Response: 

