Starting bulk upload at Tue Dec  2 20:53:43 GMT 2025
[AE.csv] Status: 200
[AE.csv] Response: Reading CSV file: /Users/nykb/Desktop/name_dataset/data/AE.csv
Reading CSV file...
Parsing CSV data...
Parsed 6792773 records
Uploading to API...
Splitting into 136 chunks of max 50000 records
Uploading chunk 1/136 (50000 records)...
  ✓ Chunk 1: 0 imported, 67 skipped
Uploading chunk 2/136 (50000 records)...
  ✓ Chunk 2: 0 imported, 54 skipped
Uploading chunk 3/136 (50000 records)...
  ✓ Chunk 3: 0 imported, 60 skipped
Uploading chunk 4/136 (50000 records)...
  ✓ Chunk 4: 0 imported, 65 skipped
Uploading chunk 5/136 (50000 records)...
  ✓ Chunk 5: 0 imported, 77 skipped
Uploading chunk 6/136 (50000 records)...
  ✓ Chunk 6: 0 imported, 75 skipped
Uploading chunk 7/136 (50000 records)...
  ✓ Chunk 7: 0 imported, 51 skipped
Uploading chunk 8/136 (50000 records)...
  ✓ Chunk 8: 0 imported, 65 skipped
Uploading chunk 9/136 (50000 records)...
  ✓ Chunk 9: 0 imported, 67 skipped
Uploading chunk 10/136 (50000 records)...
  ✓ Chunk 10: 0 imported, 49 skipped
Uploading chunk 11/136 (50000 records)...
  ✓ Chunk 11: 0 imported, 54 skipped
Uploading chunk 12/136 (50000 records)...
  ✓ Chunk 12: 0 imported, 37 skipped
Uploading chunk 13/136 (50000 records)...
  ✓ Chunk 13: 0 imported, 44 skipped
Uploading chunk 14/136 (50000 records)...
  ✓ Chunk 14: 0 imported, 51 skipped
Uploading chunk 15/136 (50000 records)...
  ✓ Chunk 15: 0 imported, 61 skipped
Uploading chunk 16/136 (50000 records)...
  ✓ Chunk 16: 0 imported, 74 skipped
Uploading chunk 17/136 (50000 records)...
  ✓ Chunk 17: 0 imported, 41 skipped
Uploading chunk 18/136 (50000 records)...
  ✓ Chunk 18: 0 imported, 65 skipped
Uploading chunk 19/136 (50000 records)...
  ✓ Chunk 19: 0 imported, 49 skipped
Uploading chunk 20/136 (50000 records)...
  ✓ Chunk 20: 0 imported, 63 skipped
Uploading chunk 21/136 (50000 records)...
  ✓ Chunk 21: 0 imported, 56 skipped
Uploading chunk 22/136 (50000 records)...
  ✓ Chunk 22: 0 imported, 69 skipped
Uploading chunk 23/136 (50000 records)...
  ✓ Chunk 23: 0 imported, 50 skipped
Uploading chunk 24/136 (50000 records)...
  ✓ Chunk 24: 0 imported, 60 skipped
Uploading chunk 25/136 (50000 records)...
  ✓ Chunk 25: 0 imported, 53 skipped
Uploading chunk 26/136 (50000 records)...
  ✓ Chunk 26: 0 imported, 59 skipped
Uploading chunk 27/136 (50000 records)...
  ✓ Chunk 27: 0 imported, 47 skipped
Uploading chunk 28/136 (50000 records)...
  ✓ Chunk 28: 0 imported, 58 skipped
Uploading chunk 29/136 (50000 records)...
  ✓ Chunk 29: 0 imported, 55 skipped
Uploading chunk 30/136 (50000 records)...
  ✓ Chunk 30: 0 imported, 54 skipped
Uploading chunk 31/136 (50000 records)...
  ✓ Chunk 31: 0 imported, 55 skipped
Uploading chunk 32/136 (50000 records)...
  ✓ Chunk 32: 0 imported, 56 skipped
Uploading chunk 33/136 (50000 records)...
  ✓ Chunk 33: 0 imported, 61 skipped
Uploading chunk 34/136 (50000 records)...
  ✓ Chunk 34: 0 imported, 52 skipped
Uploading chunk 35/136 (50000 records)...
  ✓ Chunk 35: 0 imported, 67 skipped
Uploading chunk 36/136 (50000 records)...
  ✓ Chunk 36: 0 imported, 58 skipped
Uploading chunk 37/136 (50000 records)...
  ✓ Chunk 37: 0 imported, 67 skipped
Uploading chunk 38/136 (50000 records)...
  ✓ Chunk 38: 0 imported, 65 skipped
Uploading chunk 39/136 (50000 records)...
  ✓ Chunk 39: 0 imported, 57 skipped
Uploading chunk 40/136 (50000 records)...
  ✓ Chunk 40: 0 imported, 66 skipped
Uploading chunk 41/136 (50000 records)...
  ✓ Chunk 41: 0 imported, 62 skipped
Uploading chunk 42/136 (50000 records)...
  ✓ Chunk 42: 0 imported, 56 skipped
Uploading chunk 43/136 (50000 records)...
  ✓ Chunk 43: 0 imported, 56 skipped
Uploading chunk 44/136 (50000 records)...
  ✓ Chunk 44: 0 imported, 55 skipped
Uploading chunk 45/136 (50000 records)...
  ✓ Chunk 45: 0 imported, 49 skipped
Uploading chunk 46/136 (50000 records)...
  ✓ Chunk 46: 0 imported, 61 skipped
Uploading chunk 47/136 (50000 records)...
  ✓ Chunk 47: 0 imported, 53 skipped
Uploading chunk 48/136 (50000 records)...
  ✓ Chunk 48: 0 imported, 60 skipped
Uploading chunk 49/136 (50000 records)...
  ✓ Chunk 49: 0 imported, 62 skipped
Uploading chunk 50/136 (50000 records)...
  ✓ Chunk 50: 0 imported, 55 skipped
Uploading chunk 51/136 (50000 records)...
  ✓ Chunk 51: 0 imported, 57 skipped
Uploading chunk 52/136 (50000 records)...
  ✓ Chunk 52: 0 imported, 61 skipped
Uploading chunk 53/136 (50000 records)...
  ✓ Chunk 53: 0 imported, 47 skipped
Uploading chunk 54/136 (50000 records)...
  ✓ Chunk 54: 0 imported, 58 skipped
Uploading chunk 55/136 (50000 records)...
  ✓ Chunk 55: 0 imported, 59 skipped
Uploading chunk 56/136 (50000 records)...
  ✓ Chunk 56: 0 imported, 58 skipped
Uploading chunk 57/136 (50000 records)...
  ✓ Chunk 57: 0 imported, 66 skipped
Uploading chunk 58/136 (50000 records)...
  ✓ Chunk 58: 0 imported, 63 skipped
Uploading chunk 59/136 (50000 records)...
  ✓ Chunk 59: 0 imported, 57 skipped
Uploading chunk 60/136 (50000 records)...
  ✓ Chunk 60: 0 imported, 61 skipped
Uploading chunk 61/136 (50000 records)...
  ✓ Chunk 61: 0 imported, 61 skipped
Uploading chunk 62/136 (50000 records)...
  ✓ Chunk 62: 0 imported, 75 skipped
Uploading chunk 63/136 (50000 records)...
  ✓ Chunk 63: 0 imported, 59 skipped
Uploading chunk 64/136 (50000 records)...
  ✓ Chunk 64: 0 imported, 66 skipped
Uploading chunk 65/136 (50000 records)...
  ✓ Chunk 65: 0 imported, 55 skipped
Uploading chunk 66/136 (50000 records)...
  ✓ Chunk 66: 0 imported, 60 skipped
Uploading chunk 67/136 (50000 records)...
  ✓ Chunk 67: 0 imported, 72 skipped
Uploading chunk 68/136 (50000 records)...
  ✓ Chunk 68: 0 imported, 54 skipped
Uploading chunk 69/136 (50000 records)...
  ✓ Chunk 69: 0 imported, 65 skipped
Uploading chunk 70/136 (50000 records)...
  ✓ Chunk 70: 0 imported, 85 skipped
Uploading chunk 71/136 (50000 records)...
  ✓ Chunk 71: 0 imported, 58 skipped
Uploading chunk 72/136 (50000 records)...
  ✓ Chunk 72: 0 imported, 65 skipped
Uploading chunk 73/136 (50000 records)...
  ✓ Chunk 73: 0 imported, 54 skipped
Uploading chunk 74/136 (50000 records)...
  ✓ Chunk 74: 0 imported, 53 skipped
Uploading chunk 75/136 (50000 records)...
  ✓ Chunk 75: 0 imported, 52 skipped
Uploading chunk 76/136 (50000 records)...
  ✓ Chunk 76: 0 imported, 63 skipped
Uploading chunk 77/136 (50000 records)...
  ✓ Chunk 77: 0 imported, 53 skipped
Uploading chunk 78/136 (50000 records)...
  ✓ Chunk 78: 0 imported, 66 skipped
Uploading chunk 79/136 (50000 records)...
  ✓ Chunk 79: 0 imported, 75 skipped
Uploading chunk 80/136 (50000 records)...
  ✓ Chunk 80: 0 imported, 62 skipped
Uploading chunk 81/136 (50000 records)...
  ✓ Chunk 81: 0 imported, 60 skipped
Uploading chunk 82/136 (50000 records)...
  ✓ Chunk 82: 0 imported, 65 skipped
Uploading chunk 83/136 (50000 records)...
  ✓ Chunk 83: 0 imported, 65 skipped
Uploading chunk 84/136 (50000 records)...
  ✓ Chunk 84: 0 imported, 74 skipped
Uploading chunk 85/136 (50000 records)...
  ✓ Chunk 85: 0 imported, 75 skipped
Uploading chunk 86/136 (50000 records)...
  ✓ Chunk 86: 0 imported, 78 skipped
Uploading chunk 87/136 (50000 records)...
  ✓ Chunk 87: 0 imported, 67 skipped
Uploading chunk 88/136 (50000 records)...
  ✓ Chunk 88: 0 imported, 62 skipped
Uploading chunk 89/136 (50000 records)...
  ✓ Chunk 89: 0 imported, 65 skipped
Uploading chunk 90/136 (50000 records)...
  ✓ Chunk 90: 0 imported, 72 skipped
Uploading chunk 91/136 (50000 records)...
  ✓ Chunk 91: 0 imported, 66 skipped
Uploading chunk 92/136 (50000 records)...
  ✓ Chunk 92: 0 imported, 53 skipped
Uploading chunk 93/136 (50000 records)...
  ✓ Chunk 93: 0 imported, 69 skipped
Uploading chunk 94/136 (50000 records)...
  ✓ Chunk 94: 0 imported, 56 skipped
Uploading chunk 95/136 (50000 records)...
  ✓ Chunk 95: 0 imported, 50 skipped
Uploading chunk 96/136 (50000 records)...
  ✓ Chunk 96: 0 imported, 64 skipped
Uploading chunk 97/136 (50000 records)...
  ✓ Chunk 97: 0 imported, 65 skipped
Uploading chunk 98/136 (50000 records)...
  ✓ Chunk 98: 0 imported, 50 skipped
Uploading chunk 99/136 (50000 records)...
  ✓ Chunk 99: 0 imported, 70 skipped
Uploading chunk 100/136 (50000 records)...
  ✓ Chunk 100: 0 imported, 71 skipped
Uploading chunk 101/136 (50000 records)...
  ✓ Chunk 101: 0 imported, 55 skipped
Uploading chunk 102/136 (50000 records)...
  ✓ Chunk 102: 0 imported, 67 skipped
Uploading chunk 103/136 (50000 records)...
  ✓ Chunk 103: 0 imported, 51 skipped
Uploading chunk 104/136 (50000 records)...
  ✓ Chunk 104: 0 imported, 51 skipped
Uploading chunk 105/136 (50000 records)...
  ✓ Chunk 105: 0 imported, 59 skipped
Uploading chunk 106/136 (50000 records)...
  ✓ Chunk 106: 0 imported, 66 skipped
Uploading chunk 107/136 (50000 records)...
  ✓ Chunk 107: 0 imported, 60 skipped
Uploading chunk 108/136 (50000 records)...
  ✓ Chunk 108: 0 imported, 50 skipped
Uploading chunk 109/136 (50000 records)...
  ✓ Chunk 109: 0 imported, 41 skipped
Uploading chunk 110/136 (50000 records)...
  ✓ Chunk 110: 0 imported, 58 skipped
Uploading chunk 111/136 (50000 records)...
  ✓ Chunk 111: 0 imported, 61 skipped
Uploading chunk 112/136 (50000 records)...
  ✓ Chunk 112: 0 imported, 54 skipped
Uploading chunk 113/136 (50000 records)...
  ✓ Chunk 113: 0 imported, 57 skipped
Uploading chunk 114/136 (50000 records)...
  ✓ Chunk 114: 0 imported, 63 skipped
Uploading chunk 115/136 (50000 records)...
  ✓ Chunk 115: 0 imported, 58 skipped
Uploading chunk 116/136 (50000 records)...
  ✓ Chunk 116: 0 imported, 59 skipped
Uploading chunk 117/136 (50000 records)...
  ✓ Chunk 117: 0 imported, 52 skipped
Uploading chunk 118/136 (50000 records)...
  ✓ Chunk 118: 0 imported, 45 skipped
Uploading chunk 119/136 (50000 records)...
  ✓ Chunk 119: 0 imported, 53 skipped
Uploading chunk 120/136 (50000 records)...
  ✓ Chunk 120: 0 imported, 44 skipped
Uploading chunk 121/136 (50000 records)...
  ✓ Chunk 121: 0 imported, 50 skipped
Uploading chunk 122/136 (50000 records)...
  ✓ Chunk 122: 0 imported, 62 skipped
Uploading chunk 123/136 (50000 records)...
  ✓ Chunk 123: 0 imported, 55 skipped
Uploading chunk 124/136 (50000 records)...
  ✓ Chunk 124: 0 imported, 62 skipped
Uploading chunk 125/136 (50000 records)...
  ✓ Chunk 125: 0 imported, 67 skipped
Uploading chunk 126/136 (50000 records)...
  ✓ Chunk 126: 0 imported, 54 skipped
Uploading chunk 127/136 (50000 records)...
  ✓ Chunk 127: 0 imported, 64 skipped
Uploading chunk 128/136 (50000 records)...
  ✓ Chunk 128: 0 imported, 63 skipped
Uploading chunk 129/136 (50000 records)...
  ✓ Chunk 129: 0 imported, 47 skipped
Uploading chunk 130/136 (50000 records)...
  ✓ Chunk 130: 0 imported, 60 skipped
Uploading chunk 131/136 (50000 records)...
  ✓ Chunk 131: 0 imported, 59 skipped
Uploading chunk 132/136 (50000 records)...
  ✓ Chunk 132: 0 imported, 43 skipped
Uploading chunk 133/136 (50000 records)...
  ✓ Chunk 133: 0 imported, 57 skipped
Uploading chunk 134/136 (50000 records)...
  ✓ Chunk 134: 0 imported, 59 skipped
Uploading chunk 135/136 (50000 records)...
  ✓ Chunk 135: 0 imported, 59 skipped
Uploading chunk 136/136 (42773 records)...
  ✓ Chunk 136: 0 imported, 51 skipped
{"success":true,"imported":0,"skipped":8056,"chunks":136}

[AF.csv] Status: 200
[AF.csv] Response: Reading CSV file: /Users/nykb/Desktop/name_dataset/data/AF.csv
Reading CSV file...
Parsing CSV data...
Parsed 558327 records
Uploading to API...
Splitting into 12 chunks of max 50000 records
Uploading chunk 1/12 (50000 records)...
  ✓ Chunk 1: 0 imported, 86 skipped
Uploading chunk 2/12 (50000 records)...
  ✓ Chunk 2: 0 imported, 76 skipped
Uploading chunk 3/12 (50000 records)...
  ✓ Chunk 3: 0 imported, 80 skipped
Uploading chunk 4/12 (50000 records)...
  ✓ Chunk 4: 0 imported, 84 skipped
Uploading chunk 5/12 (50000 records)...
  ✓ Chunk 5: 0 imported, 77 skipped
Uploading chunk 6/12 (50000 records)...
  ✓ Chunk 6: 0 imported, 87 skipped
Uploading chunk 7/12 (50000 records)...
  ✓ Chunk 7: 0 imported, 76 skipped
Uploading chunk 8/12 (50000 records)...
  ✓ Chunk 8: 0 imported, 81 skipped
Uploading chunk 9/12 (50000 records)...
  ✓ Chunk 9: 0 imported, 75 skipped
Uploading chunk 10/12 (50000 records)...
  ✓ Chunk 10: 0 imported, 72 skipped
Uploading chunk 11/12 (50000 records)...
  ✓ Chunk 11: 0 imported, 66 skipped
Uploading chunk 12/12 (8327 records)...
  ✓ Chunk 12: 0 imported, 14 skipped
{"success":true,"imported":0,"skipped":874,"chunks":12}

[AL.csv] Status: 200
[AL.csv] Response: Reading CSV file: /Users/nykb/Desktop/name_dataset/data/AL.csv
Reading CSV file...
Parsing CSV data...
Parsed 506582 records
Uploading to API...
Splitting into 11 chunks of max 50000 records
Uploading chunk 1/11 (50000 records)...
  ✓ Chunk 1: 0 imported, 19 skipped
Uploading chunk 2/11 (50000 records)...
  ✓ Chunk 2: 0 imported, 30 skipped
Uploading chunk 3/11 (50000 records)...
  ✓ Chunk 3: 0 imported, 25 skipped
Uploading chunk 4/11 (50000 records)...
  ✓ Chunk 4: 0 imported, 39 skipped
Uploading chunk 5/11 (50000 records)...
  ✓ Chunk 5: 0 imported, 25 skipped
Uploading chunk 6/11 (50000 records)...
  ✓ Chunk 6: 0 imported, 22 skipped
Uploading chunk 7/11 (50000 records)...
  ✓ Chunk 7: 0 imported, 27 skipped
Uploading chunk 8/11 (50000 records)...
  ✓ Chunk 8: 0 imported, 25 skipped
Uploading chunk 9/11 (50000 records)...
  ✓ Chunk 9: 0 imported, 29 skipped
Uploading chunk 10/11 (50000 records)...
  ✓ Chunk 10: 0 imported, 25 skipped
Uploading chunk 11/11 (6582 records)...
  ✓ Chunk 11: 0 imported, 1 skipped
{"success":true,"imported":0,"skipped":267,"chunks":11}

[AO.csv] Status: 200
[AO.csv] Response: Reading CSV file: /Users/nykb/Desktop/name_dataset/data/AO.csv
Reading CSV file...
Parsing CSV data...
Parsed 508751 records
Uploading to API...
Splitting into 11 chunks of max 50000 records
Uploading chunk 1/11 (50000 records)...
  ✓ Chunk 1: 0 imported, 90 skipped
Uploading chunk 2/11 (50000 records)...
  ✓ Chunk 2: 0 imported, 96 skipped
Uploading chunk 3/11 (50000 records)...
  ✓ Chunk 3: 0 imported, 85 skipped
Uploading chunk 4/11 (50000 records)...
  ✓ Chunk 4: 0 imported, 88 skipped
Uploading chunk 5/11 (50000 records)...
  ✓ Chunk 5: 0 imported, 74 skipped
Uploading chunk 6/11 (50000 records)...
  ✓ Chunk 6: 0 imported, 99 skipped
Uploading chunk 7/11 (50000 records)...
  ✓ Chunk 7: 0 imported, 68 skipped
Uploading chunk 8/11 (50000 records)...
  ✓ Chunk 8: 0 imported, 81 skipped
Uploading chunk 9/11 (50000 records)...
  ✓ Chunk 9: 0 imported, 87 skipped
Uploading chunk 10/11 (50000 records)...
  ✓ Chunk 10: 0 imported, 90 skipped
Uploading chunk 11/11 (8751 records)...
  ✓ Chunk 11: 0 imported, 18 skipped
{"success":true,"imported":0,"skipped":876,"chunks":11}

[AR.csv] Status: 200
[AR.csv] Response: Reading CSV file: /Users/nykb/Desktop/name_dataset/data/AR.csv
Reading CSV file...
Parsing CSV data...
Parsed 2339235 records
Uploading to API...
Splitting into 47 chunks of max 50000 records
Uploading chunk 1/47 (50000 records)...
  ✓ Chunk 1: 0 imported, 42 skipped
Uploading chunk 2/47 (50000 records)...
  ✓ Chunk 2: 0 imported, 56 skipped
Uploading chunk 3/47 (50000 records)...
  ✓ Chunk 3: 0 imported, 36 skipped
Uploading chunk 4/47 (50000 records)...
  ✓ Chunk 4: 0 imported, 55 skipped
Uploading chunk 5/47 (50000 records)...
  ✓ Chunk 5: 0 imported, 60 skipped
Uploading chunk 6/47 (50000 records)...
  ✓ Chunk 6: 0 imported, 54 skipped
Uploading chunk 7/47 (50000 records)...
  ✓ Chunk 7: 0 imported, 57 skipped
Uploading chunk 8/47 (50000 records)...
  ✓ Chunk 8: 0 imported, 53 skipped
Uploading chunk 9/47 (50000 records)...
  ✓ Chunk 9: 0 imported, 64 skipped
Uploading chunk 10/47 (50000 records)...
  ✓ Chunk 10: 0 imported, 134 skipped
Uploading chunk 11/47 (50000 records)...
  ✓ Chunk 11: 0 imported, 98 skipped
Uploading chunk 12/47 (50000 records)...
  ✓ Chunk 12: 0 imported, 82 skipped
Uploading chunk 13/47 (50000 records)...
  ✓ Chunk 13: 0 imported, 87 skipped
Uploading chunk 14/47 (50000 records)...
  ✓ Chunk 14: 0 imported, 94 skipped
Uploading chunk 15/47 (50000 records)...
  ✓ Chunk 15: 0 imported, 65 skipped
Uploading chunk 16/47 (50000 records)...
  ✓ Chunk 16: 0 imported, 70 skipped
Uploading chunk 17/47 (50000 records)...
  ✓ Chunk 17: 0 imported, 82 skipped
Uploading chunk 18/47 (50000 records)...
  ✓ Chunk 18: 0 imported, 73 skipped
Uploading chunk 19/47 (50000 records)...
  ✓ Chunk 19: 0 imported, 71 skipped
Uploading chunk 20/47 (50000 records)...
  ✓ Chunk 20: 0 imported, 52 skipped
Uploading chunk 21/47 (50000 records)...
  ✓ Chunk 21: 0 imported, 59 skipped
Uploading chunk 22/47 (50000 records)...
  ✓ Chunk 22: 0 imported, 76 skipped
Uploading chunk 23/47 (50000 records)...
  ✓ Chunk 23: 0 imported, 84 skipped
Uploading chunk 24/47 (50000 records)...
  ✓ Chunk 24: 0 imported, 57 skipped
Uploading chunk 25/47 (50000 records)...
  ✓ Chunk 25: 0 imported, 79 skipped
Uploading chunk 26/47 (50000 records)...
  ✓ Chunk 26: 0 imported, 68 skipped
Uploading chunk 27/47 (50000 records)...
  ✓ Chunk 27: 0 imported, 70 skipped
Uploading chunk 28/47 (50000 records)...
  ✓ Chunk 28: 0 imported, 87 skipped
Uploading chunk 29/47 (50000 records)...
  ✓ Chunk 29: 0 imported, 77 skipped
Uploading chunk 30/47 (50000 records)...
  ✓ Chunk 30: 0 imported, 79 skipped
Uploading chunk 31/47 (50000 records)...
  ✓ Chunk 31: 0 imported, 57 skipped
Uploading chunk 32/47 (50000 records)...
  ✓ Chunk 32: 0 imported, 63 skipped
Uploading chunk 33/47 (50000 records)...
  ✓ Chunk 33: 0 imported, 71 skipped
Uploading chunk 34/47 (50000 records)...
  ✓ Chunk 34: 0 imported, 66 skipped
Uploading chunk 35/47 (50000 records)...
  ✓ Chunk 35: 0 imported, 78 skipped
Uploading chunk 36/47 (50000 records)...
  ✓ Chunk 36: 0 imported, 67 skipped
Uploading chunk 37/47 (50000 records)...
  ✓ Chunk 37: 0 imported, 76 skipped
Uploading chunk 38/47 (50000 records)...
  ✓ Chunk 38: 0 imported, 94 skipped
Uploading chunk 39/47 (50000 records)...
  ✓ Chunk 39: 0 imported, 84 skipped
Uploading chunk 40/47 (50000 records)...
  ✓ Chunk 40: 0 imported, 44 skipped
Uploading chunk 41/47 (50000 records)...
  ✓ Chunk 41: 0 imported, 105 skipped
Uploading chunk 42/47 (50000 records)...
  ✓ Chunk 42: 0 imported, 185 skipped
Uploading chunk 43/47 (50000 records)...
  ✓ Chunk 43: 0 imported, 77 skipped
Uploading chunk 44/47 (50000 records)...
  ✓ Chunk 44: 0 imported, 63 skipped
Uploading chunk 45/47 (50000 records)...
  ✓ Chunk 45: 0 imported, 70 skipped
Uploading chunk 46/47 (50000 records)...
  ✓ Chunk 46: 0 imported, 88 skipped
Uploading chunk 47/47 (39235 records)...
  ✓ Chunk 47: 0 imported, 52 skipped
{"success":true,"imported":0,"skipped":3461,"chunks":47}

