Starting bulk upload at Tue Dec  2 21:19:49 GMT 2025
[AE.csv] Status: 200
[AE.csv] Response: Reading CSV file: /Users/nykb/Desktop/name_dataset/data/AE.csv
Reading CSV file...
Parsing CSV data...
Parsed 6792773 records
Uploading to API...
Splitting into 136 chunks of max 50000 records
Uploading chunk 1/136 (50000 records)...
  ✓ Chunk 1: 24016 imported, 25984 skipped
Uploading chunk 2/136 (50000 records)...
  ✓ Chunk 2: 35264 imported, 14736 skipped
Uploading chunk 3/136 (50000 records)...
  ✓ Chunk 3: 30187 imported, 19813 skipped
Uploading chunk 4/136 (50000 records)...
  ✓ Chunk 4: 28431 imported, 21569 skipped
Uploading chunk 5/136 (50000 records)...
  ✓ Chunk 5: 27712 imported, 22288 skipped
Uploading chunk 6/136 (50000 records)...
  ✓ Chunk 6: 26358 imported, 23642 skipped
Uploading chunk 7/136 (50000 records)...
  ✓ Chunk 7: 24553 imported, 25447 skipped
Uploading chunk 8/136 (50000 records)...
  ✓ Chunk 8: 25619 imported, 24381 skipped
Uploading chunk 9/136 (50000 records)...
  ✓ Chunk 9: 27115 imported, 22885 skipped
Uploading chunk 10/136 (50000 records)...
  ✓ Chunk 10: 24960 imported, 25040 skipped
Uploading chunk 11/136 (50000 records)...
  ✓ Chunk 11: 23511 imported, 26489 skipped
Uploading chunk 12/136 (50000 records)...
  ✓ Chunk 12: 23352 imported, 26648 skipped
Uploading chunk 13/136 (50000 records)...
  ✓ Chunk 13: 24373 imported, 25627 skipped
Uploading chunk 14/136 (50000 records)...
  ✓ Chunk 14: 23049 imported, 26951 skipped
Uploading chunk 15/136 (50000 records)...
  ✓ Chunk 15: 21898 imported, 28102 skipped
Uploading chunk 16/136 (50000 records)...
  ✓ Chunk 16: 21053 imported, 28947 skipped
Uploading chunk 17/136 (50000 records)...
  ✓ Chunk 17: 20662 imported, 29338 skipped
Uploading chunk 18/136 (50000 records)...
  ✓ Chunk 18: 20037 imported, 29963 skipped
Uploading chunk 19/136 (50000 records)...
  ✓ Chunk 19: 19702 imported, 30298 skipped
Uploading chunk 20/136 (50000 records)...
  ✓ Chunk 20: 19694 imported, 30306 skipped
Uploading chunk 21/136 (50000 records)...
  ✓ Chunk 21: 19814 imported, 30186 skipped
Uploading chunk 22/136 (50000 records)...
  ✓ Chunk 22: 18264 imported, 31736 skipped
Uploading chunk 23/136 (50000 records)...
  ✓ Chunk 23: 18656 imported, 31344 skipped
Uploading chunk 24/136 (50000 records)...
  ✓ Chunk 24: 19717 imported, 30283 skipped
Uploading chunk 25/136 (50000 records)...
  ✓ Chunk 25: 19448 imported, 30552 skipped
Uploading chunk 26/136 (50000 records)...
  ✓ Chunk 26: 19642 imported, 30358 skipped
Uploading chunk 27/136 (50000 records)...
  ✓ Chunk 27: 19403 imported, 30597 skipped
Uploading chunk 28/136 (50000 records)...
  ✓ Chunk 28: 19561 imported, 30439 skipped
Uploading chunk 29/136 (50000 records)...
  ✓ Chunk 29: 19424 imported, 30576 skipped
Uploading chunk 30/136 (50000 records)...
  ✓ Chunk 30: 16615 imported, 33385 skipped
Uploading chunk 31/136 (50000 records)...
  ✓ Chunk 31: 16301 imported, 33699 skipped
Uploading chunk 32/136 (50000 records)...
  ✓ Chunk 32: 16157 imported, 33843 skipped
Uploading chunk 33/136 (50000 records)...
  ✓ Chunk 33: 16287 imported, 33713 skipped
Uploading chunk 34/136 (50000 records)...
  ✓ Chunk 34: 16215 imported, 33785 skipped
Uploading chunk 35/136 (50000 records)...
  ✓ Chunk 35: 15843 imported, 34157 skipped
Uploading chunk 36/136 (50000 records)...
  ✓ Chunk 36: 16219 imported, 33781 skipped
Uploading chunk 37/136 (50000 records)...
  ✓ Chunk 37: 16054 imported, 33946 skipped
Uploading chunk 38/136 (50000 records)...
  ✓ Chunk 38: 16049 imported, 33951 skipped
Uploading chunk 39/136 (50000 records)...
  ✓ Chunk 39: 15329 imported, 34671 skipped
Uploading chunk 40/136 (50000 records)...
  ✓ Chunk 40: 15569 imported, 34431 skipped
Uploading chunk 41/136 (50000 records)...
  ✓ Chunk 41: 15062 imported, 34938 skipped
Uploading chunk 42/136 (50000 records)...
  ✓ Chunk 42: 15294 imported, 34706 skipped
Uploading chunk 43/136 (50000 records)...
  ✓ Chunk 43: 14898 imported, 35102 skipped
Uploading chunk 44/136 (50000 records)...
  ✓ Chunk 44: 14893 imported, 35107 skipped
Uploading chunk 45/136 (50000 records)...
  ✓ Chunk 45: 15027 imported, 34973 skipped
Uploading chunk 46/136 (50000 records)...
  ✓ Chunk 46: 14687 imported, 35313 skipped
Uploading chunk 47/136 (50000 records)...
  ✓ Chunk 47: 14719 imported, 35281 skipped
Uploading chunk 48/136 (50000 records)...
  ✓ Chunk 48: 14583 imported, 35417 skipped
Uploading chunk 49/136 (50000 records)...
  ✓ Chunk 49: 14276 imported, 35724 skipped
Uploading chunk 50/136 (50000 records)...
  ✓ Chunk 50: 14472 imported, 35528 skipped
Uploading chunk 51/136 (50000 records)...
  ✓ Chunk 51: 14499 imported, 35501 skipped
Uploading chunk 52/136 (50000 records)...
  ✓ Chunk 52: 14541 imported, 35459 skipped
Uploading chunk 53/136 (50000 records)...
  ✓ Chunk 53: 14329 imported, 35671 skipped
Uploading chunk 54/136 (50000 records)...
  ✓ Chunk 54: 14866 imported, 35134 skipped
Uploading chunk 55/136 (50000 records)...
  ✓ Chunk 55: 14617 imported, 35383 skipped
Uploading chunk 56/136 (50000 records)...
  ✓ Chunk 56: 14734 imported, 35266 skipped
Uploading chunk 57/136 (50000 records)...
  ✓ Chunk 57: 14606 imported, 35394 skipped
Uploading chunk 58/136 (50000 records)...
  ✓ Chunk 58: 14821 imported, 35179 skipped
Uploading chunk 59/136 (50000 records)...
  ✓ Chunk 59: 15611 imported, 34389 skipped
Uploading chunk 60/136 (50000 records)...
  ✓ Chunk 60: 15710 imported, 34290 skipped
Uploading chunk 61/136 (50000 records)...
  ✓ Chunk 61: 15532 imported, 34468 skipped
Uploading chunk 62/136 (50000 records)...
  ✓ Chunk 62: 14941 imported, 35059 skipped
Uploading chunk 63/136 (50000 records)...
  ✓ Chunk 63: 15199 imported, 34801 skipped
Uploading chunk 64/136 (50000 records)...
  ✓ Chunk 64: 14779 imported, 35221 skipped
Uploading chunk 65/136 (50000 records)...
  ✓ Chunk 65: 15535 imported, 34465 skipped
Uploading chunk 66/136 (50000 records)...
  ✓ Chunk 66: 15388 imported, 34612 skipped
Uploading chunk 67/136 (50000 records)...
  ✓ Chunk 67: 15339 imported, 34661 skipped
Uploading chunk 68/136 (50000 records)...
  ✓ Chunk 68: 15105 imported, 34895 skipped
Uploading chunk 69/136 (50000 records)...
  ✓ Chunk 69: 14469 imported, 35531 skipped
Uploading chunk 70/136 (50000 records)...
  ✓ Chunk 70: 14568 imported, 35432 skipped
Uploading chunk 71/136 (50000 records)...
  ✓ Chunk 71: 14499 imported, 35501 skipped
Uploading chunk 72/136 (50000 records)...
  ✓ Chunk 72: 14175 imported, 35825 skipped
Uploading chunk 73/136 (50000 records)...
  ✓ Chunk 73: 14303 imported, 35697 skipped
Uploading chunk 74/136 (50000 records)...
  ✓ Chunk 74: 14279 imported, 35721 skipped
Uploading chunk 75/136 (50000 records)...
  ✓ Chunk 75: 14971 imported, 35029 skipped
Uploading chunk 76/136 (50000 records)...
  ✓ Chunk 76: 14559 imported, 35441 skipped
Uploading chunk 77/136 (50000 records)...
  ✓ Chunk 77: 12994 imported, 37006 skipped
Uploading chunk 78/136 (50000 records)...
  ✓ Chunk 78: 13255 imported, 36745 skipped
Uploading chunk 79/136 (50000 records)...
  ✓ Chunk 79: 13072 imported, 36928 skipped
Uploading chunk 80/136 (50000 records)...
  ✓ Chunk 80: 12583 imported, 37417 skipped
Uploading chunk 81/136 (50000 records)...
  ✓ Chunk 81: 12767 imported, 37233 skipped
Uploading chunk 82/136 (50000 records)...
  ✓ Chunk 82: 12832 imported, 37168 skipped
Uploading chunk 83/136 (50000 records)...
  ✓ Chunk 83: 12828 imported, 37172 skipped
Uploading chunk 84/136 (50000 records)...
  ✓ Chunk 84: 12670 imported, 37330 skipped
Uploading chunk 85/136 (50000 records)...
  ✓ Chunk 85: 11769 imported, 38231 skipped
Uploading chunk 86/136 (50000 records)...
  ✓ Chunk 86: 12370 imported, 37630 skipped
Uploading chunk 87/136 (50000 records)...
  ✓ Chunk 87: 12428 imported, 37572 skipped
Uploading chunk 88/136 (50000 records)...
  ✓ Chunk 88: 12432 imported, 37568 skipped
Uploading chunk 89/136 (50000 records)...
  ✓ Chunk 89: 12309 imported, 37691 skipped
Uploading chunk 90/136 (50000 records)...
  ✓ Chunk 90: 12160 imported, 37840 skipped
Uploading chunk 91/136 (50000 records)...
  ✓ Chunk 91: 12045 imported, 37955 skipped
Uploading chunk 92/136 (50000 records)...
  ✓ Chunk 92: 12259 imported, 37741 skipped
Uploading chunk 93/136 (50000 records)...
  ✓ Chunk 93: 11833 imported, 38167 skipped
Uploading chunk 94/136 (50000 records)...
  ✓ Chunk 94: 12323 imported, 37677 skipped
Uploading chunk 95/136 (50000 records)...
  ✓ Chunk 95: 12270 imported, 37730 skipped
Uploading chunk 96/136 (50000 records)...
  ✓ Chunk 96: 12252 imported, 37748 skipped
Uploading chunk 97/136 (50000 records)...
  ✓ Chunk 97: 11989 imported, 38011 skipped
Uploading chunk 98/136 (50000 records)...
  ✓ Chunk 98: 12193 imported, 37807 skipped
Uploading chunk 99/136 (50000 records)...
  ✓ Chunk 99: 12062 imported, 37938 skipped
Uploading chunk 100/136 (50000 records)...
  ✓ Chunk 100: 11940 imported, 38060 skipped
Uploading chunk 101/136 (50000 records)...
  ✓ Chunk 101: 11992 imported, 38008 skipped
Uploading chunk 102/136 (50000 records)...
  ✓ Chunk 102: 11905 imported, 38095 skipped
Uploading chunk 103/136 (50000 records)...
  ✓ Chunk 103: 11888 imported, 38112 skipped
Uploading chunk 104/136 (50000 records)...
  ✓ Chunk 104: 11958 imported, 38042 skipped
Uploading chunk 105/136 (50000 records)...
  ✓ Chunk 105: 12360 imported, 37640 skipped
Uploading chunk 106/136 (50000 records)...
  ✓ Chunk 106: 12394 imported, 37606 skipped
Uploading chunk 107/136 (50000 records)...
  ✓ Chunk 107: 12006 imported, 37994 skipped
Uploading chunk 108/136 (50000 records)...
  ✓ Chunk 108: 12404 imported, 37596 skipped
Uploading chunk 109/136 (50000 records)...
  ✓ Chunk 109: 12850 imported, 37150 skipped
Uploading chunk 110/136 (50000 records)...
  ✓ Chunk 110: 12670 imported, 37330 skipped
Uploading chunk 111/136 (50000 records)...
  ✓ Chunk 111: 12266 imported, 37734 skipped
Uploading chunk 112/136 (50000 records)...
  ✓ Chunk 112: 12346 imported, 37654 skipped
Uploading chunk 113/136 (50000 records)...
  ✓ Chunk 113: 12561 imported, 37439 skipped
Uploading chunk 114/136 (50000 records)...
  ✓ Chunk 114: 14511 imported, 35489 skipped
Uploading chunk 115/136 (50000 records)...
  ✓ Chunk 115: 12694 imported, 37306 skipped
Uploading chunk 116/136 (50000 records)...
  ✓ Chunk 116: 12399 imported, 37601 skipped
Uploading chunk 117/136 (50000 records)...
  ✓ Chunk 117: 12246 imported, 37754 skipped
Uploading chunk 118/136 (50000 records)...
  ✓ Chunk 118: 13735 imported, 36265 skipped
Uploading chunk 119/136 (50000 records)...
  ✓ Chunk 119: 13166 imported, 36834 skipped
Uploading chunk 120/136 (50000 records)...
  ✓ Chunk 120: 12665 imported, 37335 skipped
Uploading chunk 121/136 (50000 records)...
  ✓ Chunk 121: 12531 imported, 37469 skipped
Uploading chunk 122/136 (50000 records)...
  ✓ Chunk 122: 12408 imported, 37592 skipped
Uploading chunk 123/136 (50000 records)...
  ✓ Chunk 123: 12334 imported, 37666 skipped
Uploading chunk 124/136 (50000 records)...
  ✓ Chunk 124: 12052 imported, 37948 skipped
Uploading chunk 125/136 (50000 records)...
  ✓ Chunk 125: 12290 imported, 37710 skipped
Uploading chunk 126/136 (50000 records)...
  ✓ Chunk 126: 11504 imported, 38496 skipped
Uploading chunk 127/136 (50000 records)...
  ✓ Chunk 127: 11631 imported, 38369 skipped
Uploading chunk 128/136 (50000 records)...
  ✓ Chunk 128: 11955 imported, 38045 skipped
Uploading chunk 129/136 (50000 records)...
  ✓ Chunk 129: 13425 imported, 36575 skipped
Uploading chunk 130/136 (50000 records)...
  ✓ Chunk 130: 13020 imported, 36980 skipped
Uploading chunk 131/136 (50000 records)...
  ✓ Chunk 131: 12239 imported, 37761 skipped
Uploading chunk 132/136 (50000 records)...
  ✓ Chunk 132: 11940 imported, 38060 skipped
Uploading chunk 133/136 (50000 records)...
  ✓ Chunk 133: 12505 imported, 37495 skipped
Uploading chunk 134/136 (50000 records)...
  ✓ Chunk 134: 12201 imported, 37799 skipped
Uploading chunk 135/136 (50000 records)...
  ✓ Chunk 135: 11713 imported, 38287 skipped
Uploading chunk 136/136 (42773 records)...
  ✓ Chunk 136: 10029 imported, 32744 skipped
{"success":true,"imported":2118427,"skipped":4674346,"chunks":136}

[AF.csv] Status: 200
[AF.csv] Response: Reading CSV file: /Users/nykb/Desktop/name_dataset/data/AF.csv
Reading CSV file...
Parsing CSV data...
Parsed 558327 records
Uploading to API...
Splitting into 12 chunks of max 50000 records
Uploading chunk 1/12 (50000 records)...
  ✓ Chunk 1: 4059 imported, 45941 skipped
Uploading chunk 2/12 (50000 records)...
  ✓ Chunk 2: 2978 imported, 47022 skipped
Uploading chunk 3/12 (50000 records)...
  ✓ Chunk 3: 2020 imported, 47980 skipped
Uploading chunk 4/12 (50000 records)...
  ✓ Chunk 4: 1883 imported, 48117 skipped
Uploading chunk 5/12 (50000 records)...
  ✓ Chunk 5: 6424 imported, 43576 skipped
Uploading chunk 6/12 (50000 records)...
  ✓ Chunk 6: 17715 imported, 32285 skipped
Uploading chunk 7/12 (50000 records)...
  ✓ Chunk 7: 18105 imported, 31895 skipped
Uploading chunk 8/12 (50000 records)...
  ✓ Chunk 8: 17400 imported, 32600 skipped
Uploading chunk 9/12 (50000 records)...
  ✓ Chunk 9: 16697 imported, 33303 skipped
Uploading chunk 10/12 (50000 records)...
  ✓ Chunk 10: 16058 imported, 33942 skipped
Uploading chunk 11/12 (50000 records)...
  ✓ Chunk 11: 15311 imported, 34689 skipped
Uploading chunk 12/12 (8327 records)...
  ✓ Chunk 12: 2468 imported, 5859 skipped
{"success":true,"imported":121118,"skipped":437209,"chunks":12}

[AL.csv] Status: 200
[AL.csv] Response: Reading CSV file: /Users/nykb/Desktop/name_dataset/data/AL.csv
Reading CSV file...
Parsing CSV data...
Parsed 506582 records
Uploading to API...
Splitting into 11 chunks of max 50000 records
Uploading chunk 1/11 (50000 records)...
  ✓ Chunk 1: 25483 imported, 24517 skipped
Uploading chunk 2/11 (50000 records)...
  ✓ Chunk 2: 14419 imported, 26817 skipped
Uploading chunk 3/11 (50000 records)...
  ✓ Chunk 3: 14099 imported, 35901 skipped
Uploading chunk 4/11 (50000 records)...
  ✓ Chunk 4: 13310 imported, 36690 skipped
Uploading chunk 5/11 (50000 records)...
  ✓ Chunk 5: 12292 imported, 37708 skipped
Uploading chunk 6/11 (50000 records)...
  ✓ Chunk 6: 11906 imported, 38094 skipped
Uploading chunk 7/11 (50000 records)...
  ✓ Chunk 7: 10923 imported, 39077 skipped
Uploading chunk 8/11 (50000 records)...
  ✓ Chunk 8: 10486 imported, 39514 skipped
Uploading chunk 9/11 (50000 records)...
  ✓ Chunk 9: 10997 imported, 39003 skipped
Uploading chunk 10/11 (50000 records)...
  ✓ Chunk 10: 11022 imported, 38978 skipped
Uploading chunk 11/11 (6582 records)...
  ✓ Chunk 11: 1406 imported, 5176 skipped
{"success":true,"imported":136343,"skipped":361475,"chunks":11}

[AO.csv] Status: 200
[AO.csv] Response: Reading CSV file: /Users/nykb/Desktop/name_dataset/data/AO.csv
Reading CSV file...
Parsing CSV data...
Parsed 508751 records
Uploading to API...
Splitting into 11 chunks of max 50000 records
Uploading chunk 1/11 (50000 records)...
  ✓ Chunk 1: 36841 imported, -3341 skipped
Uploading chunk 2/11 (50000 records)...
  ✓ Chunk 2: 48343 imported, 1657 skipped
Uploading chunk 3/11 (50000 records)...
  ✓ Chunk 3: 43709 imported, 6291 skipped
Uploading chunk 4/11 (50000 records)...
  ✓ Chunk 4: 40631 imported, 9369 skipped
Uploading chunk 5/11 (50000 records)...
  ✓ Chunk 5: 32479 imported, 11569 skipped
Uploading chunk 6/11 (50000 records)...
  ✓ Chunk 6: 38254 imported, 11746 skipped
Uploading chunk 7/11 (50000 records)...
  ✓ Chunk 7: 30336 imported, 19664 skipped
Uploading chunk 8/11 (50000 records)...
  ✓ Chunk 8: 31635 imported, 18365 skipped
Uploading chunk 9/11 (50000 records)...
  ✓ Chunk 9: 33539 imported, 16461 skipped
Uploading chunk 10/11 (50000 records)...
  ✓ Chunk 10: 34193 imported, 15807 skipped
Uploading chunk 11/11 (8751 records)...
  ✓ Chunk 11: 6021 imported, 2730 skipped
{"success":true,"imported":375981,"skipped":110318,"chunks":11}

[AR.csv] Status: 200
[AR.csv] Response: Reading CSV file: /Users/nykb/Desktop/name_dataset/data/AR.csv
Reading CSV file...
Parsing CSV data...
Parsed 2339235 records
Uploading to API...
Splitting into 47 chunks of max 50000 records
Uploading chunk 1/47 (50000 records)...
  ✓ Chunk 1: 24862 imported, 10209 skipped
Uploading chunk 2/47 (50000 records)...
  ✓ Chunk 2: 22472 imported, 27528 skipped
Uploading chunk 3/47 (50000 records)...
  ✓ Chunk 3: 19673 imported, 30327 skipped
Uploading chunk 4/47 (50000 records)...
  ✓ Chunk 4: 18827 imported, 31173 skipped
Uploading chunk 5/47 (50000 records)...
  ✓ Chunk 5: 17950 imported, 32050 skipped
Uploading chunk 6/47 (50000 records)...
  ✓ Chunk 6: 16404 imported, 33596 skipped
Uploading chunk 7/47 (50000 records)...
  ✓ Chunk 7: 15655 imported, 34345 skipped
Uploading chunk 8/47 (50000 records)...
  ✓ Chunk 8: 14972 imported, 35028 skipped
Uploading chunk 9/47 (50000 records)...
  ✓ Chunk 9: 15038 imported, 34962 skipped
Uploading chunk 10/47 (50000 records)...
  ✓ Chunk 10: 12706 imported, 27294 skipped
Uploading chunk 11/47 (50000 records)...
  ✓ Chunk 11: 14358 imported, 35642 skipped
Uploading chunk 12/47 (50000 records)...
  ✓ Chunk 12: 13750 imported, 36250 skipped
Uploading chunk 13/47 (50000 records)...
  ✓ Chunk 13: 13176 imported, 36824 skipped
Uploading chunk 14/47 (50000 records)...
  ✓ Chunk 14: 12949 imported, 37051 skipped
Uploading chunk 15/47 (50000 records)...
  ✓ Chunk 15: 12188 imported, 37812 skipped
Uploading chunk 16/47 (50000 records)...
  ✓ Chunk 16: 11883 imported, 38117 skipped
Uploading chunk 17/47 (50000 records)...
  ✓ Chunk 17: 11569 imported, 38431 skipped
Uploading chunk 18/47 (50000 records)...
  ✓ Chunk 18: 11316 imported, 38684 skipped
Uploading chunk 19/47 (50000 records)...
  ✓ Chunk 19: 11219 imported, 38781 skipped
Uploading chunk 20/47 (50000 records)...
  ✓ Chunk 20: 10709 imported, 39291 skipped
Uploading chunk 21/47 (50000 records)...
  ✓ Chunk 21: 10878 imported, 39122 skipped
Uploading chunk 22/47 (50000 records)...
  ✓ Chunk 22: 9430 imported, 30570 skipped
Uploading chunk 23/47 (50000 records)...
  ✓ Chunk 23: 10749 imported, 39251 skipped
Uploading chunk 24/47 (50000 records)...
  ✓ Chunk 24: 10495 imported, 39505 skipped
Uploading chunk 25/47 (50000 records)...
  ✓ Chunk 25: 10578 imported, 39422 skipped
Uploading chunk 26/47 (50000 records)...
  ✓ Chunk 26: 9637 imported, 40363 skipped
Uploading chunk 27/47 (50000 records)...
  ✓ Chunk 27: 8854 imported, 41146 skipped
Uploading chunk 28/47 (50000 records)...
  ✓ Chunk 28: 10715 imported, 39285 skipped
Uploading chunk 29/47 (50000 records)...
  ✓ Chunk 29: 9698 imported, 40302 skipped
Uploading chunk 30/47 (50000 records)...
  ✓ Chunk 30: 9806 imported, 40194 skipped
Uploading chunk 31/47 (50000 records)...
  ✓ Chunk 31: 9359 imported, 40641 skipped
Uploading chunk 32/47 (50000 records)...
  ✓ Chunk 32: 10255 imported, 39745 skipped
Uploading chunk 33/47 (50000 records)...
  ✓ Chunk 33: 10079 imported, 39921 skipped
Uploading chunk 34/47 (50000 records)...
  ✓ Chunk 34: 9572 imported, 40428 skipped
Uploading chunk 35/47 (50000 records)...
  ✓ Chunk 35: 8625 imported, 41375 skipped
Uploading chunk 36/47 (50000 records)...
  ✓ Chunk 36: 7971 imported, 42029 skipped
Uploading chunk 37/47 (50000 records)...
  ✓ Chunk 37: 9061 imported, 40939 skipped
Uploading chunk 38/47 (50000 records)...
  ✓ Chunk 38: 8707 imported, 41293 skipped
Uploading chunk 39/47 (50000 records)...
  ✓ Chunk 39: 8455 imported, 41545 skipped
Uploading chunk 40/47 (50000 records)...
  ✓ Chunk 40: 7894 imported, 42106 skipped
Uploading chunk 41/47 (50000 records)...
  ✓ Chunk 41: 8062 imported, 41938 skipped
Uploading chunk 42/47 (50000 records)...
  ✓ Chunk 42: 9410 imported, 40590 skipped
Uploading chunk 43/47 (50000 records)...
  ✓ Chunk 43: 7786 imported, 42214 skipped
Uploading chunk 44/47 (50000 records)...
  ✓ Chunk 44: 7816 imported, 42184 skipped
Uploading chunk 45/47 (50000 records)...
  ✓ Chunk 45: 7806 imported, 42194 skipped
Uploading chunk 46/47 (50000 records)...
  ✓ Chunk 46: 8732 imported, 41268 skipped
Uploading chunk 47/47 (39235 records)...
  ✓ Chunk 47: 6447 imported, 32788 skipped
{"success":true,"imported":548553,"skipped":1755753,"chunks":47}

[AT.csv] Status: 200
[AT.csv] Response: Reading CSV file: /Users/nykb/Desktop/name_dataset/data/AT.csv
Reading CSV file...
Parsing CSV data...
Parsed 1249295 records
Uploading to API...
Splitting into 25 chunks of max 50000 records
Uploading chunk 1/25 (50000 records)...
  ✓ Chunk 1: 35754 imported, 14246 skipped
Uploading chunk 2/25 (50000 records)...
  ✓ Chunk 2: 23317 imported, 26683 skipped
Uploading chunk 3/25 (50000 records)...
  ✓ Chunk 3: 19287 imported, 24231 skipped
Uploading chunk 4/25 (50000 records)...
  ✓ Chunk 4: 14616 imported, 26046 skipped
Uploading chunk 5/25 (50000 records)...
  ✓ Chunk 5: 18935 imported, 21065 skipped
Uploading chunk 6/25 (50000 records)...
  ✓ Chunk 6: 20674 imported, 29326 skipped
Uploading chunk 7/25 (50000 records)...
  ✓ Chunk 7: 17481 imported, 32519 skipped
Uploading chunk 8/25 (50000 records)...
  ✓ Chunk 8: 18061 imported, 31939 skipped
Uploading chunk 9/25 (50000 records)...
  ✓ Chunk 9: 20059 imported, 29941 skipped
Uploading chunk 10/25 (50000 records)...
  ✓ Chunk 10: 14358 imported, 35642 skipped
Uploading chunk 11/25 (50000 records)...
  ✓ Chunk 11: 10042 imported, 39958 skipped
Uploading chunk 12/25 (50000 records)...
  ✓ Chunk 12: 9545 imported, 40455 skipped
Uploading chunk 13/25 (50000 records)...
  ✓ Chunk 13: 9952 imported, 40048 skipped
Uploading chunk 14/25 (50000 records)...
  ✓ Chunk 14: 8602 imported, 41398 skipped
Uploading chunk 15/25 (50000 records)...
  ✓ Chunk 15: 8067 imported, 41933 skipped
Uploading chunk 16/25 (50000 records)...
  ✓ Chunk 16: 8541 imported, 41459 skipped
Uploading chunk 17/25 (50000 records)...
  ✓ Chunk 17: 8932 imported, 41068 skipped
Uploading chunk 18/25 (50000 records)...
  ✓ Chunk 18: 9941 imported, 40059 skipped
Uploading chunk 19/25 (50000 records)...
  ✓ Chunk 19: 13358 imported, 36642 skipped
Uploading chunk 20/25 (50000 records)...
  ✓ Chunk 20: 13626 imported, 36374 skipped
Uploading chunk 21/25 (50000 records)...
  ✓ Chunk 21: 12389 imported, 37611 skipped
Uploading chunk 22/25 (50000 records)...
  ✓ Chunk 22: 12334 imported, 37666 skipped
Uploading chunk 23/25 (50000 records)...
  ✓ Chunk 23: 11405 imported, 38595 skipped
Uploading chunk 24/25 (50000 records)...
  ✓ Chunk 24: 10603 imported, 39397 skipped
Uploading chunk 25/25 (49295 records)...
  ✓ Chunk 25: 9937 imported, 39358 skipped
{"success":true,"imported":359816,"skipped":863659,"chunks":25}

[AZ.csv] Status: 200
[AZ.csv] Response: Reading CSV file: /Users/nykb/Desktop/name_dataset/data/AZ.csv
Reading CSV file...
Parsing CSV data...
Parsed 99455 records
Uploading to API...
Splitting into 2 chunks of max 50000 records
Uploading chunk 1/2 (50000 records)...
  ✓ Chunk 1: 23556 imported, 26444 skipped
Uploading chunk 2/2 (49455 records)...
  ✓ Chunk 2: 15910 imported, 33545 skipped
{"success":true,"imported":39466,"skipped":59989,"chunks":2}

[BD.csv] Status: 200
[BD.csv] Response: Reading CSV file: /Users/nykb/Desktop/name_dataset/data/BD.csv
Reading CSV file...
Parsing CSV data...
Parsed 3793325 records
Uploading to API...
Splitting into 76 chunks of max 50000 records
Uploading chunk 1/76 (50000 records)...
  ✓ Chunk 1: 35072 imported, 10811 skipped
Uploading chunk 2/76 (50000 records)...
  ✓ Chunk 2: 27290 imported, 18490 skipped
Uploading chunk 3/76 (50000 records)...
  ✓ Chunk 3: 22257 imported, 27743 skipped
Uploading chunk 4/76 (50000 records)...
  ✓ Chunk 4: 22442 imported, 27558 skipped
Uploading chunk 5/76 (50000 records)...
  ✓ Chunk 5: 23621 imported, 26379 skipped
Uploading chunk 6/76 (50000 records)...
  ✓ Chunk 6: 20976 imported, 29024 skipped
Uploading chunk 7/76 (50000 records)...
  ✓ Chunk 7: 14241 imported, 35759 skipped
Uploading chunk 8/76 (50000 records)...
  ✓ Chunk 8: 15021 imported, 34979 skipped
Uploading chunk 9/76 (50000 records)...
  ✓ Chunk 9: 15970 imported, 34030 skipped
Uploading chunk 10/76 (50000 records)...
  ✓ Chunk 10: 14606 imported, 35394 skipped
Uploading chunk 11/76 (50000 records)...
  ✓ Chunk 11: 13568 imported, 36432 skipped
Uploading chunk 12/76 (50000 records)...
  ✓ Chunk 12: 14224 imported, 35776 skipped
Uploading chunk 13/76 (50000 records)...
  ✓ Chunk 13: 15860 imported, 34140 skipped
Uploading chunk 14/76 (50000 records)...
  ✓ Chunk 14: 17461 imported, 32539 skipped
Uploading chunk 15/76 (50000 records)...
  ✓ Chunk 15: 17196 imported, 32804 skipped
Uploading chunk 16/76 (50000 records)...
  ✓ Chunk 16: 14100 imported, 35900 skipped
Uploading chunk 17/76 (50000 records)...
  ✓ Chunk 17: 14633 imported, 35367 skipped
Uploading chunk 18/76 (50000 records)...
  ✓ Chunk 18: 17389 imported, 32611 skipped
Uploading chunk 19/76 (50000 records)...
  ✓ Chunk 19: 13457 imported, 36543 skipped
Uploading chunk 20/76 (50000 records)...
  ✓ Chunk 20: 13293 imported, 36707 skipped
Uploading chunk 21/76 (50000 records)...
  ✓ Chunk 21: 12286 imported, 37714 skipped
Uploading chunk 22/76 (50000 records)...
  ✓ Chunk 22: 12837 imported, 37163 skipped
Uploading chunk 23/76 (50000 records)...
  ✓ Chunk 23: 11144 imported, 38856 skipped
Uploading chunk 24/76 (50000 records)...
  ✓ Chunk 24: 11136 imported, 38864 skipped
Uploading chunk 25/76 (50000 records)...
  ✓ Chunk 25: 11655 imported, 38345 skipped
Uploading chunk 26/76 (50000 records)...
  ✓ Chunk 26: 11346 imported, 38654 skipped
Uploading chunk 27/76 (50000 records)...
  ✓ Chunk 27: 9941 imported, 40059 skipped
Uploading chunk 28/76 (50000 records)...
  ✓ Chunk 28: 10045 imported, 39955 skipped
Uploading chunk 29/76 (50000 records)...
  ✓ Chunk 29: 10140 imported, 39860 skipped
Uploading chunk 30/76 (50000 records)...
  ✓ Chunk 30: 10527 imported, 39473 skipped
Uploading chunk 31/76 (50000 records)...
  ✓ Chunk 31: 12051 imported, 37949 skipped
Uploading chunk 32/76 (50000 records)...
  ✓ Chunk 32: 13483 imported, 36517 skipped
Uploading chunk 33/76 (50000 records)...
  ✓ Chunk 33: 13119 imported, 36881 skipped
Uploading chunk 34/76 (50000 records)...
  ✓ Chunk 34: 13328 imported, 36672 skipped
Uploading chunk 35/76 (50000 records)...
  ✓ Chunk 35: 12624 imported, 37376 skipped
Uploading chunk 36/76 (50000 records)...
  ✓ Chunk 36: 12192 imported, 30082 skipped
Uploading chunk 37/76 (50000 records)...
  ✓ Chunk 37: 12418 imported, 37582 skipped
Uploading chunk 38/76 (50000 records)...
  ✓ Chunk 38: 12343 imported, 37657 skipped
Uploading chunk 39/76 (50000 records)...
  ✓ Chunk 39: 11877 imported, 38123 skipped
Uploading chunk 40/76 (50000 records)...
  ✓ Chunk 40: 12803 imported, 37197 skipped
Uploading chunk 41/76 (50000 records)...
  ✓ Chunk 41: 12880 imported, 37120 skipped
Uploading chunk 42/76 (50000 records)...
  ✓ Chunk 42: 12388 imported, 37612 skipped
Uploading chunk 43/76 (50000 records)...
  ✓ Chunk 43: 12347 imported, 37653 skipped
Uploading chunk 44/76 (50000 records)...
  ✓ Chunk 44: 11671 imported, 38329 skipped
Uploading chunk 45/76 (50000 records)...
  ✓ Chunk 45: 11032 imported, 38968 skipped
Uploading chunk 46/76 (50000 records)...
  ✓ Chunk 46: 11949 imported, 38051 skipped
Uploading chunk 47/76 (50000 records)...
  ✓ Chunk 47: 12716 imported, 37284 skipped
Uploading chunk 48/76 (50000 records)...
  ✓ Chunk 48: 12332 imported, 37668 skipped
Uploading chunk 49/76 (50000 records)...
  ✓ Chunk 49: 12421 imported, 37579 skipped
Uploading chunk 50/76 (50000 records)...
  ✓ Chunk 50: 12231 imported, 37769 skipped
Uploading chunk 51/76 (50000 records)...
  ✓ Chunk 51: 11701 imported, 38299 skipped
Uploading chunk 52/76 (50000 records)...
  ✓ Chunk 52: 12229 imported, 37771 skipped
Uploading chunk 53/76 (50000 records)...
  ✓ Chunk 53: 11597 imported, 38403 skipped
Uploading chunk 54/76 (50000 records)...
  ✓ Chunk 54: 9859 imported, 40141 skipped
Uploading chunk 55/76 (50000 records)...
  ✓ Chunk 55: 9403 imported, 40597 skipped
Uploading chunk 56/76 (50000 records)...
  ✓ Chunk 56: 8406 imported, 41594 skipped
Uploading chunk 57/76 (50000 records)...
  ✓ Chunk 57: 12260 imported, 37740 skipped
Uploading chunk 58/76 (50000 records)...
  ✓ Chunk 58: 15874 imported, 34126 skipped
Uploading chunk 59/76 (50000 records)...
  ✓ Chunk 59: 14515 imported, 35485 skipped
Uploading chunk 60/76 (50000 records)...
  ✓ Chunk 60: 13608 imported, 36392 skipped
Uploading chunk 61/76 (50000 records)...
  ✓ Chunk 61: 13684 imported, 36316 skipped
Uploading chunk 62/76 (50000 records)...
  ✓ Chunk 62: 13934 imported, 36066 skipped
Uploading chunk 63/76 (50000 records)...
  ✓ Chunk 63: 11420 imported, 38580 skipped
Uploading chunk 64/76 (50000 records)...
  ✓ Chunk 64: 11354 imported, 38646 skipped
Uploading chunk 65/76 (50000 records)...
  ✓ Chunk 65: 11863 imported, 38137 skipped
Uploading chunk 66/76 (50000 records)...
  ✓ Chunk 66: 11459 imported, 38541 skipped
Uploading chunk 67/76 (50000 records)...
  ✓ Chunk 67: 12156 imported, 37844 skipped
Uploading chunk 68/76 (50000 records)...
  ✓ Chunk 68: 12383 imported, 37617 skipped
Uploading chunk 69/76 (50000 records)...
  ✓ Chunk 69: 12644 imported, 37356 skipped
Uploading chunk 70/76 (50000 records)...
  ✓ Chunk 70: 12392 imported, 37608 skipped
Uploading chunk 71/76 (50000 records)...
  ✓ Chunk 71: 11792 imported, 38208 skipped
Uploading chunk 72/76 (50000 records)...
  ✓ Chunk 72: 12993 imported, 37007 skipped
Uploading chunk 73/76 (50000 records)...
  ✓ Chunk 73: 11961 imported, 38039 skipped
Uploading chunk 74/76 (50000 records)...
  ✓ Chunk 74: 10635 imported, 39365 skipped
Uploading chunk 75/76 (50000 records)...
  ✓ Chunk 75: 10847 imported, 39153 skipped
Uploading chunk 76/76 (43325 records)...
  ✓ Chunk 76: 9031 imported, 34294 skipped
{"success":true,"imported":1031939,"skipped":2745323,"chunks":76}

[BE.csv] Status: 200
[BE.csv] Response: Reading CSV file: /Users/nykb/Desktop/name_dataset/data/BE.csv
Reading CSV file...
Parsing CSV data...
Parsed 3183089 records
Uploading to API...
Splitting into 64 chunks of max 50000 records
Uploading chunk 1/64 (50000 records)...
  ✓ Chunk 1: 46780 imported, -4885 skipped
Uploading chunk 2/64 (50000 records)...
  ✓ Chunk 2: 43328 imported, 6672 skipped
Uploading chunk 3/64 (50000 records)...
  ✓ Chunk 3: 32304 imported, 10110 skipped
Uploading chunk 4/64 (50000 records)...
  ✓ Chunk 4: 27466 imported, 22534 skipped
Uploading chunk 5/64 (50000 records)...
  ✓ Chunk 5: 21537 imported, 28463 skipped
Uploading chunk 6/64 (50000 records)...
  ✓ Chunk 6: 18671 imported, 31329 skipped
Uploading chunk 7/64 (50000 records)...
  ✓ Chunk 7: 15568 imported, 34432 skipped
Uploading chunk 8/64 (50000 records)...
  ✓ Chunk 8: 13956 imported, 36044 skipped
Uploading chunk 9/64 (50000 records)...
  ✓ Chunk 9: 12721 imported, 37279 skipped
Uploading chunk 10/64 (50000 records)...
  ✓ Chunk 10: 11397 imported, 38603 skipped
Uploading chunk 11/64 (50000 records)...
  ✓ Chunk 11: 10702 imported, 39298 skipped
Uploading chunk 12/64 (50000 records)...
  ✓ Chunk 12: 10558 imported, 39442 skipped
Uploading chunk 13/64 (50000 records)...
  ✓ Chunk 13: 10222 imported, 39778 skipped
Uploading chunk 14/64 (50000 records)...
  ✓ Chunk 14: 9648 imported, 40352 skipped
Uploading chunk 15/64 (50000 records)...
  ✓ Chunk 15: 8942 imported, 41058 skipped
Uploading chunk 16/64 (50000 records)...
  ✓ Chunk 16: 9111 imported, 40889 skipped
Uploading chunk 17/64 (50000 records)...
  ✓ Chunk 17: 9118 imported, 40882 skipped
Uploading chunk 18/64 (50000 records)...
  ✓ Chunk 18: 8578 imported, 41422 skipped
Uploading chunk 19/64 (50000 records)...
  ✓ Chunk 19: 8626 imported, 41374 skipped
Uploading chunk 20/64 (50000 records)...
  ✓ Chunk 20: 8197 imported, 41803 skipped
Uploading chunk 21/64 (50000 records)...
  ✓ Chunk 21: 8536 imported, 41464 skipped
Uploading chunk 22/64 (50000 records)...
  ✓ Chunk 22: 8607 imported, 41393 skipped
Uploading chunk 23/64 (50000 records)...
  ✓ Chunk 23: 9574 imported, 40426 skipped
Uploading chunk 24/64 (50000 records)...
  ✓ Chunk 24: 23206 imported, 26794 skipped
Uploading chunk 25/64 (50000 records)...
  ✓ Chunk 25: 21656 imported, 28344 skipped
Uploading chunk 26/64 (50000 records)...
  ✓ Chunk 26: 20032 imported, 29968 skipped
Uploading chunk 27/64 (50000 records)...
  ✓ Chunk 27: 18982 imported, 31018 skipped
Uploading chunk 28/64 (50000 records)...
  ✓ Chunk 28: 17350 imported, 32650 skipped
Uploading chunk 29/64 (50000 records)...
  ✓ Chunk 29: 16348 imported, 33652 skipped
Uploading chunk 30/64 (50000 records)...
  ✓ Chunk 30: 15430 imported, 34570 skipped
Uploading chunk 31/64 (50000 records)...
  ✓ Chunk 31: 14186 imported, 35814 skipped
Uploading chunk 32/64 (50000 records)...
  ✓ Chunk 32: 13265 imported, 36735 skipped
Uploading chunk 33/64 (50000 records)...
  ✓ Chunk 33: 12992 imported, 37008 skipped
Uploading chunk 34/64 (50000 records)...
  ✓ Chunk 34: 14284 imported, 35716 skipped
Uploading chunk 35/64 (50000 records)...
  ✓ Chunk 35: 16146 imported, 33854 skipped
Uploading chunk 36/64 (50000 records)...
  ✓ Chunk 36: 16415 imported, 33585 skipped
Uploading chunk 37/64 (50000 records)...
  ✓ Chunk 37: 16291 imported, 33709 skipped
Uploading chunk 38/64 (50000 records)...
  ✓ Chunk 38: 16290 imported, 33710 skipped
Uploading chunk 39/64 (50000 records)...
  ✓ Chunk 39: 15294 imported, 34706 skipped
Uploading chunk 40/64 (50000 records)...
  ✓ Chunk 40: 15582 imported, 34418 skipped
Uploading chunk 41/64 (50000 records)...
  ✓ Chunk 41: 11284 imported, 38716 skipped
Uploading chunk 42/64 (50000 records)...
  ✓ Chunk 42: 10708 imported, 39292 skipped
Uploading chunk 43/64 (50000 records)...
  ✓ Chunk 43: 12568 imported, 37432 skipped
Uploading chunk 44/64 (50000 records)...
  ✓ Chunk 44: 10958 imported, 39042 skipped
Uploading chunk 45/64 (50000 records)...
  ✓ Chunk 45: 10737 imported, 39263 skipped
Uploading chunk 46/64 (50000 records)...
  ✓ Chunk 46: 10643 imported, 39357 skipped
Uploading chunk 47/64 (50000 records)...
  ✓ Chunk 47: 7708 imported, 42292 skipped
Uploading chunk 48/64 (50000 records)...
  ✓ Chunk 48: 7612 imported, 42388 skipped
Uploading chunk 49/64 (50000 records)...
  ✓ Chunk 49: 7464 imported, 42536 skipped
Uploading chunk 50/64 (50000 records)...
  ✓ Chunk 50: 6847 imported, 43153 skipped
Uploading chunk 51/64 (50000 records)...
  ✓ Chunk 51: 6906 imported, 43094 skipped
Uploading chunk 52/64 (50000 records)...
  ✓ Chunk 52: 7243 imported, 42757 skipped
Uploading chunk 53/64 (50000 records)...
  ✓ Chunk 53: 6385 imported, 43615 skipped
Uploading chunk 54/64 (50000 records)...
  ✓ Chunk 54: 6218 imported, 43782 skipped
Uploading chunk 55/64 (50000 records)...
  ✓ Chunk 55: 6666 imported, 43334 skipped
Uploading chunk 56/64 (50000 records)...
  ✓ Chunk 56: 7403 imported, 42597 skipped
Uploading chunk 57/64 (50000 records)...
  ✓ Chunk 57: 6427 imported, 43573 skipped
Uploading chunk 58/64 (50000 records)...
  ✓ Chunk 58: 6505 imported, 43495 skipped
Uploading chunk 59/64 (50000 records)...
  ✓ Chunk 59: 6784 imported, 43216 skipped
Uploading chunk 60/64 (50000 records)...
  ✓ Chunk 60: 6419 imported, 43581 skipped
Uploading chunk 61/64 (50000 records)...
  ✓ Chunk 61: 6694 imported, 43306 skipped
Uploading chunk 62/64 (50000 records)...
  ✓ Chunk 62: 6864 imported, 43136 skipped
Uploading chunk 63/64 (50000 records)...
  ✓ Chunk 63: 6999 imported, 43001 skipped
Uploading chunk 64/64 (33089 records)...
  ✓ Chunk 64: 6209 imported, 26880 skipped
{"success":true,"imported":838147,"skipped":2329251,"chunks":64}

[BF.csv] Status: 200
[BF.csv] Response: Reading CSV file: /Users/nykb/Desktop/name_dataset/data/BF.csv
Reading CSV file...
Parsing CSV data...
Parsed 6413 records
Uploading to API...
Splitting into 1 chunks of max 50000 records
Uploading chunk 1/1 (6413 records)...
  ✓ Chunk 1: 5190 imported, 1223 skipped
{"success":true,"imported":5190,"skipped":1223,"chunks":1}

[BG.csv] Status: 200
[BG.csv] Response: Reading CSV file: /Users/nykb/Desktop/name_dataset/data/BG.csv
Reading CSV file...
Parsing CSV data...
Parsed 431916 records
Uploading to API...
Splitting into 9 chunks of max 50000 records
Uploading chunk 1/9 (50000 records)...
  ✓ Chunk 1: 28935 imported, 21065 skipped
Uploading chunk 2/9 (50000 records)...
  ✓ Chunk 2: 17692 imported, 25765 skipped
Uploading chunk 3/9 (50000 records)...
  ✓ Chunk 3: 15767 imported, 34233 skipped
Uploading chunk 4/9 (50000 records)...
  ✓ Chunk 4: 12835 imported, 37165 skipped
Uploading chunk 5/9 (50000 records)...
  ✓ Chunk 5: 12303 imported, 37697 skipped
Uploading chunk 6/9 (50000 records)...
  ✓ Chunk 6: 16653 imported, 33347 skipped
Uploading chunk 7/9 (50000 records)...
  ✓ Chunk 7: 14404 imported, 35596 skipped
Uploading chunk 8/9 (50000 records)...
  ✓ Chunk 8: 11493 imported, 38507 skipped
Uploading chunk 9/9 (31916 records)...
  ✓ Chunk 9: 6875 imported, 25041 skipped
{"success":true,"imported":136957,"skipped":288416,"chunks":9}

[BH.csv] Status: 200
[BH.csv] Response: Reading CSV file: /Users/nykb/Desktop/name_dataset/data/BH.csv
Reading CSV file...
Parsing CSV data...
Parsed 1416047 records
Uploading to API...
Splitting into 29 chunks of max 50000 records
Uploading chunk 1/29 (50000 records)...
  ✓ Chunk 1: 42775 imported, 5259 skipped
Uploading chunk 2/29 (50000 records)...
  ✓ Chunk 2: 33697 imported, 11892 skipped
Uploading chunk 3/29 (50000 records)...
  ✓ Chunk 3: 24404 imported, 18220 skipped
Uploading chunk 4/29 (50000 records)...
  ✓ Chunk 4: 26264 imported, 23736 skipped
Uploading chunk 5/29 (50000 records)...
  ✓ Chunk 5: 27845 imported, 22155 skipped
Uploading chunk 6/29 (50000 records)...
  ✓ Chunk 6: 26193 imported, 23807 skipped
Uploading chunk 7/29 (50000 records)...
  ✓ Chunk 7: 24851 imported, 25149 skipped
Uploading chunk 8/29 (50000 records)...
  ✓ Chunk 8: 21503 imported, 28497 skipped
Uploading chunk 9/29 (50000 records)...
  ✓ Chunk 9: 20831 imported, 29169 skipped
Uploading chunk 10/29 (50000 records)...
  ✓ Chunk 10: 19734 imported, 30266 skipped
Uploading chunk 11/29 (50000 records)...
  ✓ Chunk 11: 19403 imported, 30597 skipped
Uploading chunk 12/29 (50000 records)...
  ✓ Chunk 12: 20084 imported, 29916 skipped
Uploading chunk 13/29 (50000 records)...
  ✓ Chunk 13: 19347 imported, 30653 skipped
Uploading chunk 14/29 (50000 records)...
  ✓ Chunk 14: 19060 imported, 30940 skipped
Uploading chunk 15/29 (50000 records)...
  ✓ Chunk 15: 17280 imported, 32720 skipped
Uploading chunk 16/29 (50000 records)...
  ✓ Chunk 16: 16814 imported, 33186 skipped
Uploading chunk 17/29 (50000 records)...
  ✓ Chunk 17: 15931 imported, 34069 skipped
Uploading chunk 18/29 (50000 records)...
  ✓ Chunk 18: 16956 imported, 33044 skipped
Uploading chunk 19/29 (50000 records)...
  ✓ Chunk 19: 16363 imported, 33637 skipped
Uploading chunk 20/29 (50000 records)...
  ✓ Chunk 20: 15763 imported, 34237 skipped
Uploading chunk 21/29 (50000 records)...
  ✓ Chunk 21: 15297 imported, 34703 skipped
Uploading chunk 22/29 (50000 records)...
  ✓ Chunk 22: 15305 imported, 34695 skipped
Uploading chunk 23/29 (50000 records)...
  ✓ Chunk 23: 15291 imported, 34709 skipped
Uploading chunk 24/29 (50000 records)...
  ✓ Chunk 24: 16545 imported, 33455 skipped
Uploading chunk 25/29 (50000 records)...
  ✓ Chunk 25: 15888 imported, 34112 skipped
Uploading chunk 26/29 (50000 records)...
  ✓ Chunk 26: 15017 imported, 34983 skipped
Uploading chunk 27/29 (50000 records)...
  ✓ Chunk 27: 14198 imported, 35802 skipped
Uploading chunk 28/29 (50000 records)...
  ✓ Chunk 28: 14860 imported, 35140 skipped
Uploading chunk 29/29 (16047 records)...
  ✓ Chunk 29: 5388 imported, 10659 skipped
{"success":true,"imported":572887,"skipped":829407,"chunks":29}

[BI.csv] Status: 200
[BI.csv] Response: Reading CSV file: /Users/nykb/Desktop/name_dataset/data/BI.csv
Reading CSV file...
Parsing CSV data...
Parsed 15707 records
Uploading to API...
Splitting into 1 chunks of max 50000 records
Uploading chunk 1/1 (15707 records)...
  ✓ Chunk 1: 13815 imported, 1892 skipped
{"success":true,"imported":13815,"skipped":1892,"chunks":1}

[BN.csv] Status: 200
[BN.csv] Response: Reading CSV file: /Users/nykb/Desktop/name_dataset/data/BN.csv
Reading CSV file...
Parsing CSV data...
Parsed 213563 records
Uploading to API...
Splitting into 5 chunks of max 50000 records
Uploading chunk 1/5 (50000 records)...
  ✓ Chunk 1: 49458 imported, -4527 skipped
Uploading chunk 2/5 (50000 records)...
  ✓ Chunk 2: 37068 imported, 6708 skipped
Uploading chunk 3/5 (50000 records)...
  ✓ Chunk 3: 35423 imported, 14577 skipped
Uploading chunk 4/5 (50000 records)...
  ✓ Chunk 4: 33101 imported, 16899 skipped
Uploading chunk 5/5 (13563 records)...
  ✓ Chunk 5: 8887 imported, 4676 skipped
{"success":true,"imported":163937,"skipped":38333,"chunks":5}

[BO.csv] Status: 200
[BO.csv] Response: Reading CSV file: /Users/nykb/Desktop/name_dataset/data/BO.csv
Reading CSV file...
Parsing CSV data...
Parsed 2953155 records
Uploading to API...
Splitting into 60 chunks of max 50000 records
Uploading chunk 1/60 (50000 records)...
  ✓ Chunk 1: 31086 imported, 7303 skipped
Uploading chunk 2/60 (50000 records)...
  ✓ Chunk 2: 29576 imported, 20424 skipped
Uploading chunk 3/60 (50000 records)...
  ✓ Chunk 3: 25764 imported, 24236 skipped
Uploading chunk 4/60 (50000 records)...
  ✓ Chunk 4: 23616 imported, 26384 skipped
Uploading chunk 5/60 (50000 records)...
  ✓ Chunk 5: 22498 imported, 27502 skipped
Uploading chunk 6/60 (50000 records)...
  ✓ Chunk 6: 21482 imported, 28518 skipped
Uploading chunk 7/60 (50000 records)...
  ✓ Chunk 7: 25054 imported, 24946 skipped
Uploading chunk 8/60 (50000 records)...
  ✓ Chunk 8: 19592 imported, 30408 skipped
Uploading chunk 9/60 (50000 records)...
  ✓ Chunk 9: 18378 imported, 31622 skipped
Uploading chunk 10/60 (50000 records)...
  ✓ Chunk 10: 19319 imported, 23943 skipped
Uploading chunk 11/60 (50000 records)...
  ✓ Chunk 11: 23170 imported, 26830 skipped
Uploading chunk 12/60 (50000 records)...
  ✓ Chunk 12: 20018 imported, 29982 skipped
Uploading chunk 13/60 (50000 records)...
  ✓ Chunk 13: 21218 imported, 28782 skipped
Uploading chunk 14/60 (50000 records)...
  ✓ Chunk 14: 20439 imported, 29561 skipped
Uploading chunk 15/60 (50000 records)...
  ✓ Chunk 15: 20067 imported, 29933 skipped
Uploading chunk 16/60 (50000 records)...
  ✓ Chunk 16: 18368 imported, 31632 skipped
Uploading chunk 17/60 (50000 records)...
  ✓ Chunk 17: 18862 imported, 31138 skipped
Uploading chunk 18/60 (50000 records)...
  ✓ Chunk 18: 17942 imported, 32058 skipped
Uploading chunk 19/60 (50000 records)...
  ✓ Chunk 19: 17796 imported, 32204 skipped
Uploading chunk 20/60 (50000 records)...
  ✓ Chunk 20: 17084 imported, 32916 skipped
Uploading chunk 21/60 (50000 records)...
  ✓ Chunk 21: 17443 imported, 32557 skipped
Uploading chunk 22/60 (50000 records)...
  ✓ Chunk 22: 17616 imported, 32384 skipped
Uploading chunk 23/60 (50000 records)...
  ✓ Chunk 23: 17220 imported, 32780 skipped
Uploading chunk 24/60 (50000 records)...
  ✓ Chunk 24: 16554 imported, 33446 skipped
Uploading chunk 25/60 (50000 records)...
  ✓ Chunk 25: 16364 imported, 33636 skipped
Uploading chunk 26/60 (50000 records)...
  ✓ Chunk 26: 16124 imported, 33876 skipped
Uploading chunk 27/60 (50000 records)...
  ✓ Chunk 27: 15949 imported, 34051 skipped
Uploading chunk 28/60 (50000 records)...
  ✓ Chunk 28: 15194 imported, 34806 skipped
Uploading chunk 29/60 (50000 records)...
  ✓ Chunk 29: 15844 imported, 34156 skipped
Uploading chunk 30/60 (50000 records)...
  ✓ Chunk 30: 15784 imported, 34216 skipped
Uploading chunk 31/60 (50000 records)...
  ✓ Chunk 31: 15487 imported, 34513 skipped
Uploading chunk 32/60 (50000 records)...
  ✓ Chunk 32: 15410 imported, 34590 skipped
Uploading chunk 33/60 (50000 records)...
  ✓ Chunk 33: 15272 imported, 34728 skipped
Uploading chunk 34/60 (50000 records)...
  ✓ Chunk 34: 10885 imported, 20814 skipped
Uploading chunk 35/60 (50000 records)...
  ✓ Chunk 35: 15668 imported, 34332 skipped
Uploading chunk 36/60 (50000 records)...
  ✓ Chunk 36: 15187 imported, 34813 skipped
Uploading chunk 37/60 (50000 records)...
  ✓ Chunk 37: 15032 imported, 34968 skipped
Uploading chunk 38/60 (50000 records)...
  ✓ Chunk 38: 14806 imported, 35194 skipped
Uploading chunk 39/60 (50000 records)...
  ✓ Chunk 39: 14013 imported, 35987 skipped
Uploading chunk 40/60 (50000 records)...
  ✓ Chunk 40: 8308 imported, 21692 skipped
Uploading chunk 41/60 (50000 records)...
  ✓ Chunk 41: 14211 imported, 35789 skipped
Uploading chunk 42/60 (50000 records)...
  ✓ Chunk 42: 11434 imported, 38566 skipped
Uploading chunk 43/60 (50000 records)...
  ✓ Chunk 43: 12515 imported, 37485 skipped
Uploading chunk 44/60 (50000 records)...
  ✓ Chunk 44: 13089 imported, 36911 skipped
Uploading chunk 45/60 (50000 records)...
  ✓ Chunk 45: 12984 imported, 37016 skipped
Uploading chunk 46/60 (50000 records)...
  ✓ Chunk 46: 13912 imported, 36088 skipped
Uploading chunk 47/60 (50000 records)...
  ✓ Chunk 47: 13962 imported, 36038 skipped
Uploading chunk 48/60 (50000 records)...
  ✓ Chunk 48: 13463 imported, 36537 skipped
Uploading chunk 49/60 (50000 records)...
  ✓ Chunk 49: 13067 imported, 36933 skipped
Uploading chunk 50/60 (50000 records)...
  ✓ Chunk 50: 13088 imported, 36912 skipped
Uploading chunk 51/60 (50000 records)...
  ✓ Chunk 51: 11860 imported, 38140 skipped
Uploading chunk 52/60 (50000 records)...
  ✓ Chunk 52: 11175 imported, 38825 skipped
Uploading chunk 53/60 (50000 records)...
  ✓ Chunk 53: 11312 imported, 38688 skipped
Uploading chunk 54/60 (50000 records)...
  ✓ Chunk 54: 11292 imported, 38708 skipped
Uploading chunk 55/60 (50000 records)...
  ✓ Chunk 55: 11892 imported, 38108 skipped
Uploading chunk 56/60 (50000 records)...
  ✓ Chunk 56: 11300 imported, 38700 skipped
Uploading chunk 57/60 (50000 records)...
  ✓ Chunk 57: 11437 imported, 38563 skipped
Uploading chunk 58/60 (50000 records)...
  ✓ Chunk 58: 11845 imported, 38155 skipped
Uploading chunk 59/60 (50000 records)...
  ✓ Chunk 59: 11391 imported, 38609 skipped
Uploading chunk 60/60 (3155 records)...
  ✓ Chunk 60: 685 imported, 2470 skipped
{"success":true,"imported":971403,"skipped":1925102,"chunks":60}

[BR.csv] Status: 200
[BR.csv] Response: Reading CSV file: /Users/nykb/Desktop/name_dataset/data/BR.csv
Reading CSV file...
Parsing CSV data...
Parsed 8053833 records
Uploading to API...
Splitting into 162 chunks of max 50000 records
Uploading chunk 1/162 (50000 records)...
  ✓ Chunk 1: 27255 imported, 11490 skipped
Uploading chunk 2/162 (50000 records)...
  ✓ Chunk 2: 21548 imported, 28452 skipped
Uploading chunk 3/162 (50000 records)...
  ✓ Chunk 3: 17004 imported, 24254 skipped
Uploading chunk 4/162 (50000 records)...
  ✓ Chunk 4: 17764 imported, 32236 skipped
Uploading chunk 5/162 (50000 records)...
  ✓ Chunk 5: 19388 imported, 23822 skipped
Uploading chunk 6/162 (50000 records)...
  ✓ Chunk 6: 18396 imported, 31604 skipped
Uploading chunk 7/162 (50000 records)...
  ✓ Chunk 7: 15435 imported, 34565 skipped
Uploading chunk 8/162 (50000 records)...
  ✓ Chunk 8: 15215 imported, 34785 skipped
Uploading chunk 9/162 (50000 records)...
  ✓ Chunk 9: 14116 imported, 35884 skipped
Uploading chunk 10/162 (50000 records)...
  ✓ Chunk 10: 11798 imported, 28202 skipped
Uploading chunk 11/162 (50000 records)...
  ✓ Chunk 11: 15061 imported, 34939 skipped
Uploading chunk 12/162 (50000 records)...
  ✓ Chunk 12: 16661 imported, 33339 skipped
Uploading chunk 13/162 (50000 records)...
  ✓ Chunk 13: 14534 imported, 35466 skipped
Uploading chunk 14/162 (50000 records)...
  ✓ Chunk 14: 14872 imported, 35128 skipped
Uploading chunk 15/162 (50000 records)...
  ✓ Chunk 15: 16014 imported, 33986 skipped
Uploading chunk 16/162 (50000 records)...
  ✓ Chunk 16: 15554 imported, 34446 skipped
Uploading chunk 17/162 (50000 records)...
  ✓ Chunk 17: 13953 imported, 36047 skipped
Uploading chunk 18/162 (50000 records)...
  ✓ Chunk 18: 13742 imported, 36258 skipped
Uploading chunk 19/162 (50000 records)...
  ✓ Chunk 19: 13950 imported, 36050 skipped
Uploading chunk 20/162 (50000 records)...
  ✓ Chunk 20: 13161 imported, 36839 skipped
Uploading chunk 21/162 (50000 records)...
  ✓ Chunk 21: 12446 imported, 37554 skipped
Uploading chunk 22/162 (50000 records)...
  ✓ Chunk 22: 12549 imported, 37451 skipped
Uploading chunk 23/162 (50000 records)...
  ✓ Chunk 23: 13397 imported, 36603 skipped
Uploading chunk 24/162 (50000 records)...
  ✓ Chunk 24: 13990 imported, 36010 skipped
Uploading chunk 25/162 (50000 records)...
  ✓ Chunk 25: 14152 imported, 35848 skipped
Uploading chunk 26/162 (50000 records)...
  ✓ Chunk 26: 13255 imported, 29228 skipped
Uploading chunk 27/162 (50000 records)...
  ✓ Chunk 27: 12571 imported, 37429 skipped
Uploading chunk 28/162 (50000 records)...
  ✓ Chunk 28: 11756 imported, 38244 skipped
Uploading chunk 29/162 (50000 records)...
  ✓ Chunk 29: 12757 imported, 37243 skipped
Uploading chunk 30/162 (50000 records)...
  ✓ Chunk 30: 13196 imported, 36804 skipped
Uploading chunk 31/162 (50000 records)...
  ✓ Chunk 31: 14333 imported, 35667 skipped
Uploading chunk 32/162 (50000 records)...
  ✓ Chunk 32: 12587 imported, 37413 skipped
Uploading chunk 33/162 (50000 records)...
  ✓ Chunk 33: 11476 imported, 38524 skipped
Uploading chunk 34/162 (50000 records)...
  ✓ Chunk 34: 11034 imported, 38966 skipped
Uploading chunk 35/162 (50000 records)...
  ✓ Chunk 35: 10760 imported, 39240 skipped
Uploading chunk 36/162 (50000 records)...
  ✓ Chunk 36: 10781 imported, 39219 skipped
Uploading chunk 37/162 (50000 records)...
  ✓ Chunk 37: 10330 imported, 39670 skipped
Uploading chunk 38/162 (50000 records)...
  ✓ Chunk 38: 9946 imported, 40054 skipped
Uploading chunk 39/162 (50000 records)...
  ✓ Chunk 39: 11054 imported, 38946 skipped
Uploading chunk 40/162 (50000 records)...
  ✓ Chunk 40: 10770 imported, 39230 skipped
Uploading chunk 41/162 (50000 records)...
  ✓ Chunk 41: 11419 imported, 38581 skipped
Uploading chunk 42/162 (50000 records)...
  ✓ Chunk 42: 11277 imported, 38723 skipped
Uploading chunk 43/162 (50000 records)...
  ✓ Chunk 43: 11525 imported, 38475 skipped
Uploading chunk 44/162 (50000 records)...
  ✓ Chunk 44: 11375 imported, 38625 skipped
Uploading chunk 45/162 (50000 records)...
  ✓ Chunk 45: 11256 imported, 38744 skipped
Uploading chunk 46/162 (50000 records)...
  ✓ Chunk 46: 10807 imported, 39193 skipped
Uploading chunk 47/162 (50000 records)...
  ✓ Chunk 47: 10719 imported, 39281 skipped
Uploading chunk 48/162 (50000 records)...
  ✓ Chunk 48: 10798 imported, 39202 skipped
Uploading chunk 49/162 (50000 records)...
  ✓ Chunk 49: 11110 imported, 38890 skipped
Uploading chunk 50/162 (50000 records)...
  ✓ Chunk 50: 10608 imported, 39392 skipped
Uploading chunk 51/162 (50000 records)...
  ✓ Chunk 51: 10364 imported, 39636 skipped
Uploading chunk 52/162 (50000 records)...
  ✓ Chunk 52: 10153 imported, 39847 skipped
Uploading chunk 53/162 (50000 records)...
  ✓ Chunk 53: 10148 imported, 39852 skipped
Uploading chunk 54/162 (50000 records)...
  ✓ Chunk 54: 9631 imported, 40369 skipped
Uploading chunk 55/162 (50000 records)...
  ✓ Chunk 55: 9362 imported, 40638 skipped
Uploading chunk 56/162 (50000 records)...
  ✓ Chunk 56: 9489 imported, 40511 skipped
Uploading chunk 57/162 (50000 records)...
  ✓ Chunk 57: 9093 imported, 40907 skipped
Uploading chunk 58/162 (50000 records)...
  ✓ Chunk 58: 9442 imported, 40558 skipped
Uploading chunk 59/162 (50000 records)...
  ✓ Chunk 59: 9275 imported, 40725 skipped
Uploading chunk 60/162 (50000 records)...
  ✓ Chunk 60: 9374 imported, 40626 skipped
Uploading chunk 61/162 (50000 records)...
  ✓ Chunk 61: 9067 imported, 40933 skipped
Uploading chunk 62/162 (50000 records)...
  ✓ Chunk 62: 8599 imported, 41401 skipped
Uploading chunk 63/162 (50000 records)...
  ✓ Chunk 63: 9014 imported, 40986 skipped
Uploading chunk 64/162 (50000 records)...
  ✓ Chunk 64: 10287 imported, 39713 skipped
Uploading chunk 65/162 (50000 records)...
  ✓ Chunk 65: 10099 imported, 39901 skipped
Uploading chunk 66/162 (50000 records)...
  ✓ Chunk 66: 9824 imported, 40176 skipped
Uploading chunk 67/162 (50000 records)...
  ✓ Chunk 67: 8277 imported, 41723 skipped
Uploading chunk 68/162 (50000 records)...
  ✓ Chunk 68: 8105 imported, 41895 skipped
Uploading chunk 69/162 (50000 records)...
  ✓ Chunk 69: 7991 imported, 42009 skipped
Uploading chunk 70/162 (50000 records)...
  ✓ Chunk 70: 8050 imported, 41950 skipped
Uploading chunk 71/162 (50000 records)...
  ✓ Chunk 71: 8038 imported, 41962 skipped
Uploading chunk 72/162 (50000 records)...
  ✓ Chunk 72: 7903 imported, 42097 skipped
Uploading chunk 73/162 (50000 records)...
  ✓ Chunk 73: 8049 imported, 41951 skipped
Uploading chunk 74/162 (50000 records)...
  ✓ Chunk 74: 7844 imported, 42156 skipped
Uploading chunk 75/162 (50000 records)...
  ✓ Chunk 75: 7892 imported, 42108 skipped
Uploading chunk 76/162 (50000 records)...
  ✓ Chunk 76: 10605 imported, 39395 skipped
Uploading chunk 77/162 (50000 records)...
  ✓ Chunk 77: 9824 imported, 40176 skipped
Uploading chunk 78/162 (50000 records)...
  ✓ Chunk 78: 9452 imported, 40548 skipped
Uploading chunk 79/162 (50000 records)...
  ✓ Chunk 79: 9037 imported, 40963 skipped
Uploading chunk 80/162 (50000 records)...
  ✓ Chunk 80: 8500 imported, 41500 skipped
Uploading chunk 81/162 (50000 records)...
  ✓ Chunk 81: 8760 imported, 41240 skipped
Uploading chunk 82/162 (50000 records)...
  ✓ Chunk 82: 8214 imported, 41786 skipped
Uploading chunk 83/162 (50000 records)...
  ✓ Chunk 83: 8238 imported, 41762 skipped
Uploading chunk 84/162 (50000 records)...
  ✓ Chunk 84: 8098 imported, 41902 skipped
Uploading chunk 85/162 (50000 records)...
  ✓ Chunk 85: 8542 imported, 41458 skipped
Uploading chunk 86/162 (50000 records)...
  ✓ Chunk 86: 9097 imported, 40903 skipped
Uploading chunk 87/162 (50000 records)...
  ✓ Chunk 87: 8943 imported, 41057 skipped
Uploading chunk 88/162 (50000 records)...
  ✓ Chunk 88: 9591 imported, 40409 skipped
Uploading chunk 89/162 (50000 records)...
  ✓ Chunk 89: 9676 imported, 40324 skipped
Uploading chunk 90/162 (50000 records)...
  ✓ Chunk 90: 9418 imported, 40582 skipped
Uploading chunk 91/162 (50000 records)...
  ✓ Chunk 91: 10987 imported, 39013 skipped
Uploading chunk 92/162 (50000 records)...
  ✓ Chunk 92: 9729 imported, 40271 skipped
Uploading chunk 93/162 (50000 records)...
  ✓ Chunk 93: 8998 imported, 41002 skipped
Uploading chunk 94/162 (50000 records)...
  ✓ Chunk 94: 8907 imported, 41093 skipped
Uploading chunk 95/162 (50000 records)...
  ✓ Chunk 95: 8598 imported, 41402 skipped
Uploading chunk 96/162 (50000 records)...
  ✓ Chunk 96: 8692 imported, 41308 skipped
Uploading chunk 97/162 (50000 records)...
  ✓ Chunk 97: 8605 imported, 41395 skipped
Uploading chunk 98/162 (50000 records)...
  ✓ Chunk 98: 8587 imported, 41413 skipped
Uploading chunk 99/162 (50000 records)...
  ✓ Chunk 99: 8320 imported, 41680 skipped
Uploading chunk 100/162 (50000 records)...
  ✓ Chunk 100: 8885 imported, 41115 skipped
Uploading chunk 101/162 (50000 records)...
  ✓ Chunk 101: 8752 imported, 41248 skipped
Uploading chunk 102/162 (50000 records)...
  ✓ Chunk 102: 9131 imported, 40869 skipped
Uploading chunk 103/162 (50000 records)...
  ✓ Chunk 103: 9004 imported, 40996 skipped
Uploading chunk 104/162 (50000 records)...
  ✓ Chunk 104: 9090 imported, 40910 skipped
Uploading chunk 105/162 (50000 records)...
  ✓ Chunk 105: 9312 imported, 40688 skipped
Uploading chunk 106/162 (50000 records)...
  ✓ Chunk 106: 10249 imported, 39751 skipped
Uploading chunk 107/162 (50000 records)...
  ✓ Chunk 107: 9972 imported, 40028 skipped
Uploading chunk 108/162 (50000 records)...
  ✓ Chunk 108: 10140 imported, 39860 skipped
Uploading chunk 109/162 (50000 records)...
  ✓ Chunk 109: 10168 imported, 39832 skipped
Uploading chunk 110/162 (50000 records)...
  ✓ Chunk 110: 9820 imported, 40180 skipped
Uploading chunk 111/162 (50000 records)...
  ✓ Chunk 111: 8771 imported, 41229 skipped
Uploading chunk 112/162 (50000 records)...
  ✓ Chunk 112: 8462 imported, 41538 skipped
Uploading chunk 113/162 (50000 records)...
  ✓ Chunk 113: 9014 imported, 40986 skipped
Uploading chunk 114/162 (50000 records)...
  ✓ Chunk 114: 8702 imported, 41298 skipped
Uploading chunk 115/162 (50000 records)...
  ✓ Chunk 115: 8452 imported, 41548 skipped
Uploading chunk 116/162 (50000 records)...
  ✓ Chunk 116: 8755 imported, 41245 skipped
Uploading chunk 117/162 (50000 records)...
  ✓ Chunk 117: 8732 imported, 41268 skipped
Uploading chunk 118/162 (50000 records)...
  ✓ Chunk 118: 9217 imported, 40783 skipped
Uploading chunk 119/162 (50000 records)...
  ✓ Chunk 119: 8710 imported, 41290 skipped
Uploading chunk 120/162 (50000 records)...
  ✓ Chunk 120: 8456 imported, 41544 skipped
Uploading chunk 121/162 (50000 records)...
  ✓ Chunk 121: 8420 imported, 41580 skipped
Uploading chunk 122/162 (50000 records)...
  ✓ Chunk 122: 8467 imported, 41533 skipped
Uploading chunk 123/162 (50000 records)...
  ✓ Chunk 123: 8163 imported, 41837 skipped
Uploading chunk 124/162 (50000 records)...
  ✓ Chunk 124: 7860 imported, 42140 skipped
Uploading chunk 125/162 (50000 records)...
  ✓ Chunk 125: 7718 imported, 42282 skipped
Uploading chunk 126/162 (50000 records)...
  ✓ Chunk 126: 7875 imported, 42125 skipped
Uploading chunk 127/162 (50000 records)...
  ✓ Chunk 127: 8598 imported, 41402 skipped
Uploading chunk 128/162 (50000 records)...
  ✓ Chunk 128: 8616 imported, 41384 skipped
Uploading chunk 129/162 (50000 records)...
  ✓ Chunk 129: 8362 imported, 41638 skipped
Uploading chunk 130/162 (50000 records)...
  ✓ Chunk 130: 8197 imported, 41803 skipped
Uploading chunk 131/162 (50000 records)...
  ✓ Chunk 131: 8237 imported, 41763 skipped
Uploading chunk 132/162 (50000 records)...
  ✓ Chunk 132: 8232 imported, 41768 skipped
Uploading chunk 133/162 (50000 records)...
  ✓ Chunk 133: 8411 imported, 41589 skipped
Uploading chunk 134/162 (50000 records)...
  ✓ Chunk 134: 8528 imported, 41472 skipped
Uploading chunk 135/162 (50000 records)...
  ✓ Chunk 135: 8398 imported, 41602 skipped
Uploading chunk 136/162 (50000 records)...
  ✓ Chunk 136: 8686 imported, 41314 skipped
Uploading chunk 137/162 (50000 records)...
  ✓ Chunk 137: 8013 imported, 41987 skipped
Uploading chunk 138/162 (50000 records)...
  ✓ Chunk 138: 8048 imported, 41952 skipped
Uploading chunk 139/162 (50000 records)...
  ✓ Chunk 139: 7976 imported, 42024 skipped
Uploading chunk 140/162 (50000 records)...
  ✓ Chunk 140: 7882 imported, 42118 skipped
Uploading chunk 141/162 (50000 records)...
  ✓ Chunk 141: 7964 imported, 42036 skipped
Uploading chunk 142/162 (50000 records)...
  ✓ Chunk 142: 7742 imported, 42258 skipped
Uploading chunk 143/162 (50000 records)...
  ✓ Chunk 143: 7771 imported, 42229 skipped
Uploading chunk 144/162 (50000 records)...
  ✓ Chunk 144: 7723 imported, 42277 skipped
Uploading chunk 145/162 (50000 records)...
  ✓ Chunk 145: 7578 imported, 42422 skipped
Uploading chunk 146/162 (50000 records)...
  ✓ Chunk 146: 7320 imported, 42680 skipped
Uploading chunk 147/162 (50000 records)...
  ✓ Chunk 147: 7115 imported, 42885 skipped
Uploading chunk 148/162 (50000 records)...
  ✓ Chunk 148: 7233 imported, 42767 skipped
Uploading chunk 149/162 (50000 records)...
  ✓ Chunk 149: 7458 imported, 42542 skipped
Uploading chunk 150/162 (50000 records)...
  ✓ Chunk 150: 7652 imported, 42348 skipped
Uploading chunk 151/162 (50000 records)...
  ✓ Chunk 151: 7513 imported, 42487 skipped
Uploading chunk 152/162 (50000 records)...
  ✓ Chunk 152: 7499 imported, 42501 skipped
Uploading chunk 153/162 (50000 records)...
  ✓ Chunk 153: 7358 imported, 42642 skipped
Uploading chunk 154/162 (50000 records)...
  ✓ Chunk 154: 7329 imported, 42671 skipped
Uploading chunk 155/162 (50000 records)...
  ✓ Chunk 155: 7200 imported, 42800 skipped
Uploading chunk 156/162 (50000 records)...
  ✓ Chunk 156: 7080 imported, 42920 skipped
Uploading chunk 157/162 (50000 records)...
  ✓ Chunk 157: 7339 imported, 42661 skipped
Uploading chunk 158/162 (50000 records)...
  ✓ Chunk 158: 7888 imported, 42112 skipped
Uploading chunk 159/162 (50000 records)...
  ✓ Chunk 159: 8591 imported, 41409 skipped
Uploading chunk 160/162 (50000 records)...
  ✓ Chunk 160: 8687 imported, 41313 skipped
Uploading chunk 161/162 (50000 records)...
  ✓ Chunk 161: 8950 imported, 41050 skipped
Uploading chunk 162/162 (3833 records)...
  ✓ Chunk 162: 637 imported, 3196 skipped
{"success":true,"imported":1640351,"skipped":6369178,"chunks":162}

[BW.csv] Status: 200
[BW.csv] Response: Reading CSV file: /Users/nykb/Desktop/name_dataset/data/BW.csv
Reading CSV file...
Parsing CSV data...
Parsed 240584 records
Uploading to API...
Splitting into 5 chunks of max 50000 records
Uploading chunk 1/5 (50000 records)...
  ✓ Chunk 1: 49550 imported, 450 skipped
Uploading chunk 2/5 (50000 records)...
  ✓ Chunk 2: 34071 imported, 15929 skipped
Uploading chunk 3/5 (50000 records)...
  ✓ Chunk 3: 29502 imported, 20498 skipped
Uploading chunk 4/5 (50000 records)...
  ✓ Chunk 4: 28402 imported, 21598 skipped
Uploading chunk 5/5 (40584 records)...
  ✓ Chunk 5: 16117 imported, 9359 skipped
{"success":true,"imported":157642,"skipped":67834,"chunks":5}

[CA.csv] Status: 200
[CA.csv] Response: Reading CSV file: /Users/nykb/Desktop/name_dataset/data/CA.csv
Reading CSV file...
Parsing CSV data...
Parsed 3492732 records
Uploading to API...
Splitting into 70 chunks of max 50000 records
Uploading chunk 1/70 (50000 records)...
  ✓ Chunk 1: 28200 imported, 6668 skipped
Uploading chunk 2/70 (50000 records)...
  ✓ Chunk 2: 28625 imported, 16119 skipped
Uploading chunk 3/70 (50000 records)...
  ✓ Chunk 3: 30538 imported, 19462 skipped
Uploading chunk 4/70 (50000 records)...
  ✓ Chunk 4: 22465 imported, 27535 skipped
Uploading chunk 5/70 (50000 records)...
  ✓ Chunk 5: 18135 imported, 31865 skipped
Uploading chunk 6/70 (50000 records)...
  ✓ Chunk 6: 21908 imported, 28092 skipped
Uploading chunk 7/70 (50000 records)...
  ✓ Chunk 7: 20419 imported, 29581 skipped
Uploading chunk 8/70 (50000 records)...
  ✓ Chunk 8: 16633 imported, 33367 skipped
Uploading chunk 9/70 (50000 records)...
  ✓ Chunk 9: 21009 imported, 28991 skipped
Uploading chunk 10/70 (50000 records)...
  ✓ Chunk 10: 16841 imported, 33159 skipped
Uploading chunk 11/70 (50000 records)...
  ✓ Chunk 11: 14701 imported, 35299 skipped
Uploading chunk 12/70 (50000 records)...
  ✓ Chunk 12: 15008 imported, 34992 skipped
Uploading chunk 13/70 (50000 records)...
  ✓ Chunk 13: 19641 imported, 30359 skipped
Uploading chunk 14/70 (50000 records)...
  ✓ Chunk 14: 18075 imported, 31925 skipped
Uploading chunk 15/70 (50000 records)...
  ✓ Chunk 15: 17587 imported, 32413 skipped
Uploading chunk 16/70 (50000 records)...
  ✓ Chunk 16: 16351 imported, 33649 skipped
Uploading chunk 17/70 (50000 records)...
  ✓ Chunk 17: 15581 imported, 34419 skipped
Uploading chunk 18/70 (50000 records)...
  ✓ Chunk 18: 16232 imported, 33768 skipped
Uploading chunk 19/70 (50000 records)...
  ✓ Chunk 19: 17939 imported, 32061 skipped
Uploading chunk 20/70 (50000 records)...
  ✓ Chunk 20: 14726 imported, 35274 skipped
Uploading chunk 21/70 (50000 records)...
  ✓ Chunk 21: 15620 imported, 34380 skipped
Uploading chunk 22/70 (50000 records)...
  ✓ Chunk 22: 18747 imported, 31253 skipped
Uploading chunk 23/70 (50000 records)...
  ✓ Chunk 23: 25059 imported, 24941 skipped
Uploading chunk 24/70 (50000 records)...
  ✓ Chunk 24: 25638 imported, 24362 skipped
Uploading chunk 25/70 (50000 records)...
  ✓ Chunk 25: 14263 imported, 35737 skipped
Uploading chunk 26/70 (50000 records)...
  ✓ Chunk 26: 19116 imported, 30884 skipped
Uploading chunk 27/70 (50000 records)...
  ✓ Chunk 27: 20050 imported, 29950 skipped
Uploading chunk 28/70 (50000 records)...
  ✓ Chunk 28: 18938 imported, 31062 skipped
Uploading chunk 29/70 (50000 records)...
  ✓ Chunk 29: 17883 imported, 32117 skipped
Uploading chunk 30/70 (50000 records)...
  ✓ Chunk 30: 15604 imported, 34396 skipped
Uploading chunk 31/70 (50000 records)...
  ✓ Chunk 31: 14086 imported, 35914 skipped
Uploading chunk 32/70 (50000 records)...
  ✓ Chunk 32: 14390 imported, 35610 skipped
Uploading chunk 33/70 (50000 records)...
  ✓ Chunk 33: 10222 imported, 39778 skipped
Uploading chunk 34/70 (50000 records)...
  ✓ Chunk 34: 10660 imported, 39340 skipped
Uploading chunk 35/70 (50000 records)...
  ✓ Chunk 35: 14520 imported, 35480 skipped
Uploading chunk 36/70 (50000 records)...
  ✓ Chunk 36: 15878 imported, 34122 skipped
Uploading chunk 37/70 (50000 records)...
  ✓ Chunk 37: 11084 imported, 38916 skipped
Uploading chunk 38/70 (50000 records)...
  ✓ Chunk 38: 12496 imported, 37504 skipped
Uploading chunk 39/70 (50000 records)...
  ✓ Chunk 39: 10673 imported, 39327 skipped
Uploading chunk 40/70 (50000 records)...
  ✓ Chunk 40: 10873 imported, 39127 skipped
Uploading chunk 41/70 (50000 records)...
  ✓ Chunk 41: 8939 imported, 41061 skipped
Uploading chunk 42/70 (50000 records)...
  ✓ Chunk 42: 10355 imported, 39645 skipped
Uploading chunk 43/70 (50000 records)...
  ✓ Chunk 43: 11605 imported, 38395 skipped
Uploading chunk 44/70 (50000 records)...
  ✓ Chunk 44: 11923 imported, 38077 skipped
Uploading chunk 45/70 (50000 records)...
  ✓ Chunk 45: 11495 imported, 38505 skipped
Uploading chunk 46/70 (50000 records)...
  ✓ Chunk 46: 11705 imported, 38295 skipped
Uploading chunk 47/70 (50000 records)...
  ✓ Chunk 47: 11920 imported, 38080 skipped
Uploading chunk 48/70 (50000 records)...
  ✓ Chunk 48: 12009 imported, 37991 skipped
Uploading chunk 49/70 (50000 records)...
  ✓ Chunk 49: 12291 imported, 37709 skipped
Uploading chunk 50/70 (50000 records)...
  ✓ Chunk 50: 14188 imported, 35812 skipped
Uploading chunk 51/70 (50000 records)...
  ✓ Chunk 51: 12635 imported, 37365 skipped
Uploading chunk 52/70 (50000 records)...
  ✓ Chunk 52: 13946 imported, 36054 skipped
Uploading chunk 53/70 (50000 records)...
  ✓ Chunk 53: 13886 imported, 36114 skipped
Uploading chunk 54/70 (50000 records)...
  ✓ Chunk 54: 12870 imported, 37130 skipped
Uploading chunk 55/70 (50000 records)...
  ✓ Chunk 55: 12738 imported, 37262 skipped
Uploading chunk 56/70 (50000 records)...
  ✓ Chunk 56: 12318 imported, 37682 skipped
Uploading chunk 57/70 (50000 records)...
  ✓ Chunk 57: 11229 imported, 38771 skipped
Uploading chunk 58/70 (50000 records)...
  ✓ Chunk 58: 7676 imported, 24119 skipped
Uploading chunk 59/70 (50000 records)...
  ✓ Chunk 59: 7551 imported, 42449 skipped
Uploading chunk 60/70 (50000 records)...
  ✓ Chunk 60: 10266 imported, 39734 skipped
Uploading chunk 61/70 (50000 records)...
  ✓ Chunk 61: 9405 imported, 40595 skipped
Uploading chunk 62/70 (50000 records)...
  ✓ Chunk 62: 9463 imported, 40537 skipped
Uploading chunk 63/70 (50000 records)...
  ✓ Chunk 63: 9871 imported, 40129 skipped
Uploading chunk 64/70 (50000 records)...
  ✓ Chunk 64: 10821 imported, 39179 skipped
Uploading chunk 65/70 (50000 records)...
  ✓ Chunk 65: 9532 imported, 40468 skipped
Uploading chunk 66/70 (50000 records)...
  ✓ Chunk 66: 10422 imported, 39578 skipped
Uploading chunk 67/70 (50000 records)...
  ✓ Chunk 67: 10719 imported, 39281 skipped
Uploading chunk 68/70 (50000 records)...
  ✓ Chunk 68: 8419 imported, 41581 skipped
Uploading chunk 69/70 (50000 records)...
  ✓ Chunk 69: 8034 imported, 41966 skipped
Uploading chunk 70/70 (42732 records)...
  ✓ Chunk 70: 7150 imported, 35582 skipped
{"success":true,"imported":1031795,"skipped":2422344,"chunks":70}

[CH.csv] Status: 200
[CH.csv] Response: Reading CSV file: /Users/nykb/Desktop/name_dataset/data/CH.csv
Reading CSV file...
Parsing CSV data...
Parsed 1591872 records
Uploading to API...
Splitting into 32 chunks of max 50000 records
Uploading chunk 1/32 (50000 records)...
  ✓ Chunk 1: 49832 imported, 168 skipped
Uploading chunk 2/32 (50000 records)...
  ✓ Chunk 2: 33520 imported, 16480 skipped
Uploading chunk 3/32 (50000 records)...
  ✓ Chunk 3: 22776 imported, 17224 skipped
Uploading chunk 4/32 (50000 records)...
  ✓ Chunk 4: 26864 imported, 23136 skipped
Uploading chunk 5/32 (50000 records)...
  ✓ Chunk 5: 23714 imported, 26286 skipped
Uploading chunk 6/32 (50000 records)...
  ✓ Chunk 6: 25074 imported, 24926 skipped
Uploading chunk 7/32 (50000 records)...
  ✓ Chunk 7: 23513 imported, 26487 skipped
Uploading chunk 8/32 (50000 records)...
  ✓ Chunk 8: 21921 imported, 28079 skipped
Uploading chunk 9/32 (50000 records)...
  ✓ Chunk 9: 19620 imported, 30380 skipped
Uploading chunk 10/32 (50000 records)...
  ✓ Chunk 10: 22355 imported, 27645 skipped
Uploading chunk 11/32 (50000 records)...
  ✓ Chunk 11: 21845 imported, 28155 skipped
Uploading chunk 12/32 (50000 records)...
  ✓ Chunk 12: 17575 imported, 32425 skipped
Uploading chunk 13/32 (50000 records)...
  ✓ Chunk 13: 28723 imported, 21277 skipped
Uploading chunk 14/32 (50000 records)...
  ✓ Chunk 14: 17211 imported, 32789 skipped
Uploading chunk 15/32 (50000 records)...
  ✓ Chunk 15: 17775 imported, 32225 skipped
Uploading chunk 16/32 (50000 records)...
  ✓ Chunk 16: 17023 imported, 32977 skipped
Uploading chunk 17/32 (50000 records)...
  ✓ Chunk 17: 16109 imported, 33891 skipped
Uploading chunk 18/32 (50000 records)...
  ✓ Chunk 18: 15397 imported, 34603 skipped
Uploading chunk 19/32 (50000 records)...
  ✓ Chunk 19: 15242 imported, 34758 skipped
Uploading chunk 20/32 (50000 records)...
  ✓ Chunk 20: 15335 imported, 34665 skipped
Uploading chunk 21/32 (50000 records)...
  ✓ Chunk 21: 15235 imported, 34765 skipped
Uploading chunk 22/32 (50000 records)...
  ✓ Chunk 22: 13859 imported, 36141 skipped
Uploading chunk 23/32 (50000 records)...
  ✓ Chunk 23: 11058 imported, 38942 skipped
Uploading chunk 24/32 (50000 records)...
  ✓ Chunk 24: 11465 imported, 38535 skipped
Uploading chunk 25/32 (50000 records)...
  ✓ Chunk 25: 11048 imported, 38952 skipped
Uploading chunk 26/32 (50000 records)...
  ✓ Chunk 26: 10676 imported, 39324 skipped
Uploading chunk 27/32 (50000 records)...
  ✓ Chunk 27: 10472 imported, 39528 skipped
Uploading chunk 28/32 (50000 records)...
  ✓ Chunk 28: 10333 imported, 39667 skipped
Uploading chunk 29/32 (50000 records)...
  ✓ Chunk 29: 9218 imported, 40782 skipped
Uploading chunk 30/32 (50000 records)...
  ✓ Chunk 30: 10171 imported, 39829 skipped
Uploading chunk 31/32 (50000 records)...
  ✓ Chunk 31: 10108 imported, 39892 skipped
Uploading chunk 32/32 (41872 records)...
  ✓ Chunk 32: 9774 imported, 32098 skipped
{"success":true,"imported":584841,"skipped":997031,"chunks":32}

[CL.csv] Status: 200
[CL.csv] Response: Reading CSV file: /Users/nykb/Desktop/name_dataset/data/CL.csv
Reading CSV file...
Parsing CSV data...
Parsed 6888349 records
Uploading to API...
Splitting into 138 chunks of max 50000 records
Uploading chunk 1/138 (50000 records)...
  ✓ Chunk 1: 32175 imported, 10020 skipped
Uploading chunk 2/138 (50000 records)...
  ✓ Chunk 2: 29634 imported, 20366 skipped
Uploading chunk 3/138 (50000 records)...
  ✓ Chunk 3: 20012 imported, 13650 skipped
Uploading chunk 4/138 (50000 records)...
  ✓ Chunk 4: 24305 imported, 25695 skipped
Uploading chunk 5/138 (50000 records)...
  ✓ Chunk 5: 24956 imported, 25044 skipped
Uploading chunk 6/138 (50000 records)...
  ✓ Chunk 6: 22010 imported, 27990 skipped
Uploading chunk 7/138 (50000 records)...
  ✓ Chunk 7: 22822 imported, 27178 skipped
Uploading chunk 8/138 (50000 records)...
  ✓ Chunk 8: 22914 imported, 27086 skipped
Uploading chunk 9/138 (50000 records)...
  ✓ Chunk 9: 21718 imported, 28282 skipped
Uploading chunk 10/138 (50000 records)...
  ✓ Chunk 10: 20183 imported, 29817 skipped
Uploading chunk 11/138 (50000 records)...
  ✓ Chunk 11: 20032 imported, 29968 skipped
Uploading chunk 12/138 (50000 records)...
  ✓ Chunk 12: 19800 imported, 30200 skipped
Uploading chunk 13/138 (50000 records)...
  ✓ Chunk 13: 19156 imported, 30844 skipped
Uploading chunk 14/138 (50000 records)...
  ✓ Chunk 14: 18942 imported, 31058 skipped
Uploading chunk 15/138 (50000 records)...
  ✓ Chunk 15: 14650 imported, 25350 skipped
Uploading chunk 16/138 (50000 records)...
  ✓ Chunk 16: 18003 imported, 31997 skipped
Uploading chunk 17/138 (50000 records)...
  ✓ Chunk 17: 17882 imported, 32118 skipped
Uploading chunk 18/138 (50000 records)...
  ✓ Chunk 18: 18072 imported, 31928 skipped
Uploading chunk 19/138 (50000 records)...
  ✓ Chunk 19: 17837 imported, 32163 skipped
Uploading chunk 20/138 (50000 records)...
  ✓ Chunk 20: 17426 imported, 32574 skipped
Uploading chunk 21/138 (50000 records)...
  ✓ Chunk 21: 16244 imported, 33756 skipped
Uploading chunk 22/138 (50000 records)...
  ✓ Chunk 22: 16667 imported, 33333 skipped
Uploading chunk 23/138 (50000 records)...
  ✓ Chunk 23: 16547 imported, 33453 skipped
Uploading chunk 24/138 (50000 records)...
  ✓ Chunk 24: 16006 imported, 33994 skipped
Uploading chunk 25/138 (50000 records)...
  ✓ Chunk 25: 16493 imported, 33507 skipped
Uploading chunk 26/138 (50000 records)...
  ✓ Chunk 26: 16537 imported, 33463 skipped
Uploading chunk 27/138 (50000 records)...
  ✓ Chunk 27: 16059 imported, 33941 skipped
Uploading chunk 28/138 (50000 records)...
  ✓ Chunk 28: 15621 imported, 34379 skipped
Uploading chunk 29/138 (50000 records)...
  ✓ Chunk 29: 15437 imported, 34563 skipped
Uploading chunk 30/138 (50000 records)...
  ✓ Chunk 30: 15360 imported, 34640 skipped
Uploading chunk 31/138 (50000 records)...
  ✓ Chunk 31: 14747 imported, 35253 skipped
Uploading chunk 32/138 (50000 records)...
  ✓ Chunk 32: 15115 imported, 34885 skipped
Uploading chunk 33/138 (50000 records)...
  ✓ Chunk 33: 15200 imported, 34800 skipped
Uploading chunk 34/138 (50000 records)...
  ✓ Chunk 34: 14670 imported, 35330 skipped
Uploading chunk 35/138 (50000 records)...
  ✓ Chunk 35: 14437 imported, 35563 skipped
Uploading chunk 36/138 (50000 records)...
  ✓ Chunk 36: 12579 imported, 28133 skipped
Uploading chunk 37/138 (50000 records)...
  ✓ Chunk 37: 11600 imported, 28400 skipped
Uploading chunk 38/138 (50000 records)...
  ✓ Chunk 38: 14276 imported, 35724 skipped
Uploading chunk 39/138 (50000 records)...
  ✓ Chunk 39: 13930 imported, 36070 skipped
Uploading chunk 40/138 (50000 records)...
  ✓ Chunk 40: 14514 imported, 35486 skipped
Uploading chunk 41/138 (50000 records)...
  ✓ Chunk 41: 13935 imported, 36065 skipped
Uploading chunk 42/138 (50000 records)...
  ✓ Chunk 42: 14435 imported, 35565 skipped
Uploading chunk 43/138 (50000 records)...
  ✓ Chunk 43: 14046 imported, 35954 skipped
Uploading chunk 44/138 (50000 records)...
  ✓ Chunk 44: 13427 imported, 36573 skipped
Uploading chunk 45/138 (50000 records)...
  ✓ Chunk 45: 13522 imported, 36478 skipped
Uploading chunk 46/138 (50000 records)...
  ✓ Chunk 46: 13360 imported, 36640 skipped
Uploading chunk 47/138 (50000 records)...
  ✓ Chunk 47: 13416 imported, 36584 skipped
Uploading chunk 48/138 (50000 records)...
  ✓ Chunk 48: 13383 imported, 36617 skipped
Uploading chunk 49/138 (50000 records)...
  ✓ Chunk 49: 12786 imported, 37214 skipped
Uploading chunk 50/138 (50000 records)...
  ✓ Chunk 50: 12970 imported, 37030 skipped
Uploading chunk 51/138 (50000 records)...
  ✓ Chunk 51: 12952 imported, 37048 skipped
Uploading chunk 52/138 (50000 records)...
  ✓ Chunk 52: 13111 imported, 36889 skipped
Uploading chunk 53/138 (50000 records)...
  ✓ Chunk 53: 13340 imported, 36660 skipped
Uploading chunk 54/138 (50000 records)...
  ✓ Chunk 54: 1138 imported, 0 skipped
Uploading chunk 55/138 (50000 records)...
  ✓ Chunk 55: 0 imported, 0 skipped
Uploading chunk 56/138 (50000 records)...
  ✓ Chunk 56: 0 imported, 0 skipped
Uploading chunk 57/138 (50000 records)...
  ✓ Chunk 57: 0 imported, 0 skipped
Uploading chunk 58/138 (50000 records)...
  ✓ Chunk 58: 0 imported, 0 skipped
Uploading chunk 59/138 (50000 records)...
  ✓ Chunk 59: 0 imported, 0 skipped
Uploading chunk 60/138 (50000 records)...
  ✓ Chunk 60: 0 imported, 0 skipped
Uploading chunk 61/138 (50000 records)...
  ✓ Chunk 61: 0 imported, 0 skipped
Uploading chunk 62/138 (50000 records)...
  ✓ Chunk 62: 0 imported, 0 skipped
Uploading chunk 63/138 (50000 records)...
  ✓ Chunk 63: 0 imported, 0 skipped
Uploading chunk 64/138 (50000 records)...
  ✓ Chunk 64: 0 imported, 0 skipped
Uploading chunk 65/138 (50000 records)...
  ✓ Chunk 65: 0 imported, 0 skipped
Uploading chunk 66/138 (50000 records)...
  ✓ Chunk 66: 0 imported, 0 skipped
Uploading chunk 67/138 (50000 records)...
  ✓ Chunk 67: 0 imported, 0 skipped
Uploading chunk 68/138 (50000 records)...
  ✓ Chunk 68: 0 imported, 0 skipped
Uploading chunk 69/138 (50000 records)...
  ✓ Chunk 69: 0 imported, 0 skipped
Uploading chunk 70/138 (50000 records)...
  ✓ Chunk 70: 0 imported, 0 skipped
Uploading chunk 71/138 (50000 records)...
  ✓ Chunk 71: 0 imported, 0 skipped
Uploading chunk 72/138 (50000 records)...
  ✓ Chunk 72: 0 imported, 0 skipped
Uploading chunk 73/138 (50000 records)...
  ✓ Chunk 73: 0 imported, 0 skipped
Uploading chunk 74/138 (50000 records)...
  ✓ Chunk 74: 0 imported, 0 skipped
Uploading chunk 75/138 (50000 records)...
  ✓ Chunk 75: 0 imported, 0 skipped
Uploading chunk 76/138 (50000 records)...
  ✓ Chunk 76: 0 imported, 0 skipped
Uploading chunk 77/138 (50000 records)...
  ✓ Chunk 77: 0 imported, 0 skipped
Uploading chunk 78/138 (50000 records)...
  ✓ Chunk 78: 0 imported, 0 skipped
Uploading chunk 79/138 (50000 records)...
  ✓ Chunk 79: 0 imported, 0 skipped
Uploading chunk 80/138 (50000 records)...
  ✓ Chunk 80: 0 imported, 0 skipped
Uploading chunk 81/138 (50000 records)...
  ✓ Chunk 81: 0 imported, 0 skipped
Uploading chunk 82/138 (50000 records)...
  ✓ Chunk 82: 0 imported, 0 skipped
Uploading chunk 83/138 (50000 records)...
  ✓ Chunk 83: 0 imported, 0 skipped
Uploading chunk 84/138 (50000 records)...
  ✓ Chunk 84: 0 imported, 0 skipped
Uploading chunk 85/138 (50000 records)...
  ✓ Chunk 85: 0 imported, 0 skipped
Uploading chunk 86/138 (50000 records)...
  ✓ Chunk 86: 0 imported, 0 skipped
Uploading chunk 87/138 (50000 records)...
  ✓ Chunk 87: 0 imported, 0 skipped
Uploading chunk 88/138 (50000 records)...
  ✓ Chunk 88: 0 imported, 0 skipped
Uploading chunk 89/138 (50000 records)...
  ✓ Chunk 89: 0 imported, 0 skipped
Uploading chunk 90/138 (50000 records)...
  ✓ Chunk 90: 0 imported, 0 skipped
Uploading chunk 91/138 (50000 records)...
  ✓ Chunk 91: 0 imported, 0 skipped
Uploading chunk 92/138 (50000 records)...
  ✓ Chunk 92: 0 imported, 0 skipped
Uploading chunk 93/138 (50000 records)...
  ✓ Chunk 93: 0 imported, 0 skipped
Uploading chunk 94/138 (50000 records)...
  ✓ Chunk 94: 0 imported, 0 skipped
Uploading chunk 95/138 (50000 records)...
  ✓ Chunk 95: 0 imported, 0 skipped
Uploading chunk 96/138 (50000 records)...
  ✓ Chunk 96: 0 imported, 0 skipped
Uploading chunk 97/138 (50000 records)...
  ✓ Chunk 97: 0 imported, 0 skipped
Uploading chunk 98/138 (50000 records)...
  ✓ Chunk 98: 0 imported, 0 skipped
Uploading chunk 99/138 (50000 records)...
  ✓ Chunk 99: 0 imported, 0 skipped
Uploading chunk 100/138 (50000 records)...
  ✓ Chunk 100: 0 imported, 0 skipped
Uploading chunk 101/138 (50000 records)...
  ✓ Chunk 101: 0 imported, 0 skipped
Uploading chunk 102/138 (50000 records)...
  ✓ Chunk 102: 0 imported, 0 skipped
Uploading chunk 103/138 (50000 records)...
  ✓ Chunk 103: 0 imported, 0 skipped
Uploading chunk 104/138 (50000 records)...
  ✓ Chunk 104: 0 imported, 0 skipped
Uploading chunk 105/138 (50000 records)...
  ✓ Chunk 105: 0 imported, 0 skipped
Uploading chunk 106/138 (50000 records)...
  ✓ Chunk 106: 0 imported, 0 skipped
Uploading chunk 107/138 (50000 records)...
  ✓ Chunk 107: 0 imported, 0 skipped
Uploading chunk 108/138 (50000 records)...
  ✓ Chunk 108: 0 imported, 0 skipped
Uploading chunk 109/138 (50000 records)...
  ✓ Chunk 109: 0 imported, 0 skipped
Uploading chunk 110/138 (50000 records)...
  ✓ Chunk 110: 0 imported, 0 skipped
Uploading chunk 111/138 (50000 records)...
  ✓ Chunk 111: 0 imported, 0 skipped
Uploading chunk 112/138 (50000 records)...
  ✓ Chunk 112: 0 imported, 0 skipped
Uploading chunk 113/138 (50000 records)...
  ✓ Chunk 113: 0 imported, 0 skipped
Uploading chunk 114/138 (50000 records)...
  ✓ Chunk 114: 0 imported, 0 skipped
Uploading chunk 115/138 (50000 records)...
  ✓ Chunk 115: 0 imported, 0 skipped
Uploading chunk 116/138 (50000 records)...
  ✓ Chunk 116: 0 imported, 0 skipped
Uploading chunk 117/138 (50000 records)...
  ✓ Chunk 117: 0 imported, 0 skipped
Uploading chunk 118/138 (50000 records)...
  ✓ Chunk 118: 0 imported, 0 skipped
Uploading chunk 119/138 (50000 records)...
  ✓ Chunk 119: 0 imported, 0 skipped
Uploading chunk 120/138 (50000 records)...
  ✓ Chunk 120: 0 imported, 0 skipped
Uploading chunk 121/138 (50000 records)...
  ✓ Chunk 121: 0 imported, 0 skipped
Uploading chunk 122/138 (50000 records)...
  ✓ Chunk 122: 0 imported, 0 skipped
Uploading chunk 123/138 (50000 records)...
  ✓ Chunk 123: 0 imported, 0 skipped
Uploading chunk 124/138 (50000 records)...
  ✓ Chunk 124: 0 imported, 0 skipped
Uploading chunk 125/138 (50000 records)...
  ✓ Chunk 125: 0 imported, 0 skipped
Uploading chunk 126/138 (50000 records)...
  ✓ Chunk 126: 0 imported, 0 skipped
Uploading chunk 127/138 (50000 records)...
  ✓ Chunk 127: 0 imported, 0 skipped
Uploading chunk 128/138 (50000 records)...
  ✓ Chunk 128: 0 imported, 0 skipped
Uploading chunk 129/138 (50000 records)...
  ✓ Chunk 129: 0 imported, 0 skipped
Uploading chunk 130/138 (50000 records)...
  ✓ Chunk 130: 0 imported, 0 skipped
Uploading chunk 131/138 (50000 records)...
  ✓ Chunk 131: 0 imported, 0 skipped
Uploading chunk 132/138 (50000 records)...
  ✓ Chunk 132: 0 imported, 0 skipped
Uploading chunk 133/138 (50000 records)...
  ✓ Chunk 133: 0 imported, 0 skipped
Uploading chunk 134/138 (50000 records)...
  ✓ Chunk 134: 0 imported, 0 skipped
Uploading chunk 135/138 (50000 records)...
  ✓ Chunk 135: 0 imported, 0 skipped
Uploading chunk 136/138 (50000 records)...
  ✓ Chunk 136: 0 imported, 0 skipped
Uploading chunk 137/138 (50000 records)...
  ✓ Chunk 137: 0 imported, 0 skipped
Uploading chunk 138/138 (38349 records)...
  ✓ Chunk 138: 0 imported, 0 skipped
{"success":true,"imported":900389,"skipped":1697318,"chunks":138}

[CM.csv] Status: 200
[CM.csv] Response: Reading CSV file: /Users/nykb/Desktop/name_dataset/data/CM.csv
Reading CSV file...
Parsing CSV data...
Parsed 1997552 records
Uploading to API...
Splitting into 40 chunks of max 50000 records
Uploading chunk 1/40 (50000 records)...
  ✓ Chunk 1: 0 imported, 0 skipped
Uploading chunk 2/40 (50000 records)...
  ✓ Chunk 2: 0 imported, 0 skipped
Uploading chunk 3/40 (50000 records)...
  ✓ Chunk 3: 0 imported, 0 skipped
Uploading chunk 4/40 (50000 records)...
  ✓ Chunk 4: 0 imported, 0 skipped
Uploading chunk 5/40 (50000 records)...
  ✓ Chunk 5: 0 imported, 0 skipped
Uploading chunk 6/40 (50000 records)...
  ✓ Chunk 6: 0 imported, 0 skipped
Uploading chunk 7/40 (50000 records)...
  ✓ Chunk 7: 0 imported, 0 skipped
Uploading chunk 8/40 (50000 records)...
  ✓ Chunk 8: 0 imported, 0 skipped
Uploading chunk 9/40 (50000 records)...
  ✓ Chunk 9: 0 imported, 0 skipped
Uploading chunk 10/40 (50000 records)...
  ✓ Chunk 10: 0 imported, 0 skipped
Uploading chunk 11/40 (50000 records)...
  ✓ Chunk 11: 0 imported, 0 skipped
Uploading chunk 12/40 (50000 records)...
  ✓ Chunk 12: 0 imported, 0 skipped
Uploading chunk 13/40 (50000 records)...
  ✓ Chunk 13: 0 imported, 0 skipped
Uploading chunk 14/40 (50000 records)...
  ✓ Chunk 14: 0 imported, 0 skipped
Uploading chunk 15/40 (50000 records)...
  ✓ Chunk 15: 0 imported, 0 skipped
Uploading chunk 16/40 (50000 records)...
  ✓ Chunk 16: 0 imported, 0 skipped
Uploading chunk 17/40 (50000 records)...
  ✓ Chunk 17: 0 imported, 0 skipped
Uploading chunk 18/40 (50000 records)...
  ✓ Chunk 18: 0 imported, 0 skipped
Uploading chunk 19/40 (50000 records)...
  ✓ Chunk 19: 0 imported, 0 skipped
Uploading chunk 20/40 (50000 records)...
  ✓ Chunk 20: 0 imported, 0 skipped
Uploading chunk 21/40 (50000 records)...
  ✓ Chunk 21: 0 imported, 0 skipped
Uploading chunk 22/40 (50000 records)...
  ✓ Chunk 22: 0 imported, 0 skipped
Uploading chunk 23/40 (50000 records)...
  ✓ Chunk 23: 0 imported, 0 skipped
Uploading chunk 24/40 (50000 records)...
  ✓ Chunk 24: 0 imported, 0 skipped
Uploading chunk 25/40 (50000 records)...
  ✓ Chunk 25: 0 imported, 0 skipped
Uploading chunk 26/40 (50000 records)...
  ✓ Chunk 26: 0 imported, 0 skipped
Uploading chunk 27/40 (50000 records)...
  ✓ Chunk 27: 0 imported, 0 skipped
Uploading chunk 28/40 (50000 records)...
  ✓ Chunk 28: 0 imported, 0 skipped
Uploading chunk 29/40 (50000 records)...
  ✓ Chunk 29: 0 imported, 0 skipped
Uploading chunk 30/40 (50000 records)...
  ✓ Chunk 30: 0 imported, 0 skipped
Uploading chunk 31/40 (50000 records)...
  ✓ Chunk 31: 0 imported, 0 skipped
Uploading chunk 32/40 (50000 records)...
  ✓ Chunk 32: 0 imported, 0 skipped
Uploading chunk 33/40 (50000 records)...
  ✓ Chunk 33: 0 imported, 0 skipped
Uploading chunk 34/40 (50000 records)...
  ✓ Chunk 34: 0 imported, 0 skipped
Uploading chunk 35/40 (50000 records)...
  ✓ Chunk 35: 0 imported, 0 skipped
Uploading chunk 36/40 (50000 records)...
  ✓ Chunk 36: 0 imported, 0 skipped
Uploading chunk 37/40 (50000 records)...
  ✓ Chunk 37: 0 imported, 0 skipped
Uploading chunk 38/40 (50000 records)...
  ✓ Chunk 38: 0 imported, 0 skipped
Uploading chunk 39/40 (50000 records)...
  ✓ Chunk 39: 0 imported, 0 skipped
Uploading chunk 40/40 (47552 records)...
  ✓ Chunk 40: 0 imported, 0 skipped
{"success":true,"imported":0,"skipped":0,"chunks":40}

[CN.csv] Status: 200
[CN.csv] Response: Reading CSV file: /Users/nykb/Desktop/name_dataset/data/CN.csv
Reading CSV file...
Parsing CSV data...
Parsed 625598 records
Uploading to API...
Splitting into 13 chunks of max 50000 records
Uploading chunk 1/13 (50000 records)...
  ✓ Chunk 1: 0 imported, 0 skipped
Uploading chunk 2/13 (50000 records)...
  ✓ Chunk 2: 0 imported, 0 skipped
Uploading chunk 3/13 (50000 records)...
  ✓ Chunk 3: 0 imported, 0 skipped
Uploading chunk 4/13 (50000 records)...
  ✓ Chunk 4: 0 imported, 0 skipped
Uploading chunk 5/13 (50000 records)...
  ✓ Chunk 5: 0 imported, 0 skipped
Uploading chunk 6/13 (50000 records)...
  ✓ Chunk 6: 0 imported, 0 skipped
Uploading chunk 7/13 (50000 records)...
  ✓ Chunk 7: 0 imported, 0 skipped
Uploading chunk 8/13 (50000 records)...
  ✓ Chunk 8: 0 imported, 0 skipped
Uploading chunk 9/13 (50000 records)...
  ✓ Chunk 9: 0 imported, 0 skipped
Uploading chunk 10/13 (50000 records)...
  ✓ Chunk 10: 0 imported, 0 skipped
Uploading chunk 11/13 (50000 records)...
  ✓ Chunk 11: 0 imported, 0 skipped
Uploading chunk 12/13 (50000 records)...
  ✓ Chunk 12: 0 imported, 0 skipped
Uploading chunk 13/13 (25598 records)...
  ✓ Chunk 13: 0 imported, 0 skipped
{"success":true,"imported":0,"skipped":0,"chunks":13}

