Starting large file upload at Wed Dec  3 11:11:16 GMT 2025

Processing: SA.csv
  File size: 620M
  Using streaming parser for large file...
  Starting upload at Wed Dec  3 11:11:16 GMT 2025...
Upload Configuration:
  File: /Users/nykb/Desktop/name_dataset/data/SA.csv
  Endpoint: https://email-generator-app-production.up.railway.app/api/admin/import/bulk-names-stream
  Mode: add

File size: 620.38 MB
Starting upload...
Upload failed: HTTP 404: {"detail":"Not Found"}

============================================================
UPLOAD FAILED
============================================================
Error: HTTP 404: {"detail":"Not Found"}
Error: HTTP 404: {"detail":"Not Found"}
    at IncomingMessage.<anonymous> (/Users/nykb/email-generator-app/upload-csv-direct.js:89:18)
    at IncomingMessage.emit (node:events:536:35)
    at endReadableNT (node:internal/streams/readable:1698:12)
    at process.processTicksAndRejections (node:internal/process/task_queues:82:21)
============================================================
  ✗ Upload failed with exit code 1
  ✗ Upload failed with exit code 1

Processing: US.csv
  File size: 598M
  Using streaming parser for large file...
  Starting upload at Wed Dec  3 11:11:22 GMT 2025...
Upload Configuration:
  File: /Users/nykb/Desktop/name_dataset/data/US.csv
  Endpoint: https://email-generator-app-production.up.railway.app/api/admin/import/bulk-names-stream
  Mode: add

File size: 597.89 MB
Starting upload...
Upload failed: HTTP 404: {"detail":"Not Found"}

============================================================
UPLOAD FAILED
============================================================
Error: HTTP 404: {"detail":"Not Found"}
Error: HTTP 404: {"detail":"Not Found"}
    at IncomingMessage.<anonymous> (/Users/nykb/email-generator-app/upload-csv-direct.js:89:18)
    at IncomingMessage.emit (node:events:536:35)
    at endReadableNT (node:internal/streams/readable:1698:12)
    at process.processTicksAndRejections (node:internal/process/task_queues:82:21)
============================================================
  ✗ Upload failed with exit code 1
  ✗ Upload failed with exit code 1

