Starting large file upload at Wed Dec  3 11:06:35 GMT 2025

Processing: SA.csv
  File size: 620M
  Using streaming parser for large file...
  Starting upload at Wed Dec  3 11:06:35 GMT 2025...
Reading CSV file: /Users/nykb/Desktop/name_dataset/data/SA.csv
File size: 620.38 MB
Large file detected - using streaming batch upload...
Will process and upload in batches of 10000 records
Uploading batch 1 (10000 records)...
  ✗ Batch 1: HTTP 404
Uploading batch 2 (10000 records)...
  ✗ Batch 2: HTTP 404
Uploading batch 3 (10000 records)...
  ✗ Batch 3: HTTP 404
Uploading batch 4 (10000 records)...
  ✗ Batch 4: HTTP 404
Uploading batch 5 (10000 records)...
  ✗ Batch 5: HTTP 404
Uploading batch 6 (10000 records)...
  ✗ Batch 6: HTTP 404
Uploading batch 7 (10000 records)...
  ✗ Batch 7: HTTP 404
Uploading batch 8 (10000 records)...
  ✗ Batch 8: HTTP 404
Uploading batch 9 (10000 records)...
  ✗ Batch 9: HTTP 404
Uploading batch 10 (10000 records)...
  ✗ Batch 10: HTTP 404
Uploading batch 11 (10000 records)...
  ✗ Batch 11: HTTP 404
Uploading batch 12 (10000 records)...
  ✗ Batch 12: HTTP 404
Uploading batch 13 (10000 records)...
  ✗ Batch 13: HTTP 404
Uploading batch 14 (10000 records)...
  ✗ Batch 14: HTTP 404
Uploading batch 15 (10000 records)...
  ✗ Batch 15: HTTP 404
Uploading batch 16 (10000 records)...
  ✗ Batch 16: HTTP 404
Uploading batch 17 (10000 records)...
  ✗ Batch 17: HTTP 404
Uploading batch 18 (10000 records)...
  ✗ Batch 18: HTTP 404
Uploading batch 19 (10000 records)...
  ✗ Batch 19: HTTP 404
Uploading batch 20 (10000 records)...
  ✗ Batch 20: HTTP 404
Uploading batch 21 (10000 records)...
  ✗ Batch 21: HTTP 404
Uploading batch 22 (10000 records)...
  ✗ Batch 22: HTTP 404
Uploading batch 23 (10000 records)...
  ✗ Batch 23: HTTP 404
Uploading batch 24 (10000 records)...
  ✗ Batch 24: HTTP 404
Uploading batch 25 (10000 records)...
  ✗ Batch 25: HTTP 404
Uploading batch 26 (10000 records)...
  ✗ Batch 26: HTTP 404
Uploading batch 27 (10000 records)...
  ✗ Batch 27: HTTP 404
Uploading batch 28 (10000 records)...
  ✗ Batch 28: HTTP 404
Uploading batch 29 (10000 records)...
  ✗ Batch 29: HTTP 404
Uploading batch 30 (10000 records)...
  ✗ Batch 30: HTTP 404
Uploading batch 31 (10000 records)...
  ✗ Batch 31: HTTP 404
Uploading batch 32 (10000 records)...
  ✗ Batch 32: HTTP 404
Uploading batch 33 (10000 records)...
  ✗ Batch 33: HTTP 404
Uploading batch 34 (10000 records)...
  ✗ Batch 34: HTTP 404
Uploading batch 35 (10000 records)...
  ✗ Batch 35: HTTP 404
Uploading batch 36 (10000 records)...
  ✗ Batch 36: HTTP 404
Uploading batch 37 (10000 records)...
  ✗ Batch 37: HTTP 404
Uploading batch 38 (10000 records)...
  ✗ Batch 38: HTTP 404
Uploading batch 39 (10000 records)...
  ✗ Batch 39: HTTP 404
Uploading batch 40 (10000 records)...
  ✗ Batch 40: HTTP 404
Uploading batch 41 (10000 records)...
  ✗ Batch 41: HTTP 404
Uploading batch 42 (10000 records)...
  ✗ Batch 42: HTTP 404
Uploading batch 43 (10000 records)...
  ✗ Batch 43: HTTP 404
Uploading batch 44 (10000 records)...
  ✗ Batch 44: HTTP 404
Uploading batch 45 (10000 records)...
  ✗ Batch 45: HTTP 404
Uploading batch 46 (10000 records)...
  ✗ Batch 46: HTTP 404
Uploading batch 47 (10000 records)...
  ✗ Batch 47: HTTP 404
Uploading batch 48 (10000 records)...
  ✗ Batch 48: HTTP 404
Uploading batch 49 (10000 records)...
  ✗ Batch 49: HTTP 404
Uploading batch 50 (10000 records)...
  ✗ Batch 50: HTTP 404
Uploading batch 51 (10000 records)...
  ✗ Batch 51: HTTP 404
Uploading batch 52 (10000 records)...
  ✗ Batch 52: HTTP 404
Uploading batch 53 (10000 records)...
  ✗ Batch 53: HTTP 404
Uploading batch 54 (10000 records)...
  ✗ Batch 54: HTTP 404
Uploading batch 55 (10000 records)...
  ✗ Batch 55: HTTP 404
Uploading batch 56 (10000 records)...
  ✗ Batch 56: HTTP 404
Uploading batch 57 (10000 records)...
  ✗ Batch 57: HTTP 404
Uploading batch 58 (10000 records)...
  ✗ Batch 58: HTTP 404
Uploading batch 59 (10000 records)...
  ✗ Batch 59: HTTP 404
Uploading batch 60 (10000 records)...
  ✗ Batch 60: HTTP 404
Uploading batch 61 (10000 records)...
  ✗ Batch 61: HTTP 404
Uploading batch 62 (10000 records)...
  ✗ Batch 62: HTTP 404
Uploading batch 63 (10000 records)...
  ✗ Batch 63: HTTP 404
Uploading batch 64 (10000 records)...
  ✗ Batch 64: HTTP 404
Uploading batch 65 (10000 records)...
  ✗ Batch 65: HTTP 404
Uploading batch 66 (10000 records)...
  ✗ Batch 66: HTTP 404
Uploading batch 67 (10000 records)...
  ✗ Batch 67: HTTP 404
Uploading batch 68 (10000 records)...
  ✗ Batch 68: HTTP 404
Uploading batch 69 (10000 records)...
  ✗ Batch 69: HTTP 404
Uploading batch 70 (10000 records)...
  ✗ Batch 70: HTTP 404
Uploading batch 71 (10000 records)...
  ✗ Batch 71: HTTP 404
Uploading batch 72 (10000 records)...
  ✗ Batch 72: HTTP 404
Uploading batch 73 (10000 records)...
  ✗ Batch 73: HTTP 404
Uploading batch 74 (10000 records)...
  ✗ Batch 74: HTTP 404
Uploading batch 75 (10000 records)...
  ✗ Batch 75: HTTP 404
Uploading batch 76 (10000 records)...
  ✗ Batch 76: HTTP 404
Uploading batch 77 (10000 records)...
  ✗ Batch 77: HTTP 404
Uploading batch 78 (10000 records)...
  ✗ Batch 78: HTTP 404
Uploading batch 79 (10000 records)...
  ✗ Batch 79: HTTP 404
Uploading batch 80 (10000 records)...
  ✗ Batch 80: HTTP 404
Uploading batch 81 (10000 records)...
  ✗ Batch 81: HTTP 404
Uploading batch 82 (10000 records)...
  ✗ Batch 82: HTTP 404
Uploading batch 83 (10000 records)...
  ✗ Batch 83: HTTP 404
Uploading batch 84 (10000 records)...
  ✗ Batch 84: HTTP 404
Uploading batch 85 (10000 records)...
  ✗ Batch 85: HTTP 404
Uploading batch 86 (10000 records)...
  ✗ Batch 86: HTTP 404
Uploading batch 87 (10000 records)...
  ✗ Batch 87: HTTP 404
Uploading batch 88 (10000 records)...
  ✗ Batch 88: HTTP 404
Uploading batch 89 (10000 records)...
  ✗ Batch 89: HTTP 404
Uploading batch 90 (10000 records)...
  ✗ Batch 90: HTTP 404
Uploading batch 91 (10000 records)...
  ✗ Batch 91: HTTP 404
Uploading batch 92 (10000 records)...
  ✗ Batch 92: HTTP 404
Uploading batch 93 (10000 records)...
  ✗ Batch 93: HTTP 404
Uploading batch 94 (10000 records)...
  ✗ Batch 94: HTTP 404
Uploading batch 95 (10000 records)...
  ✗ Batch 95: HTTP 404
Uploading batch 96 (10000 records)...
  ✗ Batch 96: HTTP 404
Uploading batch 97 (10000 records)...
  ✗ Batch 97: HTTP 404
Uploading batch 98 (10000 records)...
  ✗ Batch 98: HTTP 404
Uploading batch 99 (10000 records)...
  ✗ Batch 99: HTTP 404
Uploading batch 100 (10000 records)...
  ✗ Batch 100: HTTP 404
Uploading batch 101 (10000 records)...
  ✗ Batch 101: HTTP 404
Uploading batch 102 (10000 records)...
  ✗ Batch 102: HTTP 404
Uploading batch 103 (10000 records)...
  ✗ Batch 103: HTTP 404
Uploading batch 104 (10000 records)...
  ✗ Batch 104: HTTP 404
Uploading batch 105 (10000 records)...
  ✗ Batch 105: HTTP 404
Uploading batch 106 (10000 records)...
  ✗ Batch 106: HTTP 404
Uploading batch 107 (10000 records)...
  ✗ Batch 107: HTTP 404
Uploading batch 108 (10000 records)...
  ✗ Batch 108: HTTP 404
Uploading batch 109 (10000 records)...
  ✗ Batch 109: HTTP 404
Uploading batch 110 (10000 records)...
  ✗ Batch 110: HTTP 404
Uploading batch 111 (10000 records)...
  ✗ Batch 111: HTTP 404
Uploading batch 112 (10000 records)...
  ✗ Batch 112: HTTP 404
Uploading batch 113 (10000 records)...
  ✗ Batch 113: HTTP 404
Uploading batch 114 (10000 records)...
  ✗ Batch 114: HTTP 404
Uploading batch 115 (10000 records)...
  ✗ Batch 115: HTTP 404
Uploading batch 116 (10000 records)...
  ✗ Batch 116: HTTP 404
Uploading batch 117 (10000 records)...
  ✗ Batch 117: HTTP 404
Uploading batch 118 (10000 records)...
  ✗ Batch 118: HTTP 404
Uploading batch 119 (10000 records)...
  ✗ Batch 119: HTTP 404
Uploading batch 120 (10000 records)...
  ✗ Batch 120: HTTP 404
Uploading batch 121 (10000 records)...
  ✗ Batch 121: HTTP 404
Uploading batch 122 (10000 records)...
  ✗ Batch 122: HTTP 404
Uploading batch 123 (10000 records)...
  ✗ Batch 123: HTTP 404
Uploading batch 124 (10000 records)...
  ✗ Batch 124: HTTP 404
Uploading batch 125 (10000 records)...
  ✗ Batch 125: HTTP 404
Uploading batch 126 (10000 records)...
  ✗ Batch 126: HTTP 404
Uploading batch 127 (10000 records)...
  ✗ Batch 127: HTTP 404
Uploading batch 128 (10000 records)...
  ✗ Batch 128: HTTP 404
Uploading batch 129 (10000 records)...
  ✗ Batch 129: HTTP 404
Uploading batch 130 (10000 records)...
  ✗ Batch 130: HTTP 404
Uploading batch 131 (10000 records)...
  ✗ Batch 131: HTTP 404
Uploading batch 132 (10000 records)...
  ✗ Batch 132: HTTP 404
Uploading batch 133 (10000 records)...
  ✗ Batch 133: HTTP 404
Uploading batch 134 (10000 records)...
  ✗ Batch 134: HTTP 404
Uploading batch 135 (10000 records)...
  ✗ Batch 135: HTTP 404
Uploading batch 136 (10000 records)...
  ✗ Batch 136: HTTP 404
Uploading batch 137 (10000 records)...
  ✗ Batch 137: HTTP 404
Uploading batch 138 (10000 records)...
  ✗ Batch 138: HTTP 404
Uploading batch 139 (10000 records)...
  ✗ Batch 139: HTTP 404
Uploading batch 140 (10000 records)...
  ✗ Batch 140: HTTP 404
Uploading batch 141 (10000 records)...
  ✗ Batch 141: HTTP 404
Uploading batch 142 (10000 records)...
  ✗ Batch 142: HTTP 404
Uploading batch 143 (10000 records)...
  ✗ Batch 143: HTTP 404
Uploading batch 144 (10000 records)...
  ✗ Batch 144: HTTP 404
Uploading batch 145 (10000 records)...
  ✗ Batch 145: HTTP 404
Uploading batch 146 (10000 records)...
  ✗ Batch 146: HTTP 404
Uploading batch 147 (10000 records)...
  ✗ Batch 147: HTTP 404
Uploading batch 148 (10000 records)...
  ✗ Batch 148: HTTP 404
Uploading batch 149 (10000 records)...
  ✗ Batch 149: HTTP 404
Uploading batch 150 (10000 records)...
  ✗ Batch 150: HTTP 404
Uploading batch 151 (10000 records)...
  ✗ Batch 151: HTTP 404
Uploading batch 152 (10000 records)...
  ✗ Batch 152: HTTP 404
Uploading batch 153 (10000 records)...
  ✗ Batch 153: HTTP 404
Uploading batch 154 (10000 records)...
  ✗ Batch 154: HTTP 404
Uploading batch 155 (10000 records)...
  ✗ Batch 155: HTTP 404
Uploading batch 156 (10000 records)...
  ✗ Batch 156: HTTP 404
Uploading batch 157 (10000 records)...
  ✗ Batch 157: HTTP 404
Uploading batch 158 (10000 records)...
  ✗ Batch 158: HTTP 404
Uploading batch 159 (10000 records)...
  ✗ Batch 159: HTTP 404
Uploading batch 160 (10000 records)...
  ✗ Batch 160: HTTP 404
Uploading batch 161 (10000 records)...
  ✗ Batch 161: HTTP 404
Uploading batch 162 (10000 records)...
  ✗ Batch 162: HTTP 404
Uploading batch 163 (10000 records)...
  ✗ Batch 163: HTTP 404
Uploading batch 164 (10000 records)...
  ✗ Batch 164: HTTP 404
Uploading batch 165 (10000 records)...
  ✗ Batch 165: HTTP 404
Uploading batch 166 (10000 records)...
  ✗ Batch 166: HTTP 404
Uploading batch 167 (10000 records)...
  ✗ Batch 167: HTTP 404
Uploading batch 168 (10000 records)...
  ✗ Batch 168: HTTP 404
Uploading batch 169 (10000 records)...
  ✗ Batch 169: HTTP 404
Uploading batch 170 (10000 records)...
  ✗ Batch 170: HTTP 404
Uploading batch 171 (10000 records)...
  ✗ Batch 171: HTTP 404
Uploading batch 172 (10000 records)...
  ✗ Batch 172: HTTP 404
Uploading batch 173 (10000 records)...
  ✗ Batch 173: HTTP 404
Uploading batch 174 (10000 records)...
  ✗ Batch 174: HTTP 404
Uploading batch 175 (10000 records)...
  ✗ Batch 175: HTTP 404
Uploading batch 176 (10000 records)...
  ✗ Batch 176: HTTP 404
Uploading batch 177 (10000 records)...
  ✗ Batch 177: HTTP 404
Uploading batch 178 (10000 records)...
  ✗ Batch 178: HTTP 404
Uploading batch 179 (10000 records)...
  ✗ Batch 179: HTTP 404
Uploading batch 180 (10000 records)...
  ✗ Batch 180: HTTP 404
Uploading batch 181 (10000 records)...
  ✗ Batch 181: HTTP 404
Uploading batch 182 (10000 records)...
  ✗ Batch 182: HTTP 404
Uploading batch 183 (10000 records)...
  ✗ Batch 183: HTTP 404
Uploading batch 184 (10000 records)...
  ✗ Batch 184: HTTP 404
Uploading batch 185 (10000 records)...
  ✗ Batch 185: HTTP 404
Uploading batch 186 (10000 records)...
  ✗ Batch 186: HTTP 404
Uploading batch 187 (10000 records)...
  ✗ Batch 187: HTTP 404
Uploading batch 188 (10000 records)...
  ✗ Batch 188: HTTP 404
Uploading batch 189 (10000 records)...
  ✗ Batch 189: HTTP 404
Uploading batch 190 (10000 records)...
  ✗ Batch 190: HTTP 404
Uploading batch 191 (10000 records)...
  ✗ Batch 191: HTTP 404
Uploading batch 192 (10000 records)...
  ✗ Batch 192: HTTP 404
Uploading batch 193 (10000 records)...
  ✗ Batch 193: HTTP 404
Uploading batch 194 (10000 records)...
  ✗ Batch 194: HTTP 404
Uploading batch 195 (10000 records)...
  ✗ Batch 195: HTTP 404
Uploading batch 196 (10000 records)...
  ✗ Batch 196: HTTP 404
Uploading batch 197 (10000 records)...
  ✗ Batch 197: HTTP 404
Uploading batch 198 (10000 records)...
  ✗ Batch 198: HTTP 404
Uploading batch 199 (10000 records)...
  ✗ Batch 199: HTTP 404
Uploading batch 200 (10000 records)...
  ✗ Batch 200: HTTP 404
Uploading batch 201 (10000 records)...
  ✗ Batch 201: HTTP 404
Uploading batch 202 (10000 records)...
  ✗ Batch 202: HTTP 404
Uploading batch 203 (10000 records)...
  ✗ Batch 203: HTTP 404
Uploading batch 204 (10000 records)...
  ✗ Batch 204: HTTP 404
Uploading batch 205 (10000 records)...
  ✗ Batch 205: HTTP 404
Uploading batch 206 (10000 records)...
  ✗ Batch 206: HTTP 404
Uploading batch 207 (10000 records)...
  ✗ Batch 207: HTTP 404
Uploading batch 208 (10000 records)...
  ✗ Batch 208: HTTP 404
Uploading batch 209 (10000 records)...
  ✗ Batch 209: HTTP 404
Uploading batch 210 (10000 records)...
  ✗ Batch 210: HTTP 404
Uploading batch 211 (10000 records)...
  ✗ Batch 211: HTTP 404
Uploading batch 212 (10000 records)...
  ✗ Batch 212: HTTP 404
Uploading batch 213 (10000 records)...
  ✗ Batch 213: HTTP 404
Uploading batch 214 (10000 records)...
  ✗ Batch 214: HTTP 404
Uploading batch 215 (10000 records)...
  ✗ Batch 215: HTTP 404
Uploading batch 216 (10000 records)...
  ✗ Batch 216: HTTP 404
Uploading batch 217 (10000 records)...
  ✗ Batch 217: HTTP 404
Uploading batch 218 (10000 records)...
  ✗ Batch 218: HTTP 404
Uploading batch 219 (10000 records)...
  ✗ Batch 219: HTTP 404
Uploading batch 220 (10000 records)...
  ✗ Batch 220: HTTP 404
Uploading batch 221 (10000 records)...
  ✗ Batch 221: HTTP 404
Uploading batch 222 (10000 records)...
  ✗ Batch 222: HTTP 404
Uploading batch 223 (10000 records)...
  ✗ Batch 223: HTTP 404
Uploading batch 224 (10000 records)...
  ✗ Batch 224: HTTP 404
Uploading batch 225 (10000 records)...
  ✗ Batch 225: HTTP 404
Uploading batch 226 (10000 records)...
  ✗ Batch 226: HTTP 404
Uploading batch 227 (10000 records)...
  ✗ Batch 227: HTTP 404
Uploading batch 228 (10000 records)...
  ✗ Batch 228: HTTP 404
Uploading batch 229 (10000 records)...
  ✗ Batch 229: HTTP 404
Uploading batch 230 (10000 records)...
  ✗ Batch 230: HTTP 404
Uploading batch 231 (10000 records)...
  ✗ Batch 231: HTTP 404
Uploading batch 232 (10000 records)...
  ✗ Batch 232: HTTP 404
Uploading batch 233 (10000 records)...
  ✗ Batch 233: HTTP 404
Uploading batch 234 (10000 records)...
  ✗ Batch 234: HTTP 404
Uploading batch 235 (10000 records)...
  ✗ Batch 235: HTTP 404
Uploading batch 236 (10000 records)...
  ✗ Batch 236: HTTP 404
Uploading batch 237 (10000 records)...
  ✗ Batch 237: HTTP 404
Uploading batch 238 (10000 records)...
  ✗ Batch 238: HTTP 404
Uploading batch 239 (10000 records)...
  ✗ Batch 239: HTTP 404
Uploading batch 240 (10000 records)...
  ✗ Batch 240: HTTP 404
Uploading batch 241 (10000 records)...
  ✗ Batch 241: HTTP 404
Uploading batch 242 (10000 records)...
  ✗ Batch 242: HTTP 404
Uploading batch 243 (10000 records)...
  ✗ Batch 243: HTTP 404
Uploading batch 244 (10000 records)...
  ✗ Batch 244: HTTP 404
Uploading batch 245 (10000 records)...
  ✗ Batch 245: HTTP 404
Uploading batch 246 (10000 records)...
  ✗ Batch 246: HTTP 404
Uploading batch 247 (10000 records)...
  ✗ Batch 247: HTTP 404
Uploading batch 248 (10000 records)...
  ✗ Batch 248: HTTP 404
Uploading batch 249 (10000 records)...
  ✗ Batch 249: HTTP 404
Uploading batch 250 (10000 records)...
  ✗ Batch 250: HTTP 404
Uploading batch 251 (10000 records)...
  ✗ Batch 251: HTTP 404
Uploading batch 252 (10000 records)...
  ✗ Batch 252: HTTP 404
Uploading batch 253 (10000 records)...
  ✗ Batch 253: HTTP 404
Uploading batch 254 (10000 records)...
  ✗ Batch 254: HTTP 404
Uploading batch 255 (10000 records)...
  ✗ Batch 255: HTTP 404
Uploading batch 256 (10000 records)...
  ✗ Batch 256: HTTP 404
Uploading batch 257 (10000 records)...
  ✗ Batch 257: HTTP 404
Uploading batch 258 (10000 records)...
  ✗ Batch 258: HTTP 404
Uploading batch 259 (10000 records)...
  ✗ Batch 259: HTTP 404
Uploading batch 260 (10000 records)...
  ✗ Batch 260: HTTP 404
Uploading batch 261 (10000 records)...
  ✗ Batch 261: HTTP 404
Uploading batch 262 (10000 records)...
  ✗ Batch 262: HTTP 404
Uploading batch 263 (10000 records)...
  ✗ Batch 263: HTTP 404
Uploading batch 264 (10000 records)...
  ✗ Batch 264: HTTP 404
Uploading batch 265 (10000 records)...
  ✗ Batch 265: HTTP 404
Uploading batch 266 (10000 records)...
  ✗ Batch 266: HTTP 404
Uploading batch 267 (10000 records)...
  ✗ Batch 267: HTTP 404
Uploading batch 268 (10000 records)...
  ✗ Batch 268: HTTP 404
Uploading batch 269 (10000 records)...
  ✗ Batch 269: HTTP 404
Uploading batch 270 (10000 records)...
  ✗ Batch 270: HTTP 404
Uploading batch 271 (10000 records)...
  ✗ Batch 271: HTTP 404
Uploading batch 272 (10000 records)...
  ✗ Batch 272: HTTP 404
Uploading batch 273 (10000 records)...
  ✗ Batch 273: HTTP 404
Uploading batch 274 (10000 records)...
  ✗ Batch 274: HTTP 404
Uploading batch 275 (10000 records)...
  ✗ Batch 275: HTTP 404
Uploading batch 276 (10000 records)...
  ✗ Batch 276: HTTP 404
Uploading batch 277 (10000 records)...
  ✗ Batch 277: HTTP 404
Uploading batch 278 (10000 records)...
  ✗ Batch 278: HTTP 404
Uploading batch 279 (10000 records)...
  ✗ Batch 279: HTTP 404
Uploading batch 280 (10000 records)...
  ✗ Batch 280: HTTP 404
Uploading batch 281 (10000 records)...
  ✗ Batch 281: HTTP 404
Uploading batch 282 (10000 records)...
  ✗ Batch 282: HTTP 404
Uploading batch 283 (10000 records)...
  ✗ Batch 283: HTTP 404
Uploading batch 284 (10000 records)...
  ✗ Batch 284: HTTP 404
Uploading batch 285 (10000 records)...
  ✗ Batch 285: HTTP 404
Uploading batch 286 (10000 records)...
  ✗ Batch 286: HTTP 404
Uploading batch 287 (10000 records)...
  ✗ Batch 287: HTTP 404
Uploading batch 288 (10000 records)...
  ✗ Batch 288: HTTP 404
Uploading batch 289 (10000 records)...
  ✗ Batch 289: HTTP 404
Uploading batch 290 (10000 records)...
  ✗ Batch 290: HTTP 404
Uploading batch 291 (10000 records)...
  ✗ Batch 291: HTTP 404
Uploading batch 292 (10000 records)...
  ✗ Batch 292: HTTP 404
Uploading batch 293 (10000 records)...
  ✗ Batch 293: HTTP 404
Uploading batch 294 (10000 records)...
  ✗ Batch 294: HTTP 404
Uploading batch 295 (10000 records)...
  ✗ Batch 295: HTTP 404
Uploading batch 296 (10000 records)...
  ✗ Batch 296: HTTP 404
Uploading batch 297 (10000 records)...
  ✗ Batch 297: HTTP 404
Uploading batch 298 (10000 records)...
  ✗ Batch 298: HTTP 404
Uploading batch 299 (10000 records)...
  ✗ Batch 299: HTTP 404
Uploading batch 300 (10000 records)...
  ✗ Batch 300: HTTP 404
Uploading batch 301 (10000 records)...
  ✗ Batch 301: HTTP 404
Uploading batch 302 (10000 records)...
  ✗ Batch 302: HTTP 404
Uploading batch 303 (10000 records)...
  ✗ Batch 303: HTTP 404
Uploading batch 304 (10000 records)...
  ✗ Batch 304: HTTP 404
Uploading batch 305 (10000 records)...
  ✗ Batch 305: HTTP 404
Uploading batch 306 (10000 records)...
  ✗ Batch 306: HTTP 404
Uploading batch 307 (10000 records)...
  ✗ Batch 307: HTTP 404
Uploading batch 308 (10000 records)...
  ✗ Batch 308: HTTP 404
Uploading batch 309 (10000 records)...
  ✗ Batch 309: HTTP 404
Uploading batch 310 (10000 records)...
  ✗ Batch 310: HTTP 404
Uploading batch 311 (10000 records)...
  ✗ Batch 311: HTTP 404
Uploading batch 312 (10000 records)...
  ✗ Batch 312: HTTP 404
Uploading batch 313 (10000 records)...
  ✗ Batch 313: HTTP 404
Uploading batch 314 (10000 records)...
  ✗ Batch 314: HTTP 404
Uploading batch 315 (10000 records)...
  ✗ Batch 315: HTTP 404
Uploading batch 316 (10000 records)...
  ✗ Batch 316: HTTP 404
Uploading batch 317 (10000 records)...
  ✗ Batch 317: HTTP 404
Uploading batch 318 (10000 records)...
  ✗ Batch 318: HTTP 404
Uploading batch 319 (10000 records)...
  ✗ Batch 319: HTTP 404
Uploading batch 320 (10000 records)...
  ✗ Batch 320: HTTP 404
Uploading batch 321 (10000 records)...
  ✗ Batch 321: HTTP 404
Uploading batch 322 (10000 records)...
  ✗ Batch 322: HTTP 404
Uploading batch 323 (10000 records)...
  ✗ Batch 323: HTTP 404
Uploading batch 324 (10000 records)...
  ✗ Batch 324: HTTP 404
Uploading batch 325 (10000 records)...
  ✗ Batch 325: HTTP 404
Uploading batch 326 (10000 records)...
  ✗ Batch 326: HTTP 404
Uploading batch 327 (10000 records)...
  ✗ Batch 327: HTTP 404
Uploading batch 328 (10000 records)...
  ✗ Batch 328: HTTP 404
Uploading batch 329 (10000 records)...
  ✗ Batch 329: HTTP 404
Uploading batch 330 (10000 records)...
  ✗ Batch 330: HTTP 404
Uploading batch 331 (10000 records)...
  ✗ Batch 331: HTTP 404
Uploading batch 332 (10000 records)...
  ✗ Batch 332: HTTP 404
Uploading batch 333 (10000 records)...
  ✗ Batch 333: HTTP 404
Uploading batch 334 (10000 records)...
  ✗ Batch 334: HTTP 404
Uploading batch 335 (10000 records)...
  ✗ Batch 335: HTTP 404
Uploading batch 336 (10000 records)...
  ✗ Batch 336: HTTP 404
Uploading batch 337 (10000 records)...
  ✗ Batch 337: HTTP 404
Uploading batch 338 (10000 records)...
  ✗ Batch 338: HTTP 404
Uploading batch 339 (10000 records)...
  ✗ Batch 339: HTTP 404
Uploading batch 340 (10000 records)...
  ✗ Batch 340: HTTP 404
Uploading batch 341 (10000 records)...
  ✗ Batch 341: HTTP 404
Uploading batch 342 (10000 records)...
  ✗ Batch 342: HTTP 404
Uploading batch 343 (10000 records)...
  ✗ Batch 343: HTTP 404
Uploading batch 344 (10000 records)...
  ✗ Batch 344: HTTP 404
Uploading batch 345 (10000 records)...
  ✗ Batch 345: HTTP 404
Uploading batch 346 (10000 records)...
  ✗ Batch 346: HTTP 404
Uploading batch 347 (10000 records)...
  ✗ Batch 347: HTTP 404
Uploading batch 348 (10000 records)...
  ✗ Batch 348: HTTP 404
Uploading batch 349 (10000 records)...
  ✗ Batch 349: HTTP 404
Uploading batch 350 (10000 records)...
  ✗ Batch 350: HTTP 404
Uploading batch 351 (10000 records)...
  ✗ Batch 351: HTTP 404
Uploading batch 352 (10000 records)...
  ✗ Batch 352: HTTP 404
Uploading batch 353 (10000 records)...
  ✗ Batch 353: HTTP 404
Uploading batch 354 (10000 records)...
  ✗ Batch 354: HTTP 404
Uploading batch 355 (10000 records)...
  ✗ Batch 355: HTTP 404
Uploading batch 356 (10000 records)...
  ✗ Batch 356: HTTP 404
Uploading batch 357 (10000 records)...
  ✗ Batch 357: HTTP 404
Uploading batch 358 (10000 records)...
  ✗ Batch 358: HTTP 404
Uploading batch 359 (10000 records)...
  ✗ Batch 359: HTTP 404
Uploading batch 360 (10000 records)...
  ✗ Batch 360: HTTP 404
Uploading batch 361 (10000 records)...
  ✗ Batch 361: HTTP 404
Uploading batch 362 (10000 records)...
  ✗ Batch 362: HTTP 404
Uploading batch 363 (10000 records)...
  ✗ Batch 363: HTTP 404
Uploading batch 364 (10000 records)...
  ✗ Batch 364: HTTP 404
Uploading batch 365 (10000 records)...
  ✗ Batch 365: HTTP 404
Uploading batch 366 (10000 records)...
  ✗ Batch 366: HTTP 404
Uploading batch 367 (10000 records)...
  ✗ Batch 367: HTTP 404
Uploading batch 368 (10000 records)...
  ✗ Batch 368: HTTP 404
Uploading batch 369 (10000 records)...
  ✗ Batch 369: HTTP 404
Uploading batch 370 (10000 records)...
  ✗ Batch 370: HTTP 404
Uploading batch 371 (10000 records)...
  ✗ Batch 371: HTTP 404
Uploading batch 372 (10000 records)...
  ✗ Batch 372: HTTP 404
Uploading batch 373 (10000 records)...
  ✗ Batch 373: HTTP 404
Uploading batch 374 (10000 records)...
  ✗ Batch 374: HTTP 404
Uploading batch 375 (10000 records)...
  ✗ Batch 375: HTTP 404
Uploading batch 376 (10000 records)...
  ✗ Batch 376: HTTP 404
Uploading batch 377 (10000 records)...
  ✗ Batch 377: HTTP 404
Uploading batch 378 (10000 records)...
  ✗ Batch 378: HTTP 404
Uploading batch 379 (10000 records)...
  ✗ Batch 379: HTTP 404
Uploading batch 380 (10000 records)...
  ✗ Batch 380: HTTP 404
Uploading batch 381 (10000 records)...
  ✗ Batch 381: HTTP 404
Uploading batch 382 (10000 records)...
  ✗ Batch 382: HTTP 404
Uploading batch 383 (10000 records)...
  ✗ Batch 383: HTTP 404
Uploading batch 384 (10000 records)...
  ✗ Batch 384: HTTP 404
Uploading batch 385 (10000 records)...
  ✗ Batch 385: HTTP 404
Uploading batch 386 (10000 records)...
  ✗ Batch 386: HTTP 404
Uploading batch 387 (10000 records)...
  ✗ Batch 387: HTTP 404
Uploading batch 388 (10000 records)...
  ✗ Batch 388: HTTP 404
Uploading batch 389 (10000 records)...
  ✗ Batch 389: HTTP 404
Uploading batch 390 (10000 records)...
  ✗ Batch 390: HTTP 404
Uploading batch 391 (10000 records)...
  ✗ Batch 391: HTTP 404
Uploading batch 392 (10000 records)...
  ✗ Batch 392: HTTP 404
Uploading batch 393 (10000 records)...
  ✗ Batch 393: HTTP 404
Uploading batch 394 (10000 records)...
  ✗ Batch 394: HTTP 404
Uploading batch 395 (10000 records)...
  ✗ Batch 395: HTTP 404
Uploading batch 396 (10000 records)...
  ✗ Batch 396: HTTP 404
Uploading batch 397 (10000 records)...
  ✗ Batch 397: HTTP 404
Uploading batch 398 (10000 records)...
  ✗ Batch 398: HTTP 404
Uploading batch 399 (10000 records)...
  ✗ Batch 399: HTTP 404
Uploading batch 400 (10000 records)...
  ✗ Batch 400: HTTP 404
Uploading batch 401 (10000 records)...
  ✗ Batch 401: HTTP 404
Uploading batch 402 (10000 records)...
  ✗ Batch 402: HTTP 404
Uploading batch 403 (10000 records)...
  ✗ Batch 403: HTTP 404
Uploading batch 404 (10000 records)...
  ✗ Batch 404: HTTP 404
Uploading batch 405 (10000 records)...
  ✗ Batch 405: HTTP 404
Uploading batch 406 (10000 records)...
  ✗ Batch 406: HTTP 404
Uploading batch 407 (10000 records)...
  ✗ Batch 407: HTTP 404
Uploading batch 408 (10000 records)...
  ✗ Batch 408: HTTP 404
Uploading batch 409 (10000 records)...
  ✗ Batch 409: HTTP 404
Uploading batch 410 (10000 records)...
  ✗ Batch 410: HTTP 404
Uploading batch 411 (10000 records)...
  ✗ Batch 411: HTTP 404
Uploading batch 412 (10000 records)...
  ✗ Batch 412: HTTP 404
Uploading batch 413 (10000 records)...
  ✗ Batch 413: HTTP 404
Uploading batch 414 (10000 records)...
  ✗ Batch 414: HTTP 404
Uploading batch 415 (10000 records)...
  ✗ Batch 415: HTTP 404
Uploading batch 416 (10000 records)...
  ✗ Batch 416: HTTP 404
Uploading batch 417 (10000 records)...
  ✗ Batch 417: HTTP 404
Uploading batch 418 (10000 records)...
  ✗ Batch 418: HTTP 404
Uploading batch 419 (10000 records)...
  ✗ Batch 419: HTTP 404
Uploading batch 420 (10000 records)...
  ✗ Batch 420: HTTP 404
Uploading batch 421 (10000 records)...
  ✗ Batch 421: HTTP 404
Uploading batch 422 (10000 records)...
  ✗ Batch 422: HTTP 404
Uploading batch 423 (10000 records)...
  ✗ Batch 423: HTTP 404
Uploading batch 424 (10000 records)...
  ✗ Batch 424: HTTP 404
Uploading batch 425 (10000 records)...
  ✗ Batch 425: HTTP 404
Uploading batch 426 (10000 records)...
  ✗ Batch 426: HTTP 404
Uploading batch 427 (10000 records)...
  ✗ Batch 427: HTTP 404
Uploading batch 428 (10000 records)...
  ✗ Batch 428: HTTP 404
Uploading batch 429 (10000 records)...
  ✗ Batch 429: HTTP 404
Uploading batch 430 (10000 records)...
  ✗ Batch 430: HTTP 404
Uploading batch 431 (10000 records)...
  ✗ Batch 431: HTTP 404
Uploading batch 432 (10000 records)...
  ✗ Batch 432: HTTP 404
Uploading batch 433 (10000 records)...
  ✗ Batch 433: HTTP 404
Uploading batch 434 (10000 records)...
  ✗ Batch 434: HTTP 404
Uploading batch 435 (10000 records)...
  ✗ Batch 435: HTTP 404
Uploading batch 436 (10000 records)...
  ✗ Batch 436: HTTP 404
Uploading batch 437 (10000 records)...
  ✗ Batch 437: HTTP 404
Uploading batch 438 (10000 records)...
  ✗ Batch 438: HTTP 404
Uploading batch 439 (10000 records)...
  ✗ Batch 439: HTTP 404
Uploading batch 440 (10000 records)...
  ✗ Batch 440: HTTP 404
Uploading batch 441 (10000 records)...
  ✗ Batch 441: HTTP 404
Uploading batch 442 (10000 records)...
  ✗ Batch 442: HTTP 404
Uploading batch 443 (10000 records)...
  ✗ Batch 443: HTTP 404
Uploading batch 444 (10000 records)...
  ✗ Batch 444: HTTP 404
Uploading batch 445 (10000 records)...
  ✗ Batch 445: HTTP 404
Uploading batch 446 (10000 records)...
  ✗ Batch 446: HTTP 404
Uploading batch 447 (10000 records)...
  ✗ Batch 447: HTTP 404
Uploading batch 448 (10000 records)...
  ✗ Batch 448: HTTP 404
Uploading batch 449 (10000 records)...
  ✗ Batch 449: HTTP 404
Uploading batch 450 (10000 records)...
  ✗ Batch 450: HTTP 404
Uploading batch 451 (10000 records)...
  ✗ Batch 451: HTTP 404
Uploading batch 452 (10000 records)...
  ✗ Batch 452: HTTP 404
Uploading batch 453 (10000 records)...
  ✗ Batch 453: HTTP 404
Uploading batch 454 (10000 records)...
  ✗ Batch 454: HTTP 404
Uploading batch 455 (10000 records)...
  ✗ Batch 455: HTTP 404
Uploading batch 456 (10000 records)...
  ✗ Batch 456: HTTP 404
Uploading batch 457 (10000 records)...
  ✗ Batch 457: HTTP 404
Uploading batch 458 (10000 records)...
  ✗ Batch 458: HTTP 404
Uploading batch 459 (10000 records)...
  ✗ Batch 459: HTTP 404
Uploading batch 460 (10000 records)...
  ✗ Batch 460: HTTP 404
Uploading batch 461 (10000 records)...
  ✗ Batch 461: HTTP 404
Uploading batch 462 (10000 records)...
  ✗ Batch 462: HTTP 404
Uploading batch 463 (10000 records)...
  ✗ Batch 463: HTTP 404
Uploading batch 464 (10000 records)...
  ✗ Batch 464: HTTP 404
Uploading batch 465 (10000 records)...
  ✗ Batch 465: HTTP 404
Uploading batch 466 (10000 records)...
  ✗ Batch 466: HTTP 404
Uploading batch 467 (10000 records)...
  ✗ Batch 467: HTTP 404
Uploading batch 468 (10000 records)...
  ✗ Batch 468: HTTP 404
Uploading batch 469 (10000 records)...
  ✗ Batch 469: HTTP 404
Uploading batch 470 (10000 records)...
  ✗ Batch 470: HTTP 404
Uploading batch 471 (10000 records)...
  ✗ Batch 471: HTTP 404
Uploading batch 472 (10000 records)...
  ✗ Batch 472: HTTP 404
Uploading batch 473 (10000 records)...
  ✗ Batch 473: HTTP 404
Uploading batch 474 (10000 records)...
  ✗ Batch 474: HTTP 404
Uploading batch 475 (10000 records)...
  ✗ Batch 475: HTTP 404
Uploading batch 476 (10000 records)...
  ✗ Batch 476: HTTP 404
Uploading batch 477 (10000 records)...
  ✗ Batch 477: HTTP 404
Uploading batch 478 (10000 records)...
  ✗ Batch 478: HTTP 404
Uploading batch 479 (10000 records)...
  ✗ Batch 479: HTTP 404
Uploading batch 480 (10000 records)...
  ✗ Batch 480: HTTP 404
Uploading batch 481 (10000 records)...
  ✗ Batch 481: HTTP 404
Uploading batch 482 (10000 records)...
  ✗ Batch 482: HTTP 404
Uploading batch 483 (10000 records)...
  ✗ Batch 483: HTTP 404
Uploading batch 484 (10000 records)...
  ✗ Batch 484: HTTP 404
Uploading batch 485 (10000 records)...
  ✗ Batch 485: HTTP 404
Uploading batch 486 (10000 records)...
  ✗ Batch 486: HTTP 404
Uploading batch 487 (10000 records)...
  ✗ Batch 487: HTTP 404
Uploading batch 488 (10000 records)...
  ✗ Batch 488: HTTP 404
Uploading batch 489 (10000 records)...
  ✗ Batch 489: HTTP 404
Uploading batch 490 (10000 records)...
  ✗ Batch 490: HTTP 404
Uploading batch 491 (10000 records)...
  ✗ Batch 491: HTTP 404
Uploading batch 492 (10000 records)...
  ✗ Batch 492: HTTP 404
Uploading batch 493 (10000 records)...
  ✗ Batch 493: HTTP 404
Uploading batch 494 (10000 records)...
  ✗ Batch 494: HTTP 404
Uploading batch 495 (10000 records)...
  ✗ Batch 495: HTTP 404
Uploading batch 496 (10000 records)...
  ✗ Batch 496: HTTP 404
Uploading batch 497 (10000 records)...
  ✗ Batch 497: HTTP 404
Uploading batch 498 (10000 records)...
  ✗ Batch 498: HTTP 404
Uploading batch 499 (10000 records)...
  ✗ Batch 499: HTTP 404
Uploading batch 500 (10000 records)...
  ✗ Batch 500: HTTP 404
Uploading batch 501 (10000 records)...
  ✗ Batch 501: HTTP 404
Uploading batch 502 (10000 records)...
  ✗ Batch 502: HTTP 404
Uploading batch 503 (10000 records)...
  ✗ Batch 503: HTTP 404
Uploading batch 504 (10000 records)...
  ✗ Batch 504: HTTP 404
Uploading batch 505 (10000 records)...
  ✗ Batch 505: HTTP 404
Uploading batch 506 (10000 records)...
  ✗ Batch 506: HTTP 404
Uploading batch 507 (10000 records)...
  ✗ Batch 507: HTTP 404
Uploading batch 508 (10000 records)...
  ✗ Batch 508: HTTP 404
Uploading batch 509 (10000 records)...
  ✗ Batch 509: HTTP 404
Uploading batch 510 (10000 records)...
  ✗ Batch 510: HTTP 404
Uploading batch 511 (10000 records)...
  ✗ Batch 511: HTTP 404
Uploading batch 512 (10000 records)...
  ✗ Batch 512: HTTP 404
Uploading batch 513 (10000 records)...
  ✗ Batch 513: HTTP 404
Uploading batch 514 (10000 records)...
  ✗ Batch 514: HTTP 404
Uploading batch 515 (10000 records)...
  ✗ Batch 515: HTTP 404
Uploading batch 516 (10000 records)...
  ✗ Batch 516: HTTP 404
Uploading batch 517 (10000 records)...
  ✗ Batch 517: HTTP 404
Uploading batch 518 (10000 records)...
  ✗ Batch 518: HTTP 404
Uploading batch 519 (10000 records)...
  ✗ Batch 519: HTTP 404
Uploading batch 520 (10000 records)...
  ✗ Batch 520: HTTP 404
Uploading batch 521 (10000 records)...
  ✗ Batch 521: HTTP 404
Uploading batch 522 (10000 records)...
  ✗ Batch 522: HTTP 404
Uploading batch 523 (10000 records)...
  ✗ Batch 523: HTTP 404
Uploading batch 524 (10000 records)...
  ✗ Batch 524: HTTP 404
Uploading batch 525 (10000 records)...
  ✗ Batch 525: HTTP 404
Uploading batch 526 (10000 records)...
  ✗ Batch 526: HTTP 404
Uploading batch 527 (10000 records)...
  ✗ Batch 527: HTTP 404
Uploading batch 528 (10000 records)...
  ✗ Batch 528: HTTP 404
Uploading batch 529 (10000 records)...
  ✗ Batch 529: HTTP 404
Uploading batch 530 (10000 records)...
  ✗ Batch 530: HTTP 404
Uploading batch 531 (10000 records)...
  ✗ Batch 531: HTTP 404
Uploading batch 532 (10000 records)...
  ✗ Batch 532: HTTP 404
Uploading batch 533 (10000 records)...
  ✗ Batch 533: HTTP 404
Uploading batch 534 (10000 records)...
  ✗ Batch 534: HTTP 404
Uploading batch 535 (10000 records)...
  ✗ Batch 535: HTTP 404
Uploading batch 536 (10000 records)...
  ✗ Batch 536: HTTP 404
Uploading batch 537 (10000 records)...
  ✗ Batch 537: HTTP 404
Uploading batch 538 (10000 records)...
  ✗ Batch 538: HTTP 404
Uploading batch 539 (10000 records)...
  ✗ Batch 539: HTTP 404
Uploading batch 540 (10000 records)...
  ✗ Batch 540: HTTP 404
Uploading batch 541 (10000 records)...
  ✗ Batch 541: HTTP 404
Uploading batch 542 (10000 records)...
  ✗ Batch 542: HTTP 404
Uploading batch 543 (10000 records)...
  ✗ Batch 543: HTTP 404
Uploading batch 544 (10000 records)...
  ✗ Batch 544: HTTP 404
Uploading batch 545 (10000 records)...
  ✗ Batch 545: HTTP 404
Uploading batch 546 (10000 records)...
  ✗ Batch 546: HTTP 404
Uploading batch 547 (10000 records)...
  ✗ Batch 547: HTTP 404
Uploading batch 548 (10000 records)...
  ✗ Batch 548: HTTP 404
Uploading batch 549 (10000 records)...
  ✗ Batch 549: HTTP 404
Uploading batch 550 (10000 records)...
  ✗ Batch 550: HTTP 404
Uploading batch 551 (10000 records)...
  ✗ Batch 551: HTTP 404
Uploading batch 552 (10000 records)...
  ✗ Batch 552: HTTP 404
Uploading batch 553 (10000 records)...
  ✗ Batch 553: HTTP 404
Uploading batch 554 (10000 records)...
  ✗ Batch 554: HTTP 404
Uploading batch 555 (10000 records)...
  ✗ Batch 555: HTTP 404
Uploading batch 556 (10000 records)...
  ✗ Batch 556: HTTP 404
Uploading batch 557 (10000 records)...
  ✗ Batch 557: HTTP 404
Uploading batch 558 (10000 records)...
  ✗ Batch 558: HTTP 404
Uploading batch 559 (10000 records)...
  ✗ Batch 559: HTTP 404
Uploading batch 560 (10000 records)...
  ✗ Batch 560: HTTP 404
Uploading batch 561 (10000 records)...
  ✗ Batch 561: HTTP 404
Uploading batch 562 (10000 records)...
  ✗ Batch 562: HTTP 404
Uploading batch 563 (10000 records)...
  ✗ Batch 563: HTTP 404
Uploading batch 564 (10000 records)...
  ✗ Batch 564: HTTP 404
Uploading batch 565 (10000 records)...
  ✗ Batch 565: HTTP 404
Uploading batch 566 (10000 records)...
  ✗ Batch 566: HTTP 404
Uploading batch 567 (10000 records)...
  ✗ Batch 567: HTTP 404
Uploading batch 568 (10000 records)...
  ✗ Batch 568: HTTP 404
Uploading batch 569 (10000 records)...
  ✗ Batch 569: HTTP 404
Uploading batch 570 (10000 records)...
  ✗ Batch 570: HTTP 404
Uploading batch 571 (10000 records)...
  ✗ Batch 571: HTTP 404
Uploading batch 572 (10000 records)...
  ✗ Batch 572: HTTP 404
Uploading batch 573 (10000 records)...
  ✗ Batch 573: HTTP 404
Uploading batch 574 (10000 records)...
  ✗ Batch 574: HTTP 404
Uploading batch 575 (10000 records)...
  ✗ Batch 575: HTTP 404
Uploading batch 576 (10000 records)...
  ✗ Batch 576: HTTP 404
Uploading batch 577 (10000 records)...
  ✗ Batch 577: HTTP 404
Uploading batch 578 (10000 records)...
  ✗ Batch 578: HTTP 404
Uploading batch 579 (10000 records)...
  ✗ Batch 579: HTTP 404
Uploading batch 580 (10000 records)...
  ✗ Batch 580: HTTP 404
Uploading batch 581 (10000 records)...
  ✗ Batch 581: HTTP 404
Uploading batch 582 (10000 records)...
  ✗ Batch 582: HTTP 404
Uploading batch 583 (10000 records)...
  ✗ Batch 583: HTTP 404
Uploading batch 584 (10000 records)...
  ✗ Batch 584: HTTP 404
Uploading batch 585 (10000 records)...
  ✗ Batch 585: HTTP 404
Uploading batch 586 (10000 records)...
  ✗ Batch 586: HTTP 404
Uploading batch 587 (10000 records)...
  ✗ Batch 587: HTTP 404
Uploading batch 588 (10000 records)...
  ✗ Batch 588: HTTP 404
Uploading batch 589 (10000 records)...
  ✗ Batch 589: HTTP 404
Uploading batch 590 (10000 records)...
  ✗ Batch 590: HTTP 404
Uploading batch 591 (10000 records)...
  ✗ Batch 591: HTTP 404
Uploading batch 592 (10000 records)...
  ✗ Batch 592: HTTP 404
Uploading batch 593 (10000 records)...
  ✗ Batch 593: HTTP 404
Uploading batch 594 (10000 records)...
  ✗ Batch 594: HTTP 404
Uploading batch 595 (10000 records)...
  ✗ Batch 595: HTTP 404
Uploading batch 596 (10000 records)...
  ✗ Batch 596: HTTP 404
Uploading batch 597 (10000 records)...
  ✗ Batch 597: HTTP 404
Uploading batch 598 (10000 records)...
  ✗ Batch 598: HTTP 404
Uploading batch 599 (10000 records)...
  ✗ Batch 599: HTTP 404
Uploading batch 600 (10000 records)...
  ✗ Batch 600: HTTP 404
Uploading batch 601 (10000 records)...
  ✗ Batch 601: HTTP 404
Uploading batch 602 (10000 records)...
  ✗ Batch 602: HTTP 404
Uploading batch 603 (10000 records)...
  ✗ Batch 603: HTTP 404
Uploading batch 604 (10000 records)...
  ✗ Batch 604: HTTP 404
Uploading batch 605 (10000 records)...
  ✗ Batch 605: HTTP 404
Uploading batch 606 (10000 records)...
  ✗ Batch 606: HTTP 404
Uploading batch 607 (10000 records)...
  ✗ Batch 607: HTTP 404
Uploading batch 608 (10000 records)...
  ✗ Batch 608: HTTP 404
Uploading batch 609 (10000 records)...
  ✗ Batch 609: HTTP 404
Uploading batch 610 (10000 records)...
  ✗ Batch 610: HTTP 404
Uploading batch 611 (10000 records)...
  ✗ Batch 611: HTTP 404
Uploading batch 612 (10000 records)...
  ✗ Batch 612: HTTP 404
Uploading batch 613 (10000 records)...
  ✗ Batch 613: HTTP 404
Uploading batch 614 (10000 records)...
  ✗ Batch 614: HTTP 404
Uploading batch 615 (10000 records)...
  ✗ Batch 615: HTTP 404
Uploading batch 616 (10000 records)...
  ✗ Batch 616: HTTP 404
Uploading batch 617 (10000 records)...
  ✗ Batch 617: HTTP 404
Uploading batch 618 (10000 records)...
  ✗ Batch 618: HTTP 404
Uploading batch 619 (10000 records)...
  ✗ Batch 619: HTTP 404
Uploading batch 620 (10000 records)...
  ✗ Batch 620: HTTP 404
Uploading batch 621 (10000 records)...
  ✗ Batch 621: HTTP 404
Uploading batch 622 (10000 records)...
  ✗ Batch 622: HTTP 404
Uploading batch 623 (10000 records)...
  ✗ Batch 623: HTTP 404
Uploading batch 624 (10000 records)...
  ✗ Batch 624: HTTP 404
Uploading batch 625 (10000 records)...
  ✗ Batch 625: HTTP 404
Uploading batch 626 (10000 records)...
  ✗ Batch 626: HTTP 404
Uploading batch 627 (10000 records)...
  ✗ Batch 627: HTTP 404
Uploading batch 628 (10000 records)...
  ✗ Batch 628: HTTP 404
Uploading batch 629 (10000 records)...
  ✗ Batch 629: HTTP 404
Uploading batch 630 (10000 records)...
  ✗ Batch 630: HTTP 404
Uploading batch 631 (10000 records)...
  ✗ Batch 631: HTTP 404
Uploading batch 632 (10000 records)...
  ✗ Batch 632: HTTP 404
Uploading batch 633 (10000 records)...
  ✗ Batch 633: HTTP 404
Uploading batch 634 (10000 records)...
  ✗ Batch 634: HTTP 404
Uploading batch 635 (10000 records)...
  ✗ Batch 635: HTTP 404
Uploading batch 636 (10000 records)...
  ✗ Batch 636: HTTP 404
Uploading batch 637 (10000 records)...
  ✗ Batch 637: HTTP 404
Uploading batch 638 (10000 records)...
  ✗ Batch 638: HTTP 404
Uploading batch 639 (10000 records)...
  ✗ Batch 639: HTTP 404
Uploading batch 640 (10000 records)...
  ✗ Batch 640: HTTP 404
Uploading batch 641 (10000 records)...
  ✗ Batch 641: HTTP 404
Uploading batch 642 (10000 records)...
  ✗ Batch 642: HTTP 404
Uploading batch 643 (10000 records)...
  ✗ Batch 643: HTTP 404
Uploading batch 644 (10000 records)...
  ✗ Batch 644: HTTP 404
Uploading batch 645 (10000 records)...
  ✗ Batch 645: HTTP 404
Uploading batch 646 (10000 records)...
  ✗ Batch 646: HTTP 404
Uploading batch 647 (10000 records)...
  ✗ Batch 647: HTTP 404
Uploading batch 648 (10000 records)...
  ✗ Batch 648: HTTP 404
Uploading batch 649 (10000 records)...
  ✗ Batch 649: HTTP 404
Uploading batch 650 (10000 records)...
  ✗ Batch 650: HTTP 404
Uploading batch 651 (10000 records)...
  ✗ Batch 651: HTTP 404
Uploading batch 652 (10000 records)...
  ✗ Batch 652: HTTP 404
Uploading batch 653 (10000 records)...
  ✗ Batch 653: HTTP 404
Uploading batch 654 (10000 records)...
  ✗ Batch 654: HTTP 404
Uploading batch 655 (10000 records)...
  ✗ Batch 655: HTTP 404
Uploading batch 656 (10000 records)...
  ✗ Batch 656: HTTP 404
Uploading batch 657 (10000 records)...
  ✗ Batch 657: HTTP 404
Uploading batch 658 (10000 records)...
  ✗ Batch 658: HTTP 404
Uploading batch 659 (10000 records)...
  ✗ Batch 659: HTTP 404
Uploading batch 660 (10000 records)...
  ✗ Batch 660: HTTP 404
Uploading batch 661 (10000 records)...
  ✗ Batch 661: HTTP 404
Uploading batch 662 (10000 records)...
  ✗ Batch 662: HTTP 404
Uploading batch 663 (10000 records)...
  ✗ Batch 663: HTTP 404
Uploading batch 664 (10000 records)...
  ✗ Batch 664: HTTP 404
Uploading batch 665 (10000 records)...
  ✗ Batch 665: HTTP 404
Uploading batch 666 (10000 records)...
  ✗ Batch 666: HTTP 404
Uploading batch 667 (10000 records)...
  ✗ Batch 667: HTTP 404
Uploading batch 668 (10000 records)...
  ✗ Batch 668: HTTP 404
Uploading batch 669 (10000 records)...
  ✗ Batch 669: HTTP 404
Uploading batch 670 (10000 records)...
  ✗ Batch 670: HTTP 404
Uploading batch 671 (10000 records)...
  ✗ Batch 671: HTTP 404
Uploading batch 672 (10000 records)...
  ✗ Batch 672: HTTP 404
Uploading batch 673 (10000 records)...
  ✗ Batch 673: HTTP 404
Uploading batch 674 (10000 records)...
  ✗ Batch 674: HTTP 404
Uploading batch 675 (10000 records)...
  ✗ Batch 675: HTTP 404
Uploading batch 676 (10000 records)...
  ✗ Batch 676: HTTP 404
Uploading batch 677 (10000 records)...
  ✗ Batch 677: HTTP 404
Uploading batch 678 (10000 records)...
  ✗ Batch 678: HTTP 404
Uploading batch 679 (10000 records)...
  ✗ Batch 679: HTTP 404
Uploading batch 680 (10000 records)...
  ✗ Batch 680: HTTP 404
Uploading batch 681 (10000 records)...
  ✗ Batch 681: HTTP 404
Uploading batch 682 (10000 records)...
  ✗ Batch 682: HTTP 404
Uploading batch 683 (10000 records)...
  ✗ Batch 683: HTTP 404
Uploading batch 684 (10000 records)...
  ✗ Batch 684: HTTP 404
Uploading batch 685 (10000 records)...
  ✗ Batch 685: HTTP 404
Uploading batch 686 (10000 records)...
  ✗ Batch 686: HTTP 404
Uploading batch 687 (10000 records)...
  ✗ Batch 687: HTTP 404
Uploading batch 688 (10000 records)...
  ✗ Batch 688: HTTP 404
Uploading batch 689 (10000 records)...
  ✗ Batch 689: HTTP 404
Uploading batch 690 (10000 records)...
  ✗ Batch 690: HTTP 404
Uploading batch 691 (10000 records)...
  ✗ Batch 691: HTTP 404
Uploading batch 692 (10000 records)...
  ✗ Batch 692: HTTP 404
Uploading batch 693 (10000 records)...
  ✗ Batch 693: HTTP 404
Uploading batch 694 (10000 records)...
  ✗ Batch 694: HTTP 404
Uploading batch 695 (10000 records)...
  ✗ Batch 695: HTTP 404
Uploading batch 696 (10000 records)...
  ✗ Batch 696: HTTP 404
Uploading batch 697 (10000 records)...
  ✗ Batch 697: HTTP 404
Uploading batch 698 (10000 records)...
  ✗ Batch 698: HTTP 404
Uploading batch 699 (10000 records)...
  ✗ Batch 699: HTTP 404
Uploading batch 700 (10000 records)...
  ✗ Batch 700: HTTP 404
Uploading batch 701 (10000 records)...
  ✗ Batch 701: HTTP 404
Uploading batch 702 (10000 records)...
  ✗ Batch 702: HTTP 404
Uploading batch 703 (10000 records)...
  ✗ Batch 703: HTTP 404
Uploading batch 704 (10000 records)...
  ✗ Batch 704: HTTP 404
Uploading batch 705 (10000 records)...
  ✗ Batch 705: HTTP 404
Uploading batch 706 (10000 records)...
  ✗ Batch 706: HTTP 404
Uploading batch 707 (10000 records)...
  ✗ Batch 707: HTTP 404
Uploading batch 708 (10000 records)...
  ✗ Batch 708: HTTP 404
Uploading batch 709 (10000 records)...
  ✗ Batch 709: HTTP 404
Uploading batch 710 (10000 records)...
  ✗ Batch 710: HTTP 404
Uploading batch 711 (10000 records)...
  ✗ Batch 711: HTTP 404
Uploading batch 712 (10000 records)...
  ✗ Batch 712: HTTP 404
Uploading batch 713 (10000 records)...
  ✗ Batch 713: HTTP 404
Uploading batch 714 (10000 records)...
  ✗ Batch 714: HTTP 404
Uploading batch 715 (10000 records)...
  ✗ Batch 715: HTTP 404
Uploading batch 716 (10000 records)...
  ✗ Batch 716: HTTP 404
Uploading batch 717 (10000 records)...
  ✗ Batch 717: HTTP 404
Uploading batch 718 (10000 records)...
  ✗ Batch 718: HTTP 404
Uploading batch 719 (10000 records)...
  ✗ Batch 719: HTTP 404
Uploading batch 720 (10000 records)...
  ✗ Batch 720: HTTP 404
Uploading batch 721 (10000 records)...
  ✗ Batch 721: HTTP 404
Uploading batch 722 (10000 records)...
  ✗ Batch 722: HTTP 404
Uploading batch 723 (10000 records)...
  ✗ Batch 723: HTTP 404
Uploading batch 724 (10000 records)...
  ✗ Batch 724: HTTP 404
Uploading batch 725 (10000 records)...
  ✗ Batch 725: HTTP 404
Uploading batch 726 (10000 records)...
  ✗ Batch 726: HTTP 404
Uploading batch 727 (10000 records)...
  ✗ Batch 727: HTTP 404
Uploading batch 728 (10000 records)...
  ✗ Batch 728: HTTP 404
Uploading batch 729 (10000 records)...
  ✗ Batch 729: HTTP 404
Uploading batch 730 (10000 records)...
  ✗ Batch 730: HTTP 404
Uploading batch 731 (10000 records)...
  ✗ Batch 731: HTTP 404
Uploading batch 732 (10000 records)...
  ✗ Batch 732: HTTP 404
Uploading batch 733 (10000 records)...
  ✗ Batch 733: HTTP 404
Uploading batch 734 (10000 records)...
  ✗ Batch 734: HTTP 404
Uploading batch 735 (10000 records)...
  ✗ Batch 735: HTTP 404
Uploading batch 736 (10000 records)...
  ✗ Batch 736: HTTP 404
Uploading batch 737 (10000 records)...
  ✗ Batch 737: HTTP 404
Uploading batch 738 (10000 records)...
  ✗ Batch 738: HTTP 404
Uploading batch 739 (10000 records)...
  ✗ Batch 739: HTTP 404
Uploading batch 740 (10000 records)...
  ✗ Batch 740: HTTP 404
Uploading batch 741 (10000 records)...
  ✗ Batch 741: HTTP 404
Uploading batch 742 (10000 records)...
  ✗ Batch 742: HTTP 404
Uploading batch 743 (10000 records)...
  ✗ Batch 743: HTTP 404
Uploading batch 744 (10000 records)...
  ✗ Batch 744: HTTP 404
Uploading batch 745 (10000 records)...
  ✗ Batch 745: HTTP 404
Uploading batch 746 (10000 records)...
  ✗ Batch 746: HTTP 404
Uploading batch 747 (10000 records)...
  ✗ Batch 747: HTTP 404
Uploading batch 748 (10000 records)...
  ✗ Batch 748: HTTP 404
Uploading batch 749 (10000 records)...
  ✗ Batch 749: HTTP 404
Uploading batch 750 (10000 records)...
  ✗ Batch 750: HTTP 404
Uploading batch 751 (10000 records)...
  ✗ Batch 751: HTTP 404
Uploading batch 752 (10000 records)...
  ✗ Batch 752: HTTP 404
Uploading batch 753 (10000 records)...
  ✗ Batch 753: HTTP 404
Uploading batch 754 (10000 records)...
  ✗ Batch 754: HTTP 404
Uploading batch 755 (10000 records)...
  ✗ Batch 755: HTTP 404
Uploading batch 756 (10000 records)...
  ✗ Batch 756: HTTP 404
Uploading batch 757 (10000 records)...
  ✗ Batch 757: HTTP 404
Uploading batch 758 (10000 records)...
  ✗ Batch 758: HTTP 404
Uploading batch 759 (10000 records)...
  ✗ Batch 759: HTTP 404
Uploading batch 760 (10000 records)...
  ✗ Batch 760: HTTP 404
Uploading batch 761 (10000 records)...
  ✗ Batch 761: HTTP 404
Uploading batch 762 (10000 records)...
  ✗ Batch 762: HTTP 404
Uploading batch 763 (10000 records)...
  ✗ Batch 763: HTTP 404
Uploading batch 764 (10000 records)...
  ✗ Batch 764: HTTP 404
Uploading batch 765 (10000 records)...
  ✗ Batch 765: HTTP 404
Uploading batch 766 (10000 records)...
  ✗ Batch 766: HTTP 404
Uploading batch 767 (10000 records)...
  ✗ Batch 767: HTTP 404
Uploading batch 768 (10000 records)...
  ✗ Batch 768: HTTP 404
Uploading batch 769 (10000 records)...
  ✗ Batch 769: HTTP 404
Uploading batch 770 (10000 records)...
  ✗ Batch 770: HTTP 404
Uploading batch 771 (10000 records)...
  ✗ Batch 771: HTTP 404
Uploading batch 772 (10000 records)...
  ✗ Batch 772: HTTP 404
Uploading batch 773 (10000 records)...
  ✗ Batch 773: HTTP 404
Uploading batch 774 (10000 records)...
  ✗ Batch 774: HTTP 404
Uploading batch 775 (10000 records)...
  ✗ Batch 775: HTTP 404
Uploading batch 776 (10000 records)...
  ✗ Batch 776: HTTP 404
Uploading batch 777 (10000 records)...
  ✗ Batch 777: HTTP 404
Uploading batch 778 (10000 records)...
  ✗ Batch 778: HTTP 404
Uploading batch 779 (10000 records)...
  ✗ Batch 779: HTTP 404
Uploading batch 780 (10000 records)...
  ✗ Batch 780: HTTP 404
Uploading batch 781 (10000 records)...
  ✗ Batch 781: HTTP 404
Uploading batch 782 (10000 records)...
  ✗ Batch 782: HTTP 404
Uploading batch 783 (10000 records)...
  ✗ Batch 783: HTTP 404
Uploading batch 784 (10000 records)...
  ✗ Batch 784: HTTP 404
Uploading batch 785 (10000 records)...
  ✗ Batch 785: HTTP 404
Uploading batch 786 (10000 records)...
  ✗ Batch 786: HTTP 404
Uploading batch 787 (10000 records)...
  ✗ Batch 787: HTTP 404
Uploading batch 788 (10000 records)...
  ✗ Batch 788: HTTP 404
Uploading batch 789 (10000 records)...
  ✗ Batch 789: HTTP 404
Uploading batch 790 (10000 records)...
  ✗ Batch 790: HTTP 404
Uploading batch 791 (10000 records)...
  ✗ Batch 791: HTTP 404
Uploading batch 792 (10000 records)...
  ✗ Batch 792: HTTP 404
Uploading batch 793 (10000 records)...
  ✗ Batch 793: HTTP 404
Uploading batch 794 (10000 records)...
  ✗ Batch 794: HTTP 404
Uploading batch 795 (10000 records)...
  ✗ Batch 795: HTTP 404
Uploading batch 796 (10000 records)...
  ✗ Batch 796: HTTP 404
Uploading batch 797 (10000 records)...
  ✗ Batch 797: HTTP 404
Uploading batch 798 (10000 records)...
  ✗ Batch 798: HTTP 404
Uploading batch 799 (10000 records)...
  ✗ Batch 799: HTTP 404
Uploading batch 800 (10000 records)...
  ✗ Batch 800: HTTP 404
Uploading batch 801 (10000 records)...
  ✗ Batch 801: HTTP 404
Uploading batch 802 (10000 records)...
  ✗ Batch 802: HTTP 404
Uploading batch 803 (10000 records)...
  ✗ Batch 803: HTTP 404
Uploading batch 804 (10000 records)...
  ✗ Batch 804: HTTP 404
Uploading batch 805 (10000 records)...
  ✗ Batch 805: HTTP 404
Uploading batch 806 (10000 records)...
  ✗ Batch 806: HTTP 404
Uploading batch 807 (10000 records)...
  ✗ Batch 807: HTTP 404
Uploading batch 808 (10000 records)...
  ✗ Batch 808: HTTP 404
Uploading batch 809 (10000 records)...
  ✗ Batch 809: HTTP 404
Uploading batch 810 (10000 records)...
  ✗ Batch 810: HTTP 404
Uploading batch 811 (10000 records)...
  ✗ Batch 811: HTTP 404
Uploading batch 812 (10000 records)...
  ✗ Batch 812: HTTP 404
Uploading batch 813 (10000 records)...
  ✗ Batch 813: HTTP 404
Uploading batch 814 (10000 records)...
  ✗ Batch 814: HTTP 404
Uploading batch 815 (10000 records)...
  ✗ Batch 815: HTTP 404
Uploading batch 816 (10000 records)...
  ✗ Batch 816: HTTP 404
Uploading batch 817 (10000 records)...
  ✗ Batch 817: HTTP 404
Uploading batch 818 (10000 records)...
  ✗ Batch 818: HTTP 404
Uploading batch 819 (10000 records)...
  ✗ Batch 819: HTTP 404
Uploading batch 820 (10000 records)...
  ✗ Batch 820: HTTP 404
Uploading batch 821 (10000 records)...
  ✗ Batch 821: HTTP 404
Uploading batch 822 (10000 records)...
  ✗ Batch 822: HTTP 404
Uploading batch 823 (10000 records)...
  ✗ Batch 823: HTTP 404
Uploading batch 824 (10000 records)...
  ✗ Batch 824: HTTP 404
Uploading batch 825 (10000 records)...
  ✗ Batch 825: HTTP 404
Uploading batch 826 (10000 records)...
  ✗ Batch 826: HTTP 404
Uploading batch 827 (10000 records)...
  ✗ Batch 827: HTTP 404
Uploading batch 828 (10000 records)...
  ✗ Batch 828: HTTP 404
Uploading batch 829 (10000 records)...
  ✗ Batch 829: HTTP 404
Uploading batch 830 (10000 records)...
  ✗ Batch 830: HTTP 404
Uploading batch 831 (10000 records)...
  ✗ Batch 831: HTTP 404
Uploading batch 832 (10000 records)...
  ✗ Batch 832: HTTP 404
Uploading batch 833 (10000 records)...
  ✗ Batch 833: HTTP 404
Uploading batch 834 (10000 records)...
  ✗ Batch 834: HTTP 404
Uploading batch 835 (10000 records)...
  ✗ Batch 835: HTTP 404
Uploading batch 836 (10000 records)...
  ✗ Batch 836: HTTP 404
Uploading batch 837 (10000 records)...
  ✗ Batch 837: HTTP 404
Uploading batch 838 (10000 records)...
  ✗ Batch 838: HTTP 404
Uploading batch 839 (10000 records)...
  ✗ Batch 839: HTTP 404
Uploading batch 840 (10000 records)...
  ✗ Batch 840: HTTP 404
Uploading batch 841 (10000 records)...
  ✗ Batch 841: HTTP 404
Uploading batch 842 (10000 records)...
  ✗ Batch 842: HTTP 404
Uploading batch 843 (10000 records)...
  ✗ Batch 843: HTTP 404
Uploading batch 844 (10000 records)...
  ✗ Batch 844: HTTP 404
Uploading batch 845 (10000 records)...
  ✗ Batch 845: HTTP 404
Uploading batch 846 (10000 records)...
  ✗ Batch 846: HTTP 404
Uploading batch 847 (10000 records)...
  ✗ Batch 847: HTTP 404
Uploading batch 848 (10000 records)...
  ✗ Batch 848: HTTP 404
Uploading batch 849 (10000 records)...
  ✗ Batch 849: HTTP 404
Uploading batch 850 (10000 records)...
  ✗ Batch 850: HTTP 404
Uploading batch 851 (10000 records)...
  ✗ Batch 851: HTTP 404
Uploading batch 852 (10000 records)...
  ✗ Batch 852: HTTP 404
Uploading batch 853 (10000 records)...
  ✗ Batch 853: HTTP 404
Uploading batch 854 (10000 records)...
  ✗ Batch 854: HTTP 404
Uploading batch 855 (10000 records)...
  ✗ Batch 855: HTTP 404
Uploading batch 856 (10000 records)...
  ✗ Batch 856: HTTP 404
Uploading batch 857 (10000 records)...
  ✗ Batch 857: HTTP 404
Uploading batch 858 (10000 records)...
  ✗ Batch 858: HTTP 404
Uploading batch 859 (10000 records)...
  ✗ Batch 859: HTTP 404
Uploading batch 860 (10000 records)...
  ✗ Batch 860: HTTP 404
Uploading batch 861 (10000 records)...
  ✗ Batch 861: HTTP 404
Uploading batch 862 (10000 records)...
  ✗ Batch 862: HTTP 404
Uploading batch 863 (10000 records)...
  ✗ Batch 863: HTTP 404
Uploading batch 864 (10000 records)...
  ✗ Batch 864: HTTP 404
Uploading batch 865 (10000 records)...
  ✗ Batch 865: HTTP 404
Uploading batch 866 (10000 records)...
  ✗ Batch 866: HTTP 404
Uploading batch 867 (10000 records)...
  ✗ Batch 867: HTTP 404
Uploading batch 868 (10000 records)...
  ✗ Batch 868: HTTP 404
Uploading batch 869 (10000 records)...
  ✗ Batch 869: HTTP 404
Uploading batch 870 (10000 records)...
  ✗ Batch 870: HTTP 404
Uploading batch 871 (10000 records)...
  ✗ Batch 871: HTTP 404
Uploading batch 872 (10000 records)...
  ✗ Batch 872: HTTP 404
Uploading batch 873 (10000 records)...
  ✗ Batch 873: HTTP 404
Uploading batch 874 (10000 records)...
  ✗ Batch 874: HTTP 404
Uploading batch 875 (10000 records)...
  ✗ Batch 875: HTTP 404
Uploading batch 876 (10000 records)...
  ✗ Batch 876: HTTP 404
Uploading batch 877 (10000 records)...
  ✗ Batch 877: HTTP 404
Uploading batch 878 (10000 records)...
  ✗ Batch 878: HTTP 404
Uploading batch 879 (10000 records)...
  ✗ Batch 879: HTTP 404
Uploading batch 880 (10000 records)...
  ✗ Batch 880: HTTP 404
Uploading batch 881 (10000 records)...
  ✗ Batch 881: HTTP 404
Uploading batch 882 (10000 records)...
  ✗ Batch 882: HTTP 404
Uploading batch 883 (10000 records)...
  ✗ Batch 883: HTTP 404
Uploading batch 884 (10000 records)...
  ✗ Batch 884: HTTP 404
Uploading batch 885 (10000 records)...
  ✗ Batch 885: HTTP 404
Uploading batch 886 (10000 records)...
  ✗ Batch 886: HTTP 404
Uploading batch 887 (10000 records)...
  ✗ Batch 887: HTTP 404
Uploading batch 888 (10000 records)...
  ✗ Batch 888: HTTP 404
Uploading batch 889 (10000 records)...
  ✗ Batch 889: HTTP 404
Uploading batch 890 (10000 records)...
  ✗ Batch 890: HTTP 404
Uploading batch 891 (10000 records)...
  ✗ Batch 891: HTTP 404
Uploading batch 892 (10000 records)...
  ✗ Batch 892: HTTP 404
Uploading batch 893 (10000 records)...
  ✗ Batch 893: HTTP 404
Uploading batch 894 (10000 records)...
  ✗ Batch 894: HTTP 404
Uploading batch 895 (10000 records)...
  ✗ Batch 895: HTTP 404
Uploading batch 896 (10000 records)...
  ✗ Batch 896: HTTP 404
Uploading batch 897 (10000 records)...
  ✗ Batch 897: HTTP 404
Uploading batch 898 (10000 records)...
  ✗ Batch 898: HTTP 404
Uploading batch 899 (10000 records)...
  ✗ Batch 899: HTTP 404
Uploading batch 900 (10000 records)...
  ✗ Batch 900: HTTP 404
Uploading batch 901 (10000 records)...
  ✗ Batch 901: HTTP 404
Uploading batch 902 (10000 records)...
  ✗ Batch 902: HTTP 404
Uploading batch 903 (10000 records)...
  ✗ Batch 903: HTTP 404
Uploading batch 904 (10000 records)...
  ✗ Batch 904: HTTP 404
Uploading batch 905 (10000 records)...
  ✗ Batch 905: HTTP 404
Uploading batch 906 (10000 records)...
  ✗ Batch 906: HTTP 404
Uploading batch 907 (10000 records)...
  ✗ Batch 907: HTTP 404
Uploading batch 908 (10000 records)...
  ✗ Batch 908: HTTP 404
Uploading batch 909 (10000 records)...
  ✗ Batch 909: HTTP 404
Uploading batch 910 (10000 records)...
  ✗ Batch 910: HTTP 404
Uploading batch 911 (10000 records)...
  ✗ Batch 911: HTTP 404
Uploading batch 912 (10000 records)...
  ✗ Batch 912: HTTP 404
Uploading batch 913 (10000 records)...
  ✗ Batch 913: HTTP 404
Uploading batch 914 (10000 records)...
  ✗ Batch 914: HTTP 404
Uploading batch 915 (10000 records)...
  ✗ Batch 915: HTTP 404
Uploading batch 916 (10000 records)...
  ✗ Batch 916: HTTP 404
Uploading batch 917 (10000 records)...
  ✗ Batch 917: HTTP 404
Uploading batch 918 (10000 records)...
  ✗ Batch 918: HTTP 404
Uploading batch 919 (10000 records)...
  ✗ Batch 919: HTTP 404
Uploading batch 920 (10000 records)...
  ✗ Batch 920: HTTP 404
Uploading batch 921 (10000 records)...
  ✗ Batch 921: HTTP 404
Uploading batch 922 (10000 records)...
  ✗ Batch 922: HTTP 404
Uploading batch 923 (10000 records)...
  ✗ Batch 923: HTTP 404
Uploading batch 924 (10000 records)...
  ✗ Batch 924: HTTP 404
Uploading batch 925 (10000 records)...
  ✗ Batch 925: HTTP 404
Uploading batch 926 (10000 records)...
  ✗ Batch 926: HTTP 404
Uploading batch 927 (10000 records)...
  ✗ Batch 927: HTTP 404
Uploading batch 928 (10000 records)...
  ✗ Batch 928: HTTP 404
Uploading batch 929 (10000 records)...
  ✗ Batch 929: HTTP 404
Uploading batch 930 (10000 records)...
  ✗ Batch 930: HTTP 404
Uploading batch 931 (10000 records)...
  ✗ Batch 931: HTTP 404
Uploading batch 932 (10000 records)...
  ✗ Batch 932: HTTP 404
Uploading batch 933 (10000 records)...
  ✗ Batch 933: HTTP 404
Uploading batch 934 (10000 records)...
  ✗ Batch 934: HTTP 404
Uploading batch 935 (10000 records)...
  ✗ Batch 935: HTTP 404
Uploading batch 936 (10000 records)...
  ✗ Batch 936: HTTP 404
Uploading batch 937 (10000 records)...
  ✗ Batch 937: HTTP 404
Uploading batch 938 (10000 records)...
  ✗ Batch 938: HTTP 404
Uploading batch 939 (10000 records)...
  ✗ Batch 939: HTTP 404
Uploading batch 940 (10000 records)...
  ✗ Batch 940: HTTP 404
Uploading batch 941 (10000 records)...
  ✗ Batch 941: HTTP 404
Uploading batch 942 (10000 records)...
  ✗ Batch 942: HTTP 404
Uploading batch 943 (10000 records)...
  ✗ Batch 943: HTTP 404
Uploading batch 944 (10000 records)...
  ✗ Batch 944: HTTP 404
Uploading batch 945 (10000 records)...
  ✗ Batch 945: HTTP 404
Uploading batch 946 (10000 records)...
  ✗ Batch 946: HTTP 404
Uploading batch 947 (10000 records)...
  ✗ Batch 947: HTTP 404
Uploading batch 948 (10000 records)...
  ✗ Batch 948: HTTP 404
Uploading batch 949 (10000 records)...
  ✗ Batch 949: HTTP 404
Uploading batch 950 (10000 records)...
  ✗ Batch 950: HTTP 404
Uploading batch 951 (10000 records)...
  ✗ Batch 951: HTTP 404
Uploading batch 952 (10000 records)...
  ✗ Batch 952: HTTP 404
Uploading batch 953 (10000 records)...
  ✗ Batch 953: HTTP 404
Uploading batch 954 (10000 records)...
  ✗ Batch 954: HTTP 404
Uploading batch 955 (10000 records)...
  ✗ Batch 955: HTTP 404
Uploading batch 956 (10000 records)...
  ✗ Batch 956: HTTP 404
Uploading batch 957 (10000 records)...
  ✗ Batch 957: HTTP 404
Uploading batch 958 (10000 records)...
  ✗ Batch 958: HTTP 404
Uploading batch 959 (10000 records)...
  ✗ Batch 959: HTTP 404
Uploading batch 960 (10000 records)...
  ✗ Batch 960: HTTP 404
Uploading batch 961 (10000 records)...
  ✗ Batch 961: HTTP 404
Uploading batch 962 (10000 records)...
  ✗ Batch 962: HTTP 404
Uploading batch 963 (10000 records)...
  ✗ Batch 963: HTTP 404
Uploading batch 964 (10000 records)...
  ✗ Batch 964: HTTP 404
Uploading batch 965 (10000 records)...
  ✗ Batch 965: HTTP 404
Uploading batch 966 (10000 records)...
  ✗ Batch 966: HTTP 404
Uploading batch 967 (10000 records)...
  ✗ Batch 967: HTTP 404
Uploading batch 968 (10000 records)...
  ✗ Batch 968: HTTP 404
Uploading batch 969 (10000 records)...
  ✗ Batch 969: HTTP 404
Uploading batch 970 (10000 records)...
  ✗ Batch 970: HTTP 404
Uploading batch 971 (10000 records)...
  ✗ Batch 971: HTTP 404
Uploading batch 972 (10000 records)...
  ✗ Batch 972: HTTP 404
Uploading batch 973 (10000 records)...
  ✗ Batch 973: HTTP 404
Uploading batch 974 (10000 records)...
  ✗ Batch 974: HTTP 404
Uploading batch 975 (10000 records)...
  ✗ Batch 975: HTTP 404
Uploading batch 976 (10000 records)...
  ✗ Batch 976: HTTP 404
Uploading batch 977 (10000 records)...
  ✗ Batch 977: HTTP 404
Uploading batch 978 (10000 records)...
  ✗ Batch 978: HTTP 404
Uploading batch 979 (10000 records)...
  ✗ Batch 979: HTTP 404
Uploading batch 980 (10000 records)...
  ✗ Batch 980: HTTP 404
Uploading batch 981 (10000 records)...
  ✗ Batch 981: HTTP 404
Uploading batch 982 (10000 records)...
  ✗ Batch 982: HTTP 404
Uploading batch 983 (10000 records)...
  ✗ Batch 983: HTTP 404
Uploading batch 984 (10000 records)...
  ✗ Batch 984: HTTP 404
Uploading batch 985 (10000 records)...
  ✗ Batch 985: HTTP 404
Uploading batch 986 (10000 records)...
  ✗ Batch 986: HTTP 404
Uploading batch 987 (10000 records)...
  ✗ Batch 987: HTTP 404
Uploading batch 988 (10000 records)...
  ✗ Batch 988: HTTP 404
Uploading batch 989 (10000 records)...
  ✗ Batch 989: HTTP 404
Uploading batch 990 (10000 records)...
  ✗ Batch 990: HTTP 404
Uploading batch 991 (10000 records)...
  ✗ Batch 991: HTTP 404
Uploading batch 992 (10000 records)...
  ✗ Batch 992: HTTP 404
Uploading batch 993 (10000 records)...
  ✗ Batch 993: HTTP 404
Uploading batch 994 (10000 records)...
  ✗ Batch 994: HTTP 404
Uploading batch 995 (10000 records)...
  ✗ Batch 995: HTTP 404
Uploading batch 996 (10000 records)...
  ✗ Batch 996: HTTP 404
Uploading batch 997 (10000 records)...
  ✗ Batch 997: HTTP 404
Uploading batch 998 (10000 records)...
  ✗ Batch 998: HTTP 404
Uploading batch 999 (10000 records)...
  ✗ Batch 999: HTTP 404
Uploading batch 1000 (10000 records)...
  ✗ Batch 1000: HTTP 404
Uploading batch 1001 (10000 records)...
  ✗ Batch 1001: HTTP 404
Uploading batch 1002 (10000 records)...
  ✗ Batch 1002: HTTP 404
Uploading batch 1003 (10000 records)...
  ✗ Batch 1003: HTTP 404
Uploading batch 1004 (10000 records)...
  ✗ Batch 1004: HTTP 404
Uploading batch 1005 (10000 records)...
  ✗ Batch 1005: HTTP 404
Uploading batch 1006 (10000 records)...
  ✗ Batch 1006: HTTP 404
Uploading batch 1007 (10000 records)...
  ✗ Batch 1007: HTTP 404
Uploading batch 1008 (10000 records)...
  ✗ Batch 1008: HTTP 404
Uploading batch 1009 (10000 records)...
  ✗ Batch 1009: HTTP 404
Uploading batch 1010 (10000 records)...
  ✗ Batch 1010: HTTP 404
Uploading batch 1011 (10000 records)...
  ✗ Batch 1011: HTTP 404
Uploading batch 1012 (10000 records)...
  ✗ Batch 1012: HTTP 404
Uploading batch 1013 (10000 records)...
  ✗ Batch 1013: HTTP 404
Uploading batch 1014 (10000 records)...
  ✗ Batch 1014: HTTP 404
Uploading batch 1015 (10000 records)...
  ✗ Batch 1015: HTTP 404
Uploading batch 1016 (10000 records)...
  ✗ Batch 1016: HTTP 404
Uploading batch 1017 (10000 records)...
  ✗ Batch 1017: HTTP 404
Uploading batch 1018 (10000 records)...
  ✗ Batch 1018: HTTP 404
Uploading batch 1019 (10000 records)...
  ✗ Batch 1019: HTTP 404
Uploading batch 1020 (10000 records)...
  ✗ Batch 1020: HTTP 404
Uploading batch 1021 (10000 records)...
  ✗ Batch 1021: HTTP 404
Uploading batch 1022 (10000 records)...
  ✗ Batch 1022: HTTP 404
Uploading batch 1023 (10000 records)...
  ✗ Batch 1023: HTTP 404
Uploading batch 1024 (10000 records)...
  ✗ Batch 1024: HTTP 404
Uploading batch 1025 (10000 records)...
  ✗ Batch 1025: HTTP 404
Uploading batch 1026 (10000 records)...
  ✗ Batch 1026: HTTP 404
Uploading batch 1027 (10000 records)...
  ✗ Batch 1027: HTTP 404
Uploading batch 1028 (10000 records)...
  ✗ Batch 1028: HTTP 404
Uploading batch 1029 (10000 records)...
  ✗ Batch 1029: HTTP 404
Uploading batch 1030 (10000 records)...
  ✗ Batch 1030: HTTP 404
Uploading batch 1031 (10000 records)...
  ✗ Batch 1031: HTTP 404
Uploading batch 1032 (10000 records)...
  ✗ Batch 1032: HTTP 404
Uploading batch 1033 (10000 records)...
  ✗ Batch 1033: HTTP 404
Uploading batch 1034 (10000 records)...
  ✗ Batch 1034: HTTP 404
Uploading batch 1035 (10000 records)...
  ✗ Batch 1035: HTTP 404
Uploading batch 1036 (10000 records)...
  ✗ Batch 1036: HTTP 404
Uploading batch 1037 (10000 records)...
  ✗ Batch 1037: HTTP 404
Uploading batch 1038 (10000 records)...
  ✗ Batch 1038: HTTP 404
Uploading batch 1039 (10000 records)...
  ✗ Batch 1039: HTTP 404
Uploading batch 1040 (10000 records)...
  ✗ Batch 1040: HTTP 404
Uploading batch 1041 (10000 records)...
  ✗ Batch 1041: HTTP 404
Uploading batch 1042 (10000 records)...
  ✗ Batch 1042: HTTP 404
Uploading batch 1043 (10000 records)...
  ✗ Batch 1043: HTTP 404
Uploading batch 1044 (10000 records)...
  ✗ Batch 1044: HTTP 404
Uploading batch 1045 (10000 records)...
  ✗ Batch 1045: HTTP 404
Uploading batch 1046 (10000 records)...
  ✗ Batch 1046: HTTP 404
Uploading batch 1047 (10000 records)...
  ✗ Batch 1047: HTTP 404
Uploading batch 1048 (10000 records)...
  ✗ Batch 1048: HTTP 404
Uploading batch 1049 (10000 records)...
  ✗ Batch 1049: HTTP 404
Uploading batch 1050 (10000 records)...
  ✗ Batch 1050: HTTP 404
Uploading batch 1051 (10000 records)...
  ✗ Batch 1051: HTTP 404
Uploading batch 1052 (10000 records)...
  ✗ Batch 1052: HTTP 404
Uploading batch 1053 (10000 records)...
  ✗ Batch 1053: HTTP 404
Uploading batch 1054 (10000 records)...
  ✗ Batch 1054: HTTP 404
Uploading batch 1055 (10000 records)...
  ✗ Batch 1055: HTTP 404
Uploading batch 1056 (10000 records)...
  ✗ Batch 1056: HTTP 404
Uploading batch 1057 (10000 records)...
  ✗ Batch 1057: HTTP 404
Uploading batch 1058 (10000 records)...
  ✗ Batch 1058: HTTP 404
Uploading batch 1059 (10000 records)...
  ✗ Batch 1059: HTTP 404
Uploading batch 1060 (10000 records)...
  ✗ Batch 1060: HTTP 404
Uploading batch 1061 (10000 records)...
  ✗ Batch 1061: HTTP 404
Uploading batch 1062 (10000 records)...
  ✗ Batch 1062: HTTP 404
Uploading batch 1063 (10000 records)...
  ✗ Batch 1063: HTTP 404
Uploading batch 1064 (10000 records)...
  ✗ Batch 1064: HTTP 404
Uploading batch 1065 (10000 records)...
  ✗ Batch 1065: HTTP 404
Uploading batch 1066 (10000 records)...
  ✗ Batch 1066: HTTP 404
Uploading batch 1067 (10000 records)...
  ✗ Batch 1067: HTTP 404
Uploading batch 1068 (10000 records)...
  ✗ Batch 1068: HTTP 404
Uploading batch 1069 (10000 records)...
  ✗ Batch 1069: HTTP 404
Uploading batch 1070 (10000 records)...
  ✗ Batch 1070: HTTP 404
Uploading batch 1071 (10000 records)...
  ✗ Batch 1071: HTTP 404
Uploading batch 1072 (10000 records)...
  ✗ Batch 1072: HTTP 404
Uploading batch 1073 (10000 records)...
  ✗ Batch 1073: HTTP 404
Uploading batch 1074 (10000 records)...
  ✗ Batch 1074: HTTP 404
Uploading batch 1075 (10000 records)...
  ✗ Batch 1075: HTTP 404
Uploading batch 1076 (10000 records)...
  ✗ Batch 1076: HTTP 404
Uploading batch 1077 (10000 records)...
  ✗ Batch 1077: HTTP 404
Uploading batch 1078 (10000 records)...
  ✗ Batch 1078: HTTP 404
Uploading batch 1079 (10000 records)...
  ✗ Batch 1079: HTTP 404
Uploading batch 1080 (10000 records)...
  ✗ Batch 1080: HTTP 404
Uploading batch 1081 (10000 records)...
  ✗ Batch 1081: HTTP 404
Uploading batch 1082 (10000 records)...
  ✗ Batch 1082: HTTP 404
Uploading batch 1083 (10000 records)...
  ✗ Batch 1083: HTTP 404
Uploading batch 1084 (10000 records)...
  ✗ Batch 1084: HTTP 404
Uploading batch 1085 (10000 records)...
  ✗ Batch 1085: HTTP 404
Uploading batch 1086 (10000 records)...
  ✗ Batch 1086: HTTP 404
Uploading batch 1087 (10000 records)...
  ✗ Batch 1087: HTTP 404
Uploading batch 1088 (10000 records)...
  ✗ Batch 1088: HTTP 404
Uploading batch 1089 (10000 records)...
  ✗ Batch 1089: HTTP 404
Uploading batch 1090 (10000 records)...
  ✗ Batch 1090: HTTP 404
Uploading batch 1091 (10000 records)...
  ✗ Batch 1091: HTTP 404
Uploading batch 1092 (10000 records)...
  ✗ Batch 1092: HTTP 404
Uploading batch 1093 (10000 records)...
  ✗ Batch 1093: HTTP 404
Uploading batch 1094 (10000 records)...
  ✗ Batch 1094: HTTP 404
Uploading batch 1095 (10000 records)...
  ✗ Batch 1095: HTTP 404
Uploading batch 1096 (10000 records)...
  ✗ Batch 1096: HTTP 404
Uploading batch 1097 (10000 records)...
  ✗ Batch 1097: HTTP 404
Uploading batch 1098 (10000 records)...
  ✗ Batch 1098: HTTP 404
Uploading batch 1099 (10000 records)...
  ✗ Batch 1099: HTTP 404
Uploading batch 1100 (10000 records)...
  ✗ Batch 1100: HTTP 404
Uploading batch 1101 (10000 records)...
  ✗ Batch 1101: HTTP 404
Uploading batch 1102 (10000 records)...
  ✗ Batch 1102: HTTP 404
Uploading batch 1103 (10000 records)...
  ✗ Batch 1103: HTTP 404
Uploading batch 1104 (10000 records)...
  ✗ Batch 1104: HTTP 404
Uploading batch 1105 (10000 records)...
  ✗ Batch 1105: HTTP 404
Uploading batch 1106 (10000 records)...
  ✗ Batch 1106: HTTP 404
Uploading batch 1107 (10000 records)...
  ✗ Batch 1107: HTTP 404
Uploading batch 1108 (10000 records)...
  ✗ Batch 1108: HTTP 404
Uploading batch 1109 (10000 records)...
  ✗ Batch 1109: HTTP 404
Uploading batch 1110 (10000 records)...
  ✗ Batch 1110: HTTP 404
Uploading batch 1111 (10000 records)...
  ✗ Batch 1111: HTTP 404
Uploading batch 1112 (10000 records)...
  ✗ Batch 1112: HTTP 404
Uploading batch 1113 (10000 records)...
  ✗ Batch 1113: HTTP 404
Uploading batch 1114 (10000 records)...
  ✗ Batch 1114: HTTP 404
Uploading batch 1115 (10000 records)...
  ✗ Batch 1115: HTTP 404
Uploading batch 1116 (10000 records)...
  ✗ Batch 1116: HTTP 404
Uploading batch 1117 (10000 records)...
  ✗ Batch 1117: HTTP 404
Uploading batch 1118 (10000 records)...
  ✗ Batch 1118: HTTP 404
Uploading batch 1119 (10000 records)...
  ✗ Batch 1119: HTTP 404
Uploading batch 1120 (10000 records)...
  ✗ Batch 1120: HTTP 404
Uploading batch 1121 (10000 records)...
  ✗ Batch 1121: HTTP 404
Uploading batch 1122 (10000 records)...
  ✗ Batch 1122: HTTP 404
Uploading batch 1123 (10000 records)...
  ✗ Batch 1123: HTTP 404
Uploading batch 1124 (10000 records)...
  ✗ Batch 1124: HTTP 404
Uploading batch 1125 (10000 records)...
  ✗ Batch 1125: HTTP 404
Uploading batch 1126 (10000 records)...
  ✗ Batch 1126: HTTP 404
Uploading batch 1127 (10000 records)...
  ✗ Batch 1127: HTTP 404
Uploading batch 1128 (10000 records)...
  ✗ Batch 1128: HTTP 404
Uploading batch 1129 (10000 records)...
  ✗ Batch 1129: HTTP 404
Uploading batch 1130 (10000 records)...
  ✗ Batch 1130: HTTP 404
Uploading batch 1131 (10000 records)...
  ✗ Batch 1131: HTTP 404
Uploading batch 1132 (10000 records)...
  ✗ Batch 1132: HTTP 404
Uploading batch 1133 (10000 records)...
  ✗ Batch 1133: HTTP 404
Uploading batch 1134 (10000 records)...
  ✗ Batch 1134: HTTP 404
Uploading batch 1135 (10000 records)...
  ✗ Batch 1135: HTTP 404
Uploading batch 1136 (10000 records)...
  ✗ Batch 1136: HTTP 404
Uploading batch 1137 (10000 records)...
  ✗ Batch 1137: HTTP 404
Uploading batch 1138 (10000 records)...
  ✗ Batch 1138: HTTP 404
Uploading batch 1139 (10000 records)...
  ✗ Batch 1139: HTTP 404
Uploading batch 1140 (10000 records)...
  ✗ Batch 1140: HTTP 404
Uploading batch 1141 (10000 records)...
  ✗ Batch 1141: HTTP 404
Uploading batch 1142 (10000 records)...
  ✗ Batch 1142: HTTP 404
Uploading batch 1143 (10000 records)...
  ✗ Batch 1143: HTTP 404
Uploading batch 1144 (10000 records)...
  ✗ Batch 1144: HTTP 404
Uploading batch 1145 (10000 records)...
  ✗ Batch 1145: HTTP 404
Uploading batch 1146 (10000 records)...
  ✗ Batch 1146: HTTP 404
Uploading batch 1147 (10000 records)...
  ✗ Batch 1147: HTTP 404
Uploading batch 1148 (10000 records)...
  ✗ Batch 1148: HTTP 404
Uploading batch 1149 (10000 records)...
  ✗ Batch 1149: HTTP 404
Uploading batch 1150 (10000 records)...
  ✗ Batch 1150: HTTP 404
Uploading batch 1151 (10000 records)...
  ✗ Batch 1151: HTTP 404
Uploading batch 1152 (10000 records)...
  ✗ Batch 1152: HTTP 404
Uploading batch 1153 (10000 records)...
  ✗ Batch 1153: HTTP 404
Uploading batch 1154 (10000 records)...
  ✗ Batch 1154: HTTP 404
Uploading batch 1155 (10000 records)...
  ✗ Batch 1155: HTTP 404
Uploading batch 1156 (10000 records)...
  ✗ Batch 1156: HTTP 404
Uploading batch 1157 (10000 records)...
  ✗ Batch 1157: HTTP 404
Uploading batch 1158 (10000 records)...
  ✗ Batch 1158: HTTP 404
Uploading batch 1159 (10000 records)...
  ✗ Batch 1159: HTTP 404
Uploading batch 1160 (10000 records)...
  ✗ Batch 1160: HTTP 404
Uploading batch 1161 (10000 records)...
  ✗ Batch 1161: HTTP 404
Uploading batch 1162 (10000 records)...
  ✗ Batch 1162: HTTP 404
Uploading batch 1163 (10000 records)...
  ✗ Batch 1163: HTTP 404
Uploading batch 1164 (10000 records)...
  ✗ Batch 1164: HTTP 404
Uploading batch 1165 (10000 records)...
  ✗ Batch 1165: HTTP 404
Uploading batch 1166 (10000 records)...
  ✗ Batch 1166: HTTP 404
Uploading batch 1167 (10000 records)...
  ✗ Batch 1167: HTTP 404
Uploading batch 1168 (10000 records)...
  ✗ Batch 1168: HTTP 404
Uploading batch 1169 (10000 records)...
  ✗ Batch 1169: HTTP 404
Uploading batch 1170 (10000 records)...
  ✗ Batch 1170: HTTP 404
Uploading batch 1171 (10000 records)...
  ✗ Batch 1171: HTTP 404
Uploading batch 1172 (10000 records)...
  ✗ Batch 1172: HTTP 404
Uploading batch 1173 (10000 records)...
  ✗ Batch 1173: HTTP 404
Uploading batch 1174 (10000 records)...
  ✗ Batch 1174: HTTP 404
Uploading batch 1175 (10000 records)...
  ✗ Batch 1175: HTTP 404
Uploading batch 1176 (10000 records)...
  ✗ Batch 1176: HTTP 404
Uploading batch 1177 (10000 records)...
  ✗ Batch 1177: HTTP 404
Uploading batch 1178 (10000 records)...
  ✗ Batch 1178: HTTP 404
Uploading batch 1179 (10000 records)...
  ✗ Batch 1179: HTTP 404
Uploading batch 1180 (10000 records)...
  ✗ Batch 1180: HTTP 404
Uploading batch 1181 (10000 records)...
  ✗ Batch 1181: HTTP 404
Uploading batch 1182 (10000 records)...
  ✗ Batch 1182: HTTP 404
Uploading batch 1183 (10000 records)...
  ✗ Batch 1183: HTTP 404
Uploading batch 1184 (10000 records)...
  ✗ Batch 1184: HTTP 404
Uploading batch 1185 (10000 records)...
  ✗ Batch 1185: HTTP 404
Uploading batch 1186 (10000 records)...
  ✗ Batch 1186: HTTP 404
Uploading batch 1187 (10000 records)...
  ✗ Batch 1187: HTTP 404
Uploading batch 1188 (10000 records)...
  ✗ Batch 1188: HTTP 404
Uploading batch 1189 (10000 records)...
  ✗ Batch 1189: HTTP 404
Uploading batch 1190 (10000 records)...
  ✗ Batch 1190: HTTP 404
Uploading batch 1191 (10000 records)...
  ✗ Batch 1191: HTTP 404
Uploading batch 1192 (10000 records)...
  ✗ Batch 1192: HTTP 404
Uploading batch 1193 (10000 records)...
  ✗ Batch 1193: HTTP 404
Uploading batch 1194 (10000 records)...
  ✗ Batch 1194: HTTP 404
Uploading batch 1195 (10000 records)...
  ✗ Batch 1195: HTTP 404
Uploading batch 1196 (10000 records)...
  ✗ Batch 1196: HTTP 404
Uploading batch 1197 (10000 records)...
  ✗ Batch 1197: HTTP 404
Uploading batch 1198 (10000 records)...
  ✗ Batch 1198: HTTP 404
Uploading batch 1199 (10000 records)...
  ✗ Batch 1199: HTTP 404
Uploading batch 1200 (10000 records)...
  ✗ Batch 1200: HTTP 404
Uploading batch 1201 (10000 records)...
  ✗ Batch 1201: HTTP 404
Uploading batch 1202 (10000 records)...
  ✗ Batch 1202: HTTP 404
Uploading batch 1203 (10000 records)...
  ✗ Batch 1203: HTTP 404
Uploading batch 1204 (10000 records)...
  ✗ Batch 1204: HTTP 404
Uploading batch 1205 (10000 records)...
  ✗ Batch 1205: HTTP 404
Uploading batch 1206 (10000 records)...
  ✗ Batch 1206: HTTP 404
Uploading batch 1207 (10000 records)...
  ✗ Batch 1207: HTTP 404
Uploading batch 1208 (10000 records)...
  ✗ Batch 1208: HTTP 404
Uploading batch 1209 (10000 records)...
  ✗ Batch 1209: HTTP 404
Uploading batch 1210 (10000 records)...
  ✗ Batch 1210: HTTP 404
Uploading batch 1211 (10000 records)...
  ✗ Batch 1211: HTTP 404
Uploading batch 1212 (10000 records)...
  ✗ Batch 1212: HTTP 404
Uploading batch 1213 (10000 records)...
  ✗ Batch 1213: HTTP 404
Uploading batch 1214 (10000 records)...
  ✗ Batch 1214: HTTP 404
Uploading batch 1215 (10000 records)...
  ✗ Batch 1215: HTTP 404
Uploading batch 1216 (10000 records)...
  ✗ Batch 1216: HTTP 404
Uploading batch 1217 (10000 records)...
  ✗ Batch 1217: HTTP 404
Uploading batch 1218 (10000 records)...
  ✗ Batch 1218: HTTP 404
Uploading batch 1219 (10000 records)...
  ✗ Batch 1219: HTTP 404
Uploading batch 1220 (10000 records)...
  ✗ Batch 1220: HTTP 404
Uploading batch 1221 (10000 records)...
  ✗ Batch 1221: HTTP 404
Uploading batch 1222 (10000 records)...
  ✗ Batch 1222: HTTP 404
Uploading batch 1223 (10000 records)...
  ✗ Batch 1223: HTTP 404
Uploading batch 1224 (10000 records)...
  ✗ Batch 1224: HTTP 404
Uploading batch 1225 (10000 records)...
  ✗ Batch 1225: HTTP 404
Uploading batch 1226 (10000 records)...
  ✗ Batch 1226: HTTP 404
Uploading batch 1227 (10000 records)...
  ✗ Batch 1227: HTTP 404
Uploading batch 1228 (10000 records)...
  ✗ Batch 1228: HTTP 404
Uploading batch 1229 (10000 records)...
  ✗ Batch 1229: HTTP 404
Uploading batch 1230 (10000 records)...
  ✗ Batch 1230: HTTP 404
Uploading batch 1231 (10000 records)...
  ✗ Batch 1231: HTTP 404
Uploading batch 1232 (10000 records)...
  ✗ Batch 1232: HTTP 404
Uploading batch 1233 (10000 records)...
  ✗ Batch 1233: HTTP 404
Uploading batch 1234 (10000 records)...
  ✗ Batch 1234: HTTP 404
Uploading batch 1235 (10000 records)...
  ✗ Batch 1235: HTTP 404
Uploading batch 1236 (10000 records)...
  ✗ Batch 1236: HTTP 404
Uploading batch 1237 (10000 records)...
  ✗ Batch 1237: HTTP 404
Uploading batch 1238 (10000 records)...
  ✗ Batch 1238: HTTP 404
Uploading batch 1239 (10000 records)...
  ✗ Batch 1239: HTTP 404
Uploading batch 1240 (10000 records)...
  ✗ Batch 1240: HTTP 404
Uploading batch 1241 (10000 records)...
  ✗ Batch 1241: HTTP 404
Uploading batch 1242 (10000 records)...
  ✗ Batch 1242: HTTP 404
Uploading batch 1243 (10000 records)...
  ✗ Batch 1243: HTTP 404
Uploading batch 1244 (10000 records)...
  ✗ Batch 1244: HTTP 404
Uploading batch 1245 (10000 records)...
  ✗ Batch 1245: HTTP 404
Uploading batch 1246 (10000 records)...
  ✗ Batch 1246: HTTP 404
Uploading batch 1247 (10000 records)...
  ✗ Batch 1247: HTTP 404
Uploading batch 1248 (10000 records)...
  ✗ Batch 1248: HTTP 404
Uploading batch 1249 (10000 records)...
  ✗ Batch 1249: HTTP 404
Uploading batch 1250 (10000 records)...
  ✗ Batch 1250: HTTP 404
Uploading batch 1251 (10000 records)...
  ✗ Batch 1251: HTTP 404
Uploading batch 1252 (10000 records)...
  ✗ Batch 1252: HTTP 404
Uploading batch 1253 (10000 records)...
  ✗ Batch 1253: HTTP 404
Uploading batch 1254 (10000 records)...
  ✗ Batch 1254: HTTP 404
Uploading batch 1255 (10000 records)...
  ✗ Batch 1255: HTTP 404
Uploading batch 1256 (10000 records)...
  ✗ Batch 1256: HTTP 404
Uploading batch 1257 (10000 records)...
  ✗ Batch 1257: HTTP 404
Uploading batch 1258 (10000 records)...
  ✗ Batch 1258: HTTP 404
Uploading batch 1259 (10000 records)...
  ✗ Batch 1259: HTTP 404
Uploading batch 1260 (10000 records)...
  ✗ Batch 1260: HTTP 404
Uploading batch 1261 (10000 records)...
  ✗ Batch 1261: HTTP 404
Uploading batch 1262 (10000 records)...
  ✗ Batch 1262: HTTP 404
Uploading batch 1263 (10000 records)...
  ✗ Batch 1263: HTTP 404
Uploading batch 1264 (10000 records)...
  ✗ Batch 1264: HTTP 404
Uploading batch 1265 (10000 records)...
  ✗ Batch 1265: HTTP 404
Uploading batch 1266 (10000 records)...
  ✗ Batch 1266: HTTP 404
Uploading batch 1267 (10000 records)...
  ✗ Batch 1267: HTTP 404
Uploading batch 1268 (10000 records)...
  ✗ Batch 1268: HTTP 404
Uploading batch 1269 (10000 records)...
  ✗ Batch 1269: HTTP 404
Uploading batch 1270 (10000 records)...
  ✗ Batch 1270: HTTP 404
Uploading batch 1271 (10000 records)...
  ✗ Batch 1271: HTTP 404
Uploading batch 1272 (10000 records)...
  ✗ Batch 1272: HTTP 404
Uploading batch 1273 (10000 records)...
  ✗ Batch 1273: HTTP 404
Uploading batch 1274 (10000 records)...
  ✗ Batch 1274: HTTP 404
Uploading batch 1275 (10000 records)...
  ✗ Batch 1275: HTTP 404
Uploading batch 1276 (10000 records)...
  ✗ Batch 1276: HTTP 404
Uploading batch 1277 (10000 records)...
  ✗ Batch 1277: HTTP 404
Uploading batch 1278 (10000 records)...
  ✗ Batch 1278: HTTP 404
Uploading batch 1279 (10000 records)...
  ✗ Batch 1279: HTTP 404
Uploading batch 1280 (10000 records)...
  ✗ Batch 1280: HTTP 404
Uploading batch 1281 (10000 records)...
  ✗ Batch 1281: HTTP 404
Uploading batch 1282 (10000 records)...
  ✗ Batch 1282: HTTP 404
Uploading batch 1283 (10000 records)...
  ✗ Batch 1283: HTTP 404
Uploading batch 1284 (10000 records)...
  ✗ Batch 1284: HTTP 404
Uploading batch 1285 (10000 records)...
  ✗ Batch 1285: HTTP 404
Uploading batch 1286 (10000 records)...
  ✗ Batch 1286: HTTP 404
Uploading batch 1287 (10000 records)...
  ✗ Batch 1287: HTTP 404
Uploading batch 1288 (10000 records)...
  ✗ Batch 1288: HTTP 404
Uploading batch 1289 (10000 records)...
  ✗ Batch 1289: HTTP 404
Uploading batch 1290 (10000 records)...
  ✗ Batch 1290: HTTP 404
Uploading batch 1291 (10000 records)...
  ✗ Batch 1291: HTTP 404
Uploading batch 1292 (10000 records)...
  ✗ Batch 1292: HTTP 404
Uploading batch 1293 (10000 records)...
  ✗ Batch 1293: HTTP 404
Uploading batch 1294 (10000 records)...
  ✗ Batch 1294: HTTP 404
Uploading batch 1295 (10000 records)...
  ✗ Batch 1295: HTTP 404
Uploading batch 1296 (10000 records)...
  ✗ Batch 1296: HTTP 404
Uploading batch 1297 (10000 records)...
  ✗ Batch 1297: HTTP 404
Uploading batch 1298 (10000 records)...
  ✗ Batch 1298: HTTP 404
Uploading batch 1299 (10000 records)...
  ✗ Batch 1299: HTTP 404
Uploading batch 1300 (10000 records)...
  ✗ Batch 1300: HTTP 404
Uploading batch 1301 (10000 records)...
  ✗ Batch 1301: HTTP 404
Uploading batch 1302 (10000 records)...
  ✗ Batch 1302: HTTP 404
Uploading batch 1303 (10000 records)...
  ✗ Batch 1303: HTTP 404
Uploading batch 1304 (10000 records)...
  ✗ Batch 1304: HTTP 404
Uploading batch 1305 (10000 records)...
  ✗ Batch 1305: HTTP 404
Uploading batch 1306 (10000 records)...
  ✗ Batch 1306: HTTP 404
Uploading batch 1307 (10000 records)...
  ✗ Batch 1307: HTTP 404
Uploading batch 1308 (10000 records)...
  ✗ Batch 1308: HTTP 404
Uploading batch 1309 (10000 records)...
  ✗ Batch 1309: HTTP 404
Uploading batch 1310 (10000 records)...
  ✗ Batch 1310: HTTP 404
Uploading batch 1311 (10000 records)...
  ✗ Batch 1311: HTTP 404
Uploading batch 1312 (10000 records)...
  ✗ Batch 1312: HTTP 404
Uploading batch 1313 (10000 records)...
  ✗ Batch 1313: HTTP 404
Uploading batch 1314 (10000 records)...
  ✗ Batch 1314: HTTP 404
Uploading batch 1315 (10000 records)...
  ✗ Batch 1315: HTTP 404
Uploading batch 1316 (10000 records)...
  ✗ Batch 1316: HTTP 404
Uploading batch 1317 (10000 records)...
  ✗ Batch 1317: HTTP 404
Uploading batch 1318 (10000 records)...
  ✗ Batch 1318: HTTP 404
Uploading batch 1319 (10000 records)...
  ✗ Batch 1319: HTTP 404
Uploading batch 1320 (10000 records)...
