Starting retry at Wed Dec  3 10:56:02 GMT 2025

[1/21] Retrying: CO.csv
  File size: 389M
  Starting upload at Wed Dec  3 10:56:03 GMT 2025...
Reading CSV file: /Users/nykb/Desktop/name_dataset/data/CO.csv
File size: 388.54 MB
Reading CSV file...
Parsing CSV data...
Parsed 17957490 records
Uploading to API...
Splitting into 360 chunks of max 50000 records
Uploading chunk 1/360 (50000 records)...
  ✗ Chunk 1: Error - 
Uploading chunk 2/360 (50000 records)...
  ✗ Chunk 2: Error - 
Uploading chunk 3/360 (50000 records)...
  ✗ Chunk 3: Error - 
Uploading chunk 4/360 (50000 records)...
  ✗ Chunk 4: Error - 
Uploading chunk 5/360 (50000 records)...
  ✗ Chunk 5: Error - 
Uploading chunk 6/360 (50000 records)...
  ✗ Chunk 6: Error - 
Uploading chunk 7/360 (50000 records)...
  ✗ Chunk 7: Error - 
Uploading chunk 8/360 (50000 records)...
  ✗ Chunk 8: Error - 
Uploading chunk 9/360 (50000 records)...
  ✗ Chunk 9: Error - 
Uploading chunk 10/360 (50000 records)...
  ✗ Chunk 10: Error - 
Uploading chunk 11/360 (50000 records)...
  ✗ Chunk 11: Error - 
Uploading chunk 12/360 (50000 records)...
  ✗ Chunk 12: Error - 
Uploading chunk 13/360 (50000 records)...
  ✗ Chunk 13: Error - 
Uploading chunk 14/360 (50000 records)...
  ✗ Chunk 14: Error - 
Uploading chunk 15/360 (50000 records)...
  ✗ Chunk 15: Error - 
Uploading chunk 16/360 (50000 records)...
  ✗ Chunk 16: Error - 
Uploading chunk 17/360 (50000 records)...
  ✗ Chunk 17: Error - 
Uploading chunk 18/360 (50000 records)...
  ✗ Chunk 18: Error - 
Uploading chunk 19/360 (50000 records)...
  ✗ Chunk 19: Error - 
Uploading chunk 20/360 (50000 records)...
  ✗ Chunk 20: Error - 
Uploading chunk 21/360 (50000 records)...
  ✗ Chunk 21: Error - 
Uploading chunk 22/360 (50000 records)...
  ✗ Chunk 22: Error - 
Uploading chunk 23/360 (50000 records)...
  ✗ Chunk 23: Error - 
Uploading chunk 24/360 (50000 records)...
  ✗ Chunk 24: Error - 
Uploading chunk 25/360 (50000 records)...
  ✗ Chunk 25: Error - 
Uploading chunk 26/360 (50000 records)...
  ✗ Chunk 26: Error - 
Uploading chunk 27/360 (50000 records)...
  ✗ Chunk 27: Error - 
Uploading chunk 28/360 (50000 records)...
  ✗ Chunk 28: Error - 
Uploading chunk 29/360 (50000 records)...
  ✗ Chunk 29: Error - 
Uploading chunk 30/360 (50000 records)...
  ✗ Chunk 30: Error - 
Uploading chunk 31/360 (50000 records)...
  ✗ Chunk 31: Error - 
Uploading chunk 32/360 (50000 records)...
  ✗ Chunk 32: Error - 
Uploading chunk 33/360 (50000 records)...
  ✗ Chunk 33: Error - 
Uploading chunk 34/360 (50000 records)...
  ✗ Chunk 34: Error - 
Uploading chunk 35/360 (50000 records)...
  ✗ Chunk 35: Error - 
Uploading chunk 36/360 (50000 records)...
  ✗ Chunk 36: Error - 
Uploading chunk 37/360 (50000 records)...
  ✗ Chunk 37: Error - 
Uploading chunk 38/360 (50000 records)...
  ✗ Chunk 38: Error - 
Uploading chunk 39/360 (50000 records)...
  ✗ Chunk 39: Error - 
Uploading chunk 40/360 (50000 records)...
  ✗ Chunk 40: Error - 
Uploading chunk 41/360 (50000 records)...
  ✗ Chunk 41: Error - 
Uploading chunk 42/360 (50000 records)...
  ✗ Chunk 42: Error - 
Uploading chunk 43/360 (50000 records)...
  ✗ Chunk 43: Error - 
Uploading chunk 44/360 (50000 records)...
  ✗ Chunk 44: Error - 
Uploading chunk 45/360 (50000 records)...
  ✗ Chunk 45: Error - 
Uploading chunk 46/360 (50000 records)...
  ✗ Chunk 46: Error - 
Uploading chunk 47/360 (50000 records)...
  ✗ Chunk 47: Error - 
Uploading chunk 48/360 (50000 records)...
  ✗ Chunk 48: Error - 
Uploading chunk 49/360 (50000 records)...
  ✗ Chunk 49: Error - 
Uploading chunk 50/360 (50000 records)...
  ✗ Chunk 50: Error - 
Uploading chunk 51/360 (50000 records)...
  ✗ Chunk 51: Error - 
Uploading chunk 52/360 (50000 records)...
  ✗ Chunk 52: Error - 
Uploading chunk 53/360 (50000 records)...
  ✗ Chunk 53: Error - 
Uploading chunk 54/360 (50000 records)...
  ✗ Chunk 54: Error - 
Uploading chunk 55/360 (50000 records)...
  ✗ Chunk 55: Error - 
Uploading chunk 56/360 (50000 records)...
  ✗ Chunk 56: Error - 
Uploading chunk 57/360 (50000 records)...
  ✗ Chunk 57: Error - 
Uploading chunk 58/360 (50000 records)...
  ✗ Chunk 58: Error - 
Uploading chunk 59/360 (50000 records)...
  ✗ Chunk 59: Error - 
Uploading chunk 60/360 (50000 records)...
  ✗ Chunk 60: Error - 
Uploading chunk 61/360 (50000 records)...
  ✗ Chunk 61: Error - 
Uploading chunk 62/360 (50000 records)...
  ✗ Chunk 62: Error - 
Uploading chunk 63/360 (50000 records)...
  ✗ Chunk 63: Error - 
Uploading chunk 64/360 (50000 records)...
  ✗ Chunk 64: Error - 
Uploading chunk 65/360 (50000 records)...
  ✗ Chunk 65: Error - 
Uploading chunk 66/360 (50000 records)...
  ✗ Chunk 66: Error - 
Uploading chunk 67/360 (50000 records)...
  ✗ Chunk 67: Error - 
Uploading chunk 68/360 (50000 records)...
  ✗ Chunk 68: Error - 
Uploading chunk 69/360 (50000 records)...
  ✗ Chunk 69: Error - 
Uploading chunk 70/360 (50000 records)...
  ✗ Chunk 70: Error - 
Uploading chunk 71/360 (50000 records)...
  ✗ Chunk 71: Error - 
Uploading chunk 72/360 (50000 records)...
  ✗ Chunk 72: Error - 
Uploading chunk 73/360 (50000 records)...
  ✗ Chunk 73: Error - 
Uploading chunk 74/360 (50000 records)...
  ✗ Chunk 74: Error - 
Uploading chunk 75/360 (50000 records)...
  ✗ Chunk 75: Error - 
Uploading chunk 76/360 (50000 records)...
  ✗ Chunk 76: Error - 
Uploading chunk 77/360 (50000 records)...
  ✗ Chunk 77: Error - 
Uploading chunk 78/360 (50000 records)...
  ✗ Chunk 78: Error - 
Uploading chunk 79/360 (50000 records)...
  ✗ Chunk 79: Error - 
Uploading chunk 80/360 (50000 records)...
  ✗ Chunk 80: Error - 
Uploading chunk 81/360 (50000 records)...
  ✗ Chunk 81: Error - 
Uploading chunk 82/360 (50000 records)...
  ✗ Chunk 82: Error - 
Uploading chunk 83/360 (50000 records)...
  ✗ Chunk 83: Error - 
Uploading chunk 84/360 (50000 records)...
  ✗ Chunk 84: Error - 
Uploading chunk 85/360 (50000 records)...
  ✗ Chunk 85: Error - 
Uploading chunk 86/360 (50000 records)...
  ✗ Chunk 86: Error - 
Uploading chunk 87/360 (50000 records)...
  ✗ Chunk 87: Error - 
Uploading chunk 88/360 (50000 records)...
  ✗ Chunk 88: Error - 
Uploading chunk 89/360 (50000 records)...
  ✗ Chunk 89: Error - 
Uploading chunk 90/360 (50000 records)...
  ✗ Chunk 90: Error - 
Uploading chunk 91/360 (50000 records)...
  ✗ Chunk 91: Error - 
Uploading chunk 92/360 (50000 records)...
  ✗ Chunk 92: Error - 
Uploading chunk 93/360 (50000 records)...
  ✗ Chunk 93: Error - 
Uploading chunk 94/360 (50000 records)...
  ✗ Chunk 94: Error - 
Uploading chunk 95/360 (50000 records)...
  ✗ Chunk 95: Error - 
Uploading chunk 96/360 (50000 records)...
  ✗ Chunk 96: Error - 
Uploading chunk 97/360 (50000 records)...
  ✗ Chunk 97: Error - 
Uploading chunk 98/360 (50000 records)...
  ✗ Chunk 98: Error - 
Uploading chunk 99/360 (50000 records)...
  ✗ Chunk 99: Error - 
Uploading chunk 100/360 (50000 records)...
  ✗ Chunk 100: Error - 
Uploading chunk 101/360 (50000 records)...
  ✗ Chunk 101: Error - 
Uploading chunk 102/360 (50000 records)...
  ✗ Chunk 102: Error - 
Uploading chunk 103/360 (50000 records)...
  ✗ Chunk 103: Error - 
Uploading chunk 104/360 (50000 records)...
  ✗ Chunk 104: Error - 
Uploading chunk 105/360 (50000 records)...
  ✗ Chunk 105: Error - 
Uploading chunk 106/360 (50000 records)...
  ✗ Chunk 106: Error - 
Uploading chunk 107/360 (50000 records)...
  ✗ Chunk 107: Error - 
Uploading chunk 108/360 (50000 records)...
  ✗ Chunk 108: Error - 
Uploading chunk 109/360 (50000 records)...
  ✗ Chunk 109: Error - 
Uploading chunk 110/360 (50000 records)...
  ✗ Chunk 110: Error - 
Uploading chunk 111/360 (50000 records)...
  ✗ Chunk 111: Error - 
Uploading chunk 112/360 (50000 records)...
  ✗ Chunk 112: Error - 
Uploading chunk 113/360 (50000 records)...
  ✗ Chunk 113: Error - 
Uploading chunk 114/360 (50000 records)...
  ✗ Chunk 114: Error - 
Uploading chunk 115/360 (50000 records)...
  ✗ Chunk 115: Error - 
Uploading chunk 116/360 (50000 records)...
  ✗ Chunk 116: Error - 
Uploading chunk 117/360 (50000 records)...
  ✗ Chunk 117: Error - 
Uploading chunk 118/360 (50000 records)...
  ✗ Chunk 118: Error - 
Uploading chunk 119/360 (50000 records)...
  ✗ Chunk 119: Error - 
Uploading chunk 120/360 (50000 records)...
  ✗ Chunk 120: Error - 
Uploading chunk 121/360 (50000 records)...
  ✗ Chunk 121: Error - 
Uploading chunk 122/360 (50000 records)...
  ✗ Chunk 122: Error - 
Uploading chunk 123/360 (50000 records)...
  ✗ Chunk 123: Error - 
Uploading chunk 124/360 (50000 records)...
  ✗ Chunk 124: Error - 
Uploading chunk 125/360 (50000 records)...
  ✗ Chunk 125: Error - 
Uploading chunk 126/360 (50000 records)...
  ✗ Chunk 126: Error - 
Uploading chunk 127/360 (50000 records)...
  ✗ Chunk 127: Error - 
Uploading chunk 128/360 (50000 records)...
  ✗ Chunk 128: Error - 
Uploading chunk 129/360 (50000 records)...
  ✗ Chunk 129: Error - 
Uploading chunk 130/360 (50000 records)...
  ✗ Chunk 130: Error - 
Uploading chunk 131/360 (50000 records)...
  ✗ Chunk 131: Error - 
Uploading chunk 132/360 (50000 records)...
  ✗ Chunk 132: Error - 
Uploading chunk 133/360 (50000 records)...
  ✗ Chunk 133: Error - 
Uploading chunk 134/360 (50000 records)...
  ✗ Chunk 134: Error - 
Uploading chunk 135/360 (50000 records)...
  ✗ Chunk 135: Error - 
Uploading chunk 136/360 (50000 records)...
  ✗ Chunk 136: Error - 
Uploading chunk 137/360 (50000 records)...
  ✗ Chunk 137: Error - 
Uploading chunk 138/360 (50000 records)...
  ✗ Chunk 138: Error - 
Uploading chunk 139/360 (50000 records)...
  ✗ Chunk 139: Error - 
Uploading chunk 140/360 (50000 records)...
  ✗ Chunk 140: Error - 
Uploading chunk 141/360 (50000 records)...
  ✗ Chunk 141: Error - 
Uploading chunk 142/360 (50000 records)...
  ✗ Chunk 142: Error - 
Uploading chunk 143/360 (50000 records)...
  ✗ Chunk 143: Error - 
Uploading chunk 144/360 (50000 records)...
  ✗ Chunk 144: Error - 
Uploading chunk 145/360 (50000 records)...
  ✗ Chunk 145: Error - 
Uploading chunk 146/360 (50000 records)...
  ✗ Chunk 146: Error - 
Uploading chunk 147/360 (50000 records)...
  ✗ Chunk 147: Error - 
Uploading chunk 148/360 (50000 records)...
  ✗ Chunk 148: Error - 
Uploading chunk 149/360 (50000 records)...
  ✗ Chunk 149: Error - 
Uploading chunk 150/360 (50000 records)...
  ✗ Chunk 150: Error - 
Uploading chunk 151/360 (50000 records)...
  ✗ Chunk 151: Error - 
Uploading chunk 152/360 (50000 records)...
  ✗ Chunk 152: Error - 
Uploading chunk 153/360 (50000 records)...
  ✗ Chunk 153: Error - 
Uploading chunk 154/360 (50000 records)...
  ✗ Chunk 154: Error - 
Uploading chunk 155/360 (50000 records)...
  ✗ Chunk 155: Error - 
Uploading chunk 156/360 (50000 records)...
  ✗ Chunk 156: Error - 
Uploading chunk 157/360 (50000 records)...
  ✗ Chunk 157: Error - 
Uploading chunk 158/360 (50000 records)...
  ✗ Chunk 158: Error - 
Uploading chunk 159/360 (50000 records)...
  ✗ Chunk 159: Error - 
Uploading chunk 160/360 (50000 records)...
  ✗ Chunk 160: Error - 
Uploading chunk 161/360 (50000 records)...
  ✗ Chunk 161: Error - 
Uploading chunk 162/360 (50000 records)...
  ✗ Chunk 162: Error - 
Uploading chunk 163/360 (50000 records)...
  ✗ Chunk 163: Error - 
Uploading chunk 164/360 (50000 records)...
  ✗ Chunk 164: Error - 
Uploading chunk 165/360 (50000 records)...
  ✗ Chunk 165: Error - 
Uploading chunk 166/360 (50000 records)...
  ✗ Chunk 166: Error - 
Uploading chunk 167/360 (50000 records)...
  ✗ Chunk 167: Error - 
Uploading chunk 168/360 (50000 records)...
  ✗ Chunk 168: Error - 
Uploading chunk 169/360 (50000 records)...
  ✗ Chunk 169: Error - 
Uploading chunk 170/360 (50000 records)...
  ✗ Chunk 170: Error - 
Uploading chunk 171/360 (50000 records)...
  ✗ Chunk 171: Error - 
Uploading chunk 172/360 (50000 records)...
  ✗ Chunk 172: Error - 
Uploading chunk 173/360 (50000 records)...
  ✗ Chunk 173: Error - 
Uploading chunk 174/360 (50000 records)...
  ✗ Chunk 174: Error - 
Uploading chunk 175/360 (50000 records)...
  ✗ Chunk 175: Error - 
Uploading chunk 176/360 (50000 records)...
  ✗ Chunk 176: Error - 
Uploading chunk 177/360 (50000 records)...
  ✗ Chunk 177: Error - 
Uploading chunk 178/360 (50000 records)...
  ✗ Chunk 178: Error - 
Uploading chunk 179/360 (50000 records)...
  ✗ Chunk 179: Error - 
Uploading chunk 180/360 (50000 records)...
  ✗ Chunk 180: Error - 
Uploading chunk 181/360 (50000 records)...
  ✗ Chunk 181: Error - 
Uploading chunk 182/360 (50000 records)...
  ✗ Chunk 182: Error - 
Uploading chunk 183/360 (50000 records)...
  ✗ Chunk 183: Error - 
Uploading chunk 184/360 (50000 records)...
  ✗ Chunk 184: Error - 
Uploading chunk 185/360 (50000 records)...
  ✗ Chunk 185: Error - 
Uploading chunk 186/360 (50000 records)...
  ✗ Chunk 186: Error - 
Uploading chunk 187/360 (50000 records)...
  ✗ Chunk 187: Error - 
Uploading chunk 188/360 (50000 records)...
  ✗ Chunk 188: Error - 
Uploading chunk 189/360 (50000 records)...
  ✗ Chunk 189: Error - 
Uploading chunk 190/360 (50000 records)...
  ✗ Chunk 190: Error - 
Uploading chunk 191/360 (50000 records)...
  ✗ Chunk 191: Error - 
Uploading chunk 192/360 (50000 records)...
  ✗ Chunk 192: Error - 
Uploading chunk 193/360 (50000 records)...
  ✗ Chunk 193: Error - 
Uploading chunk 194/360 (50000 records)...
  ✗ Chunk 194: Error - 
Uploading chunk 195/360 (50000 records)...
  ✗ Chunk 195: Error - 
Uploading chunk 196/360 (50000 records)...
  ✗ Chunk 196: Error - 
Uploading chunk 197/360 (50000 records)...
  ✗ Chunk 197: Error - 
Uploading chunk 198/360 (50000 records)...
  ✗ Chunk 198: Error - 
Uploading chunk 199/360 (50000 records)...
  ✗ Chunk 199: Error - 
Uploading chunk 200/360 (50000 records)...
  ✗ Chunk 200: Error - 
Uploading chunk 201/360 (50000 records)...
  ✗ Chunk 201: Error - 
Uploading chunk 202/360 (50000 records)...
  ✗ Chunk 202: Error - 
Uploading chunk 203/360 (50000 records)...
  ✗ Chunk 203: Error - 
Uploading chunk 204/360 (50000 records)...
  ✗ Chunk 204: Error - 
Uploading chunk 205/360 (50000 records)...
  ✗ Chunk 205: Error - 
Uploading chunk 206/360 (50000 records)...
  ✗ Chunk 206: Error - 
Uploading chunk 207/360 (50000 records)...
  ✗ Chunk 207: Error - 
Uploading chunk 208/360 (50000 records)...
  ✗ Chunk 208: Error - 
Uploading chunk 209/360 (50000 records)...
  ✗ Chunk 209: Error - 
Uploading chunk 210/360 (50000 records)...
  ✗ Chunk 210: Error - 
Uploading chunk 211/360 (50000 records)...
  ✗ Chunk 211: Error - 
Uploading chunk 212/360 (50000 records)...
  ✗ Chunk 212: Error - 
Uploading chunk 213/360 (50000 records)...
  ✗ Chunk 213: Error - 
Uploading chunk 214/360 (50000 records)...
  ✗ Chunk 214: Error - 
Uploading chunk 215/360 (50000 records)...
  ✗ Chunk 215: Error - 
Uploading chunk 216/360 (50000 records)...
  ✗ Chunk 216: Error - 
Uploading chunk 217/360 (50000 records)...
  ✗ Chunk 217: Error - 
Uploading chunk 218/360 (50000 records)...
  ✗ Chunk 218: Error - 
Uploading chunk 219/360 (50000 records)...
  ✗ Chunk 219: Error - 
Uploading chunk 220/360 (50000 records)...
  ✗ Chunk 220: Error - 
Uploading chunk 221/360 (50000 records)...
  ✗ Chunk 221: Error - 
Uploading chunk 222/360 (50000 records)...
  ✗ Chunk 222: Error - 
Uploading chunk 223/360 (50000 records)...
  ✗ Chunk 223: Error - 
Uploading chunk 224/360 (50000 records)...
  ✗ Chunk 224: Error - 
Uploading chunk 225/360 (50000 records)...
  ✗ Chunk 225: Error - 
Uploading chunk 226/360 (50000 records)...
  ✗ Chunk 226: Error - 
Uploading chunk 227/360 (50000 records)...
  ✗ Chunk 227: Error - 
Uploading chunk 228/360 (50000 records)...
  ✗ Chunk 228: Error - 
Uploading chunk 229/360 (50000 records)...
  ✗ Chunk 229: Error - 
Uploading chunk 230/360 (50000 records)...
  ✗ Chunk 230: Error - 
Uploading chunk 231/360 (50000 records)...
  ✗ Chunk 231: Error - 
Uploading chunk 232/360 (50000 records)...
  ✗ Chunk 232: Error - 
Uploading chunk 233/360 (50000 records)...
  ✗ Chunk 233: Error - 
Uploading chunk 234/360 (50000 records)...
  ✗ Chunk 234: Error - 
Uploading chunk 235/360 (50000 records)...
  ✗ Chunk 235: Error - 
Uploading chunk 236/360 (50000 records)...
  ✗ Chunk 236: Error - 
Uploading chunk 237/360 (50000 records)...
  ✗ Chunk 237: Error - 
Uploading chunk 238/360 (50000 records)...
  ✗ Chunk 238: Error - 
Uploading chunk 239/360 (50000 records)...
  ✗ Chunk 239: Error - 
Uploading chunk 240/360 (50000 records)...
  ✗ Chunk 240: Error - 
Uploading chunk 241/360 (50000 records)...
  ✗ Chunk 241: Error - 
Uploading chunk 242/360 (50000 records)...
  ✗ Chunk 242: Error - 
Uploading chunk 243/360 (50000 records)...
  ✗ Chunk 243: Error - 
Uploading chunk 244/360 (50000 records)...
  ✗ Chunk 244: Error - 
Uploading chunk 245/360 (50000 records)...
  ✗ Chunk 245: Error - 
Uploading chunk 246/360 (50000 records)...
  ✗ Chunk 246: Error - 
Uploading chunk 247/360 (50000 records)...
  ✗ Chunk 247: Error - 
Uploading chunk 248/360 (50000 records)...
  ✗ Chunk 248: Error - 
Uploading chunk 249/360 (50000 records)...
  ✗ Chunk 249: Error - 
Uploading chunk 250/360 (50000 records)...
  ✗ Chunk 250: Error - 
Uploading chunk 251/360 (50000 records)...
  ✗ Chunk 251: Error - 
Uploading chunk 252/360 (50000 records)...
  ✗ Chunk 252: Error - 
Uploading chunk 253/360 (50000 records)...
  ✗ Chunk 253: Error - 
Uploading chunk 254/360 (50000 records)...
  ✗ Chunk 254: Error - 
Uploading chunk 255/360 (50000 records)...
  ✗ Chunk 255: Error - 
Uploading chunk 256/360 (50000 records)...
  ✗ Chunk 256: Error - 
Uploading chunk 257/360 (50000 records)...
  ✗ Chunk 257: Error - 
Uploading chunk 258/360 (50000 records)...
  ✗ Chunk 258: Error - 
Uploading chunk 259/360 (50000 records)...
  ✗ Chunk 259: Error - 
Uploading chunk 260/360 (50000 records)...
  ✗ Chunk 260: Error - 
Uploading chunk 261/360 (50000 records)...
  ✗ Chunk 261: Error - 
Uploading chunk 262/360 (50000 records)...
  ✗ Chunk 262: Error - 
Uploading chunk 263/360 (50000 records)...
  ✗ Chunk 263: Error - 
Uploading chunk 264/360 (50000 records)...
  ✗ Chunk 264: Error - 
Uploading chunk 265/360 (50000 records)...
  ✗ Chunk 265: Error - 
Uploading chunk 266/360 (50000 records)...
  ✗ Chunk 266: Error - 
Uploading chunk 267/360 (50000 records)...
  ✗ Chunk 267: Error - 
Uploading chunk 268/360 (50000 records)...
  ✗ Chunk 268: Error - 
Uploading chunk 269/360 (50000 records)...
  ✗ Chunk 269: Error - 
Uploading chunk 270/360 (50000 records)...
  ✗ Chunk 270: Error - 
Uploading chunk 271/360 (50000 records)...
  ✗ Chunk 271: Error - 
Uploading chunk 272/360 (50000 records)...
  ✗ Chunk 272: Error - 
Uploading chunk 273/360 (50000 records)...
  ✗ Chunk 273: Error - 
Uploading chunk 274/360 (50000 records)...
  ✗ Chunk 274: Error - 
Uploading chunk 275/360 (50000 records)...
  ✗ Chunk 275: Error - 
Uploading chunk 276/360 (50000 records)...
  ✗ Chunk 276: Error - 
Uploading chunk 277/360 (50000 records)...
  ✗ Chunk 277: Error - 
Uploading chunk 278/360 (50000 records)...
  ✗ Chunk 278: Error - 
Uploading chunk 279/360 (50000 records)...
  ✗ Chunk 279: Error - 
Uploading chunk 280/360 (50000 records)...
  ✗ Chunk 280: Error - 
Uploading chunk 281/360 (50000 records)...
  ✗ Chunk 281: Error - 
Uploading chunk 282/360 (50000 records)...
  ✗ Chunk 282: Error - 
Uploading chunk 283/360 (50000 records)...
  ✗ Chunk 283: Error - 
Uploading chunk 284/360 (50000 records)...
  ✗ Chunk 284: Error - 
Uploading chunk 285/360 (50000 records)...
  ✗ Chunk 285: Error - 
Uploading chunk 286/360 (50000 records)...
  ✗ Chunk 286: Error - 
Uploading chunk 287/360 (50000 records)...
  ✗ Chunk 287: Error - 
Uploading chunk 288/360 (50000 records)...
  ✗ Chunk 288: Error - 
Uploading chunk 289/360 (50000 records)...
  ✗ Chunk 289: Error - 
Uploading chunk 290/360 (50000 records)...
  ✗ Chunk 290: Error - 
Uploading chunk 291/360 (50000 records)...
  ✗ Chunk 291: Error - 
Uploading chunk 292/360 (50000 records)...
  ✗ Chunk 292: Error - 
Uploading chunk 293/360 (50000 records)...
  ✗ Chunk 293: Error - 
Uploading chunk 294/360 (50000 records)...
  ✗ Chunk 294: Error - 
Uploading chunk 295/360 (50000 records)...
  ✗ Chunk 295: Error - 
Uploading chunk 296/360 (50000 records)...
  ✗ Chunk 296: Error - 
Uploading chunk 297/360 (50000 records)...
  ✗ Chunk 297: Error - 
Uploading chunk 298/360 (50000 records)...
  ✗ Chunk 298: Error - 
Uploading chunk 299/360 (50000 records)...
  ✗ Chunk 299: Error - 
Uploading chunk 300/360 (50000 records)...
  ✗ Chunk 300: Error - 
Uploading chunk 301/360 (50000 records)...
  ✗ Chunk 301: Error - 
Uploading chunk 302/360 (50000 records)...
  ✗ Chunk 302: Error - 
Uploading chunk 303/360 (50000 records)...
  ✗ Chunk 303: Error - 
Uploading chunk 304/360 (50000 records)...
  ✗ Chunk 304: Error - 
Uploading chunk 305/360 (50000 records)...
  ✗ Chunk 305: Error - 
Uploading chunk 306/360 (50000 records)...
  ✗ Chunk 306: Error - 
Uploading chunk 307/360 (50000 records)...
  ✗ Chunk 307: Error - 
Uploading chunk 308/360 (50000 records)...
  ✗ Chunk 308: Error - 
Uploading chunk 309/360 (50000 records)...
  ✗ Chunk 309: Error - 
Uploading chunk 310/360 (50000 records)...
  ✗ Chunk 310: Error - 
Uploading chunk 311/360 (50000 records)...
  ✗ Chunk 311: Error - 
Uploading chunk 312/360 (50000 records)...
  ✗ Chunk 312: Error - 
Uploading chunk 313/360 (50000 records)...
  ✗ Chunk 313: Error - 
Uploading chunk 314/360 (50000 records)...
  ✗ Chunk 314: Error - 
Uploading chunk 315/360 (50000 records)...
  ✗ Chunk 315: Error - 
Uploading chunk 316/360 (50000 records)...
  ✗ Chunk 316: Error - 
Uploading chunk 317/360 (50000 records)...
  ✗ Chunk 317: Error - 
Uploading chunk 318/360 (50000 records)...
  ✗ Chunk 318: Error - 
Uploading chunk 319/360 (50000 records)...
  ✗ Chunk 319: Error - 
Uploading chunk 320/360 (50000 records)...
  ✗ Chunk 320: Error - 
Uploading chunk 321/360 (50000 records)...
  ✗ Chunk 321: Error - 
Uploading chunk 322/360 (50000 records)...
  ✗ Chunk 322: Error - 
Uploading chunk 323/360 (50000 records)...
  ✗ Chunk 323: Error - 
Uploading chunk 324/360 (50000 records)...
  ✗ Chunk 324: Error - 
Uploading chunk 325/360 (50000 records)...
  ✗ Chunk 325: Error - 
Uploading chunk 326/360 (50000 records)...
  ✗ Chunk 326: Error - 
Uploading chunk 327/360 (50000 records)...
  ✗ Chunk 327: Error - 
Uploading chunk 328/360 (50000 records)...
  ✗ Chunk 328: Error - 
Uploading chunk 329/360 (50000 records)...
  ✗ Chunk 329: Error - 
Uploading chunk 330/360 (50000 records)...
  ✗ Chunk 330: Error - 
Uploading chunk 331/360 (50000 records)...
  ✗ Chunk 331: Error - 
Uploading chunk 332/360 (50000 records)...
  ✗ Chunk 332: Error - 
Uploading chunk 333/360 (50000 records)...
  ✗ Chunk 333: Error - 
Uploading chunk 334/360 (50000 records)...
  ✗ Chunk 334: Error - 
Uploading chunk 335/360 (50000 records)...
  ✗ Chunk 335: Error - 
Uploading chunk 336/360 (50000 records)...
  ✗ Chunk 336: Error - 
Uploading chunk 337/360 (50000 records)...
  ✗ Chunk 337: Error - 
Uploading chunk 338/360 (50000 records)...
  ✗ Chunk 338: Error - 
Uploading chunk 339/360 (50000 records)...
  ✗ Chunk 339: Error - 
Uploading chunk 340/360 (50000 records)...
  ✗ Chunk 340: Error - 
Uploading chunk 341/360 (50000 records)...
  ✗ Chunk 341: Error - 
Uploading chunk 342/360 (50000 records)...
  ✗ Chunk 342: Error - 
Uploading chunk 343/360 (50000 records)...
  ✗ Chunk 343: Error - 
Uploading chunk 344/360 (50000 records)...
  ✗ Chunk 344: Error - 
Uploading chunk 345/360 (50000 records)...
  ✗ Chunk 345: Error - 
Uploading chunk 346/360 (50000 records)...
  ✗ Chunk 346: Error - 
Uploading chunk 347/360 (50000 records)...
  ✗ Chunk 347: Error - 
Uploading chunk 348/360 (50000 records)...
  ✗ Chunk 348: Error - 
Uploading chunk 349/360 (50000 records)...
  ✗ Chunk 349: Error - 
Uploading chunk 350/360 (50000 records)...
  ✗ Chunk 350: Error - 
Uploading chunk 351/360 (50000 records)...
  ✗ Chunk 351: Error - 
Uploading chunk 352/360 (50000 records)...
  ✗ Chunk 352: Error - 
Uploading chunk 353/360 (50000 records)...
  ✗ Chunk 353: Error - 
Uploading chunk 354/360 (50000 records)...
  ✗ Chunk 354: Error - 
Uploading chunk 355/360 (50000 records)...
  ✗ Chunk 355: Error - 
Uploading chunk 356/360 (50000 records)...
  ✗ Chunk 356: Error - 
Uploading chunk 357/360 (50000 records)...
  ✗ Chunk 357: Error - 
Uploading chunk 358/360 (50000 records)...
  ✗ Chunk 358: Error - 
Uploading chunk 359/360 (50000 records)...
  ✗ Chunk 359: Error - 
Uploading chunk 360/360 (7490 records)...
  ✗ Chunk 360: Error - 
HTTP_STATUS:206
{"success":false,"imported":0,"skipped":0,"chunks":360,"failedChunks":[{"chunk":1,"reason":""},{"chunk":2,"reason":""},{"chunk":3,"reason":""},{"chunk":4,"reason":""},{"chunk":5,"reason":""},{"chunk":6,"reason":""},{"chunk":7,"reason":""},{"chunk":8,"reason":""},{"chunk":9,"reason":""},{"chunk":10,"reason":""},{"chunk":11,"reason":""},{"chunk":12,"reason":""},{"chunk":13,"reason":""},{"chunk":14,"reason":""},{"chunk":15,"reason":""},{"chunk":16,"reason":""},{"chunk":17,"reason":""},{"chunk":18,"reason":""},{"chunk":19,"reason":""},{"chunk":20,"reason":""},{"chunk":21,"reason":""},{"chunk":22,"reason":""},{"chunk":23,"reason":""},{"chunk":24,"reason":""},{"chunk":25,"reason":""},{"chunk":26,"reason":""},{"chunk":27,"reason":""},{"chunk":28,"reason":""},{"chunk":29,"reason":""},{"chunk":30,"reason":""},{"chunk":31,"reason":""},{"chunk":32,"reason":""},{"chunk":33,"reason":""},{"chunk":34,"reason":""},{"chunk":35,"reason":""},{"chunk":36,"reason":""},{"chunk":37,"reason":""},{"chunk":38,"reason":""},{"chunk":39,"reason":""},{"chunk":40,"reason":""},{"chunk":41,"reason":""},{"chunk":42,"reason":""},{"chunk":43,"reason":""},{"chunk":44,"reason":""},{"chunk":45,"reason":""},{"chunk":46,"reason":""},{"chunk":47,"reason":""},{"chunk":48,"reason":""},{"chunk":49,"reason":""},{"chunk":50,"reason":""},{"chunk":51,"reason":""},{"chunk":52,"reason":""},{"chunk":53,"reason":""},{"chunk":54,"reason":""},{"chunk":55,"reason":""},{"chunk":56,"reason":""},{"chunk":57,"reason":""},{"chunk":58,"reason":""},{"chunk":59,"reason":""},{"chunk":60,"reason":""},{"chunk":61,"reason":""},{"chunk":62,"reason":""},{"chunk":63,"reason":""},{"chunk":64,"reason":""},{"chunk":65,"reason":""},{"chunk":66,"reason":""},{"chunk":67,"reason":""},{"chunk":68,"reason":""},{"chunk":69,"reason":""},{"chunk":70,"reason":""},{"chunk":71,"reason":""},{"chunk":72,"reason":""},{"chunk":73,"reason":""},{"chunk":74,"reason":""},{"chunk":75,"reason":""},{"chunk":76,"reason":""},{"chunk":77,"reason":""},{"chunk":78,"reason":""},{"chunk":79,"reason":""},{"chunk":80,"reason":""},{"chunk":81,"reason":""},{"chunk":82,"reason":""},{"chunk":83,"reason":""},{"chunk":84,"reason":""},{"chunk":85,"reason":""},{"chunk":86,"reason":""},{"chunk":87,"reason":""},{"chunk":88,"reason":""},{"chunk":89,"reason":""},{"chunk":90,"reason":""},{"chunk":91,"reason":""},{"chunk":92,"reason":""},{"chunk":93,"reason":""},{"chunk":94,"reason":""},{"chunk":95,"reason":""},{"chunk":96,"reason":""},{"chunk":97,"reason":""},{"chunk":98,"reason":""},{"chunk":99,"reason":""},{"chunk":100,"reason":""},{"chunk":101,"reason":""},{"chunk":102,"reason":""},{"chunk":103,"reason":""},{"chunk":104,"reason":""},{"chunk":105,"reason":""},{"chunk":106,"reason":""},{"chunk":107,"reason":""},{"chunk":108,"reason":""},{"chunk":109,"reason":""},{"chunk":110,"reason":""},{"chunk":111,"reason":""},{"chunk":112,"reason":""},{"chunk":113,"reason":""},{"chunk":114,"reason":""},{"chunk":115,"reason":""},{"chunk":116,"reason":""},{"chunk":117,"reason":""},{"chunk":118,"reason":""},{"chunk":119,"reason":""},{"chunk":120,"reason":""},{"chunk":121,"reason":""},{"chunk":122,"reason":""},{"chunk":123,"reason":""},{"chunk":124,"reason":""},{"chunk":125,"reason":""},{"chunk":126,"reason":""},{"chunk":127,"reason":""},{"chunk":128,"reason":""},{"chunk":129,"reason":""},{"chunk":130,"reason":""},{"chunk":131,"reason":""},{"chunk":132,"reason":""},{"chunk":133,"reason":""},{"chunk":134,"reason":""},{"chunk":135,"reason":""},{"chunk":136,"reason":""},{"chunk":137,"reason":""},{"chunk":138,"reason":""},{"chunk":139,"reason":""},{"chunk":140,"reason":""},{"chunk":141,"reason":""},{"chunk":142,"reason":""},{"chunk":143,"reason":""},{"chunk":144,"reason":""},{"chunk":145,"reason":""},{"chunk":146,"reason":""},{"chunk":147,"reason":""},{"chunk":148,"reason":""},{"chunk":149,"reason":""},{"chunk":150,"reason":""},{"chunk":151,"reason":""},{"chunk":152,"reason":""},{"chunk":153,"reason":""},{"chunk":154,"reason":""},{"chunk":155,"reason":""},{"chunk":156,"reason":""},{"chunk":157,"reason":""},{"chunk":158,"reason":""},{"chunk":159,"reason":""},{"chunk":160,"reason":""},{"chunk":161,"reason":""},{"chunk":162,"reason":""},{"chunk":163,"reason":""},{"chunk":164,"reason":""},{"chunk":165,"reason":""},{"chunk":166,"reason":""},{"chunk":167,"reason":""},{"chunk":168,"reason":""},{"chunk":169,"reason":""},{"chunk":170,"reason":""},{"chunk":171,"reason":""},{"chunk":172,"reason":""},{"chunk":173,"reason":""},{"chunk":174,"reason":""},{"chunk":175,"reason":""},{"chunk":176,"reason":""},{"chunk":177,"reason":""},{"chunk":178,"reason":""},{"chunk":179,"reason":""},{"chunk":180,"reason":""},{"chunk":181,"reason":""},{"chunk":182,"reason":""},{"chunk":183,"reason":""},{"chunk":184,"reason":""},{"chunk":185,"reason":""},{"chunk":186,"reason":""},{"chunk":187,"reason":""},{"chunk":188,"reason":""},{"chunk":189,"reason":""},{"chunk":190,"reason":""},{"chunk":191,"reason":""},{"chunk":192,"reason":""},{"chunk":193,"reason":""},{"chunk":194,"reason":""},{"chunk":195,"reason":""},{"chunk":196,"reason":""},{"chunk":197,"reason":""},{"chunk":198,"reason":""},{"chunk":199,"reason":""},{"chunk":200,"reason":""},{"chunk":201,"reason":""},{"chunk":202,"reason":""},{"chunk":203,"reason":""},{"chunk":204,"reason":""},{"chunk":205,"reason":""},{"chunk":206,"reason":""},{"chunk":207,"reason":""},{"chunk":208,"reason":""},{"chunk":209,"reason":""},{"chunk":210,"reason":""},{"chunk":211,"reason":""},{"chunk":212,"reason":""},{"chunk":213,"reason":""},{"chunk":214,"reason":""},{"chunk":215,"reason":""},{"chunk":216,"reason":""},{"chunk":217,"reason":""},{"chunk":218,"reason":""},{"chunk":219,"reason":""},{"chunk":220,"reason":""},{"chunk":221,"reason":""},{"chunk":222,"reason":""},{"chunk":223,"reason":""},{"chunk":224,"reason":""},{"chunk":225,"reason":""},{"chunk":226,"reason":""},{"chunk":227,"reason":""},{"chunk":228,"reason":""},{"chunk":229,"reason":""},{"chunk":230,"reason":""},{"chunk":231,"reason":""},{"chunk":232,"reason":""},{"chunk":233,"reason":""},{"chunk":234,"reason":""},{"chunk":235,"reason":""},{"chunk":236,"reason":""},{"chunk":237,"reason":""},{"chunk":238,"reason":""},{"chunk":239,"reason":""},{"chunk":240,"reason":""},{"chunk":241,"reason":""},{"chunk":242,"reason":""},{"chunk":243,"reason":""},{"chunk":244,"reason":""},{"chunk":245,"reason":""},{"chunk":246,"reason":""},{"chunk":247,"reason":""},{"chunk":248,"reason":""},{"chunk":249,"reason":""},{"chunk":250,"reason":""},{"chunk":251,"reason":""},{"chunk":252,"reason":""},{"chunk":253,"reason":""},{"chunk":254,"reason":""},{"chunk":255,"reason":""},{"chunk":256,"reason":""},{"chunk":257,"reason":""},{"chunk":258,"reason":""},{"chunk":259,"reason":""},{"chunk":260,"reason":""},{"chunk":261,"reason":""},{"chunk":262,"reason":""},{"chunk":263,"reason":""},{"chunk":264,"reason":""},{"chunk":265,"reason":""},{"chunk":266,"reason":""},{"chunk":267,"reason":""},{"chunk":268,"reason":""},{"chunk":269,"reason":""},{"chunk":270,"reason":""},{"chunk":271,"reason":""},{"chunk":272,"reason":""},{"chunk":273,"reason":""},{"chunk":274,"reason":""},{"chunk":275,"reason":""},{"chunk":276,"reason":""},{"chunk":277,"reason":""},{"chunk":278,"reason":""},{"chunk":279,"reason":""},{"chunk":280,"reason":""},{"chunk":281,"reason":""},{"chunk":282,"reason":""},{"chunk":283,"reason":""},{"chunk":284,"reason":""},{"chunk":285,"reason":""},{"chunk":286,"reason":""},{"chunk":287,"reason":""},{"chunk":288,"reason":""},{"chunk":289,"reason":""},{"chunk":290,"reason":""},{"chunk":291,"reason":""},{"chunk":292,"reason":""},{"chunk":293,"reason":""},{"chunk":294,"reason":""},{"chunk":295,"reason":""},{"chunk":296,"reason":""},{"chunk":297,"reason":""},{"chunk":298,"reason":""},{"chunk":299,"reason":""},{"chunk":300,"reason":""},{"chunk":301,"reason":""},{"chunk":302,"reason":""},{"chunk":303,"reason":""},{"chunk":304,"reason":""},{"chunk":305,"reason":""},{"chunk":306,"reason":""},{"chunk":307,"reason":""},{"chunk":308,"reason":""},{"chunk":309,"reason":""},{"chunk":310,"reason":""},{"chunk":311,"reason":""},{"chunk":312,"reason":""},{"chunk":313,"reason":""},{"chunk":314,"reason":""},{"chunk":315,"reason":""},{"chunk":316,"reason":""},{"chunk":317,"reason":""},{"chunk":318,"reason":""},{"chunk":319,"reason":""},{"chunk":320,"reason":""},{"chunk":321,"reason":""},{"chunk":322,"reason":""},{"chunk":323,"reason":""},{"chunk":324,"reason":""},{"chunk":325,"reason":""},{"chunk":326,"reason":""},{"chunk":327,"reason":""},{"chunk":328,"reason":""},{"chunk":329,"reason":""},{"chunk":330,"reason":""},{"chunk":331,"reason":""},{"chunk":332,"reason":""},{"chunk":333,"reason":""},{"chunk":334,"reason":""},{"chunk":335,"reason":""},{"chunk":336,"reason":""},{"chunk":337,"reason":""},{"chunk":338,"reason":""},{"chunk":339,"reason":""},{"chunk":340,"reason":""},{"chunk":341,"reason":""},{"chunk":342,"reason":""},{"chunk":343,"reason":""},{"chunk":344,"reason":""},{"chunk":345,"reason":""},{"chunk":346,"reason":""},{"chunk":347,"reason":""},{"chunk":348,"reason":""},{"chunk":349,"reason":""},{"chunk":350,"reason":""},{"chunk":351,"reason":""},{"chunk":352,"reason":""},{"chunk":353,"reason":""},{"chunk":354,"reason":""},{"chunk":355,"reason":""},{"chunk":356,"reason":""},{"chunk":357,"reason":""},{"chunk":358,"reason":""},{"chunk":359,"reason":""},{"chunk":360,"reason":""}]}
Warning: Some chunks failed to upload
  ✗ Upload failed with exit code 1
  ✗ Upload failed with exit code 1

[2/21] Retrying: EG.csv
  File size: 1.0G
  Starting upload at Wed Dec  3 10:57:21 GMT 2025...
Reading CSV file: /Users/nykb/Desktop/name_dataset/data/EG.csv
File size: 1022.10 MB
Large file detected - using streaming parser...
